

================================================================================
실행 시간: 2025-06-02 17:14:01
Python 버전: 3.10.16 (main, Dec 11 2024, 16:24:50) [GCC 11.2.0]
PyTorch 버전: 2.5.1
CUDA 사용 가능: False
================================================================================
[17:14:01] [INFO] 
============================================================
[17:14:01] [INFO] mobilenet_v3_large 로드 및 분석 시작
[17:14:01] [INFO] ============================================================
[17:14:01] [INFO] 
1. 모델 로드 중...
[17:14:01] [INFO] ✓ mobilenet_v3_large 로드 완료
[17:14:01] [INFO] 
2. 전체 파라미터 분석
[17:14:01] [INFO] 총 파라미터 수: 5,483,032
[17:14:01] [INFO] 학습 가능한 파라미터: 5,483,032
[17:14:01] [INFO] 모델 크기 (MB): 20.92
[17:14:01] [INFO] 
3. Conv2d 레이어 상세 분석
[17:14:01] [INFO] Layer Name                               In     Out    Kernel     Groups   Params    
[17:14:01] [INFO] ------------------------------------------------------------------------------------------
[17:14:01] [INFO] features.0.0                             3      16     (3, 3)     1        432       
[17:14:01] [INFO] features.1.block.0.0                     16     16     (3, 3)     16       144       
[17:14:01] [INFO] features.1.block.1.0                     16     16     (1, 1)     1        256       
[17:14:01] [INFO] features.2.block.0.0                     16     64     (1, 1)     1        1,024     
[17:14:01] [INFO] features.2.block.1.0                     64     64     (3, 3)     64       576       
[17:14:01] [INFO] features.2.block.2.0                     64     24     (1, 1)     1        1,536     
[17:14:01] [INFO] features.3.block.0.0                     24     72     (1, 1)     1        1,728     
[17:14:01] [INFO] features.3.block.1.0                     72     72     (3, 3)     72       648       
[17:14:01] [INFO] features.3.block.2.0                     72     24     (1, 1)     1        1,728     
[17:14:01] [INFO] features.4.block.0.0                     24     72     (1, 1)     1        1,728     
[17:14:01] [INFO] features.4.block.1.0                     72     72     (5, 5)     72       1,800     
[17:14:01] [INFO] features.4.block.2.fc1                   72     24     (1, 1)     1        1,752     
[17:14:01] [INFO] features.4.block.2.fc2                   24     72     (1, 1)     1        1,800     
[17:14:01] [INFO] features.4.block.3.0                     72     40     (1, 1)     1        2,880     
[17:14:01] [INFO] features.5.block.0.0                     40     120    (1, 1)     1        4,800     
[17:14:01] [INFO] features.5.block.1.0                     120    120    (5, 5)     120      3,000     
[17:14:01] [INFO] features.5.block.2.fc1                   120    32     (1, 1)     1        3,872     
[17:14:01] [INFO] features.5.block.2.fc2                   32     120    (1, 1)     1        3,960     
[17:14:01] [INFO] features.5.block.3.0                     120    40     (1, 1)     1        4,800     
[17:14:01] [INFO] features.6.block.0.0                     40     120    (1, 1)     1        4,800     
[17:14:01] [INFO] features.6.block.1.0                     120    120    (5, 5)     120      3,000     
[17:14:01] [INFO] features.6.block.2.fc1                   120    32     (1, 1)     1        3,872     
[17:14:01] [INFO] features.6.block.2.fc2                   32     120    (1, 1)     1        3,960     
[17:14:01] [INFO] features.6.block.3.0                     120    40     (1, 1)     1        4,800     
[17:14:01] [INFO] features.7.block.0.0                     40     240    (1, 1)     1        9,600     
[17:14:01] [INFO] features.7.block.1.0                     240    240    (3, 3)     240      2,160     
[17:14:01] [INFO] features.7.block.2.0                     240    80     (1, 1)     1        19,200    
[17:14:01] [INFO] features.8.block.0.0                     80     200    (1, 1)     1        16,000    
[17:14:01] [INFO] features.8.block.1.0                     200    200    (3, 3)     200      1,800     
[17:14:01] [INFO] features.8.block.2.0                     200    80     (1, 1)     1        16,000    
[17:14:01] [INFO] features.9.block.0.0                     80     184    (1, 1)     1        14,720    
[17:14:01] [INFO] features.9.block.1.0                     184    184    (3, 3)     184      1,656     
[17:14:01] [INFO] features.9.block.2.0                     184    80     (1, 1)     1        14,720    
[17:14:01] [INFO] features.10.block.0.0                    80     184    (1, 1)     1        14,720    
[17:14:01] [INFO] features.10.block.1.0                    184    184    (3, 3)     184      1,656     
[17:14:01] [INFO] features.10.block.2.0                    184    80     (1, 1)     1        14,720    
[17:14:01] [INFO] features.11.block.0.0                    80     480    (1, 1)     1        38,400    
[17:14:01] [INFO] features.11.block.1.0                    480    480    (3, 3)     480      4,320     
[17:14:01] [INFO] features.11.block.2.fc1                  480    120    (1, 1)     1        57,720    
[17:14:01] [INFO] features.11.block.2.fc2                  120    480    (1, 1)     1        58,080    
[17:14:01] [INFO] features.11.block.3.0                    480    112    (1, 1)     1        53,760    
[17:14:01] [INFO] features.12.block.0.0                    112    672    (1, 1)     1        75,264    
[17:14:01] [INFO] features.12.block.1.0                    672    672    (3, 3)     672      6,048     
[17:14:01] [INFO] features.12.block.2.fc1                  672    168    (1, 1)     1        113,064   
[17:14:01] [INFO] features.12.block.2.fc2                  168    672    (1, 1)     1        113,568   
[17:14:01] [INFO] features.12.block.3.0                    672    112    (1, 1)     1        75,264    
[17:14:01] [INFO] features.13.block.0.0                    112    672    (1, 1)     1        75,264    
[17:14:01] [INFO] features.13.block.1.0                    672    672    (5, 5)     672      16,800    
[17:14:01] [INFO] features.13.block.2.fc1                  672    168    (1, 1)     1        113,064   
[17:14:01] [INFO] features.13.block.2.fc2                  168    672    (1, 1)     1        113,568   
[17:14:01] [INFO] features.13.block.3.0                    672    160    (1, 1)     1        107,520   
[17:14:01] [INFO] features.14.block.0.0                    160    960    (1, 1)     1        153,600   
[17:14:01] [INFO] features.14.block.1.0                    960    960    (5, 5)     960      24,000    
[17:14:01] [INFO] features.14.block.2.fc1                  960    240    (1, 1)     1        230,640   
[17:14:01] [INFO] features.14.block.2.fc2                  240    960    (1, 1)     1        231,360   
[17:14:01] [INFO] features.14.block.3.0                    960    160    (1, 1)     1        153,600   
[17:14:01] [INFO] features.15.block.0.0                    160    960    (1, 1)     1        153,600   
[17:14:01] [INFO] features.15.block.1.0                    960    960    (5, 5)     960      24,000    
[17:14:01] [INFO] features.15.block.2.fc1                  960    240    (1, 1)     1        230,640   
[17:14:01] [INFO] features.15.block.2.fc2                  240    960    (1, 1)     1        231,360   
[17:14:01] [INFO] features.15.block.3.0                    960    160    (1, 1)     1        153,600   
[17:14:01] [INFO] features.16.0                            160    960    (1, 1)     1        153,600   
[17:14:01] [INFO] 
총 Conv2d 레이어 수: 62
[17:14:01] [INFO] Conv2d 레이어 총 파라미터: 2,947,552 (53.8%)
[17:14:01] [INFO] 
4. 프루닝 가능한 레이어 분석
[17:14:01] [INFO] 프루닝 가능한 레이어 수: 47
[17:14:01] [INFO] 프루닝 가능한 파라미터: 2,855,944
[17:14:01] [INFO] 
프루닝 가능한 레이어 목록:
[17:14:01] [INFO]   [1] features.0.0 - out_channels: 16, params: 432
[17:14:01] [INFO]   [2] features.1.block.1.0 - out_channels: 16, params: 256
[17:14:01] [INFO]   [3] features.2.block.0.0 - out_channels: 64, params: 1,024
[17:14:01] [INFO]   [4] features.2.block.2.0 - out_channels: 24, params: 1,536
[17:14:01] [INFO]   [5] features.3.block.0.0 - out_channels: 72, params: 1,728
[17:14:01] [INFO]   [6] features.3.block.2.0 - out_channels: 24, params: 1,728
[17:14:01] [INFO]   [7] features.4.block.0.0 - out_channels: 72, params: 1,728
[17:14:01] [INFO]   [8] features.4.block.2.fc1 - out_channels: 24, params: 1,752
[17:14:01] [INFO]   [9] features.4.block.2.fc2 - out_channels: 72, params: 1,800
[17:14:01] [INFO]   [10] features.4.block.3.0 - out_channels: 40, params: 2,880
[17:14:01] [INFO]   [11] features.5.block.0.0 - out_channels: 120, params: 4,800
[17:14:01] [INFO]   [12] features.5.block.2.fc1 - out_channels: 32, params: 3,872
[17:14:01] [INFO]   [13] features.5.block.2.fc2 - out_channels: 120, params: 3,960
[17:14:01] [INFO]   [14] features.5.block.3.0 - out_channels: 40, params: 4,800
[17:14:01] [INFO]   [15] features.6.block.0.0 - out_channels: 120, params: 4,800
[17:14:01] [INFO]   [16] features.6.block.2.fc1 - out_channels: 32, params: 3,872
[17:14:01] [INFO]   [17] features.6.block.2.fc2 - out_channels: 120, params: 3,960
[17:14:01] [INFO]   [18] features.6.block.3.0 - out_channels: 40, params: 4,800
[17:14:01] [INFO]   [19] features.7.block.0.0 - out_channels: 240, params: 9,600
[17:14:01] [INFO]   [20] features.7.block.2.0 - out_channels: 80, params: 19,200
[17:14:01] [INFO]   [21] features.8.block.0.0 - out_channels: 200, params: 16,000
[17:14:01] [INFO]   [22] features.8.block.2.0 - out_channels: 80, params: 16,000
[17:14:01] [INFO]   [23] features.9.block.0.0 - out_channels: 184, params: 14,720
[17:14:01] [INFO]   [24] features.9.block.2.0 - out_channels: 80, params: 14,720
[17:14:01] [INFO]   [25] features.10.block.0.0 - out_channels: 184, params: 14,720
[17:14:01] [INFO]   [26] features.10.block.2.0 - out_channels: 80, params: 14,720
[17:14:01] [INFO]   [27] features.11.block.0.0 - out_channels: 480, params: 38,400
[17:14:01] [INFO]   [28] features.11.block.2.fc1 - out_channels: 120, params: 57,720
[17:14:01] [INFO]   [29] features.11.block.2.fc2 - out_channels: 480, params: 58,080
[17:14:01] [INFO]   [30] features.11.block.3.0 - out_channels: 112, params: 53,760
[17:14:01] [INFO]   [31] features.12.block.0.0 - out_channels: 672, params: 75,264
[17:14:01] [INFO]   [32] features.12.block.2.fc1 - out_channels: 168, params: 113,064
[17:14:01] [INFO]   [33] features.12.block.2.fc2 - out_channels: 672, params: 113,568
[17:14:01] [INFO]   [34] features.12.block.3.0 - out_channels: 112, params: 75,264
[17:14:01] [INFO]   [35] features.13.block.0.0 - out_channels: 672, params: 75,264
[17:14:01] [INFO]   [36] features.13.block.2.fc1 - out_channels: 168, params: 113,064
[17:14:01] [INFO]   [37] features.13.block.2.fc2 - out_channels: 672, params: 113,568
[17:14:01] [INFO]   [38] features.13.block.3.0 - out_channels: 160, params: 107,520
[17:14:01] [INFO]   [39] features.14.block.0.0 - out_channels: 960, params: 153,600
[17:14:01] [INFO]   [40] features.14.block.2.fc1 - out_channels: 240, params: 230,640
[17:14:01] [INFO]   [41] features.14.block.2.fc2 - out_channels: 960, params: 231,360
[17:14:01] [INFO]   [42] features.14.block.3.0 - out_channels: 160, params: 153,600
[17:14:01] [INFO]   [43] features.15.block.0.0 - out_channels: 960, params: 153,600
[17:14:01] [INFO]   [44] features.15.block.2.fc1 - out_channels: 240, params: 230,640
[17:14:01] [INFO]   [45] features.15.block.2.fc2 - out_channels: 960, params: 231,360
[17:14:01] [INFO]   [46] features.15.block.3.0 - out_channels: 160, params: 153,600
[17:14:01] [INFO]   [47] features.16.0 - out_channels: 960, params: 153,600
[17:14:01] [INFO] 
5. 레이어 타입별 통계
[17:14:01] [INFO]   Conv2d: 62
[17:14:01] [INFO]   Conv2dNormActivation: 46
[17:14:01] [INFO]   BatchNorm2d: 46
[17:14:01] [INFO]   Hardswish: 21
[17:14:01] [INFO]   ReLU: 19
[17:14:01] [INFO]   Sequential: 17
[17:14:01] [INFO]   InvertedResidual: 15
[17:14:01] [INFO]   AdaptiveAvgPool2d: 9
[17:14:01] [INFO]   SqueezeExcitation: 8
[17:14:01] [INFO]   Hardsigmoid: 8
[17:14:01] [INFO]   Linear: 2
[17:14:01] [INFO] 
6. 분석 요약
[17:14:01] [INFO] 모델: mobilenet_v3_large
[17:14:01] [INFO] 총 레이어 수: 255
[17:14:01] [INFO] 총 파라미터: 5,483,032
[17:14:01] [INFO] 모델 크기: 20.92 MB
[17:14:01] [INFO] Conv2d 레이어: 62개
[17:14:01] [INFO] 프루닝 가능 레이어: 47개
[17:14:01] [INFO] 
✓ 분석 완료!
[17:14:01] [INFO] 로그 파일: /home/minha/raspberrypi/model_load/mobilenet_v3_large_analysis.log
[17:14:01] [INFO] 에러 로그: /home/minha/raspberrypi/model_load/mobilenet_v3_large_errors.log
