

================================================================================
실행 시간: 2025-06-02 20:10:39
Python 버전: 3.10.16 (main, Dec 11 2024, 16:24:50) [GCC 11.2.0]
PyTorch 버전: 2.5.1
CUDA 사용 가능: False
================================================================================
[20:10:39] [INFO] 
============================================================
[20:10:39] [INFO] mobilenet_v2 로드 및 분석 시작
[20:10:39] [INFO] ============================================================
[20:10:39] [INFO] 
1. 모델 로드 중...
[20:10:39] [INFO] ✓ mobilenet_v2 로드 완료
[20:10:39] [INFO] 
2. 전체 파라미터 분석
[20:10:39] [INFO] 총 파라미터 수: 3,504,872
[20:10:39] [INFO] 학습 가능한 파라미터: 3,504,872
[20:10:39] [INFO] 모델 크기 (MB): 13.37
[20:10:39] [INFO] 
3. Conv2d 레이어 상세 분석
[20:10:39] [INFO] Layer Name                               In     Out    Kernel     Groups   Params    
[20:10:39] [INFO] ------------------------------------------------------------------------------------------
[20:10:39] [INFO] features.0.0                             3      32     (3, 3)     1        864       
[20:10:39] [INFO] features.1.conv.0.0                      32     32     (3, 3)     32       288       
[20:10:39] [INFO] features.1.conv.1                        32     16     (1, 1)     1        512       
[20:10:39] [INFO] features.2.conv.0.0                      16     96     (1, 1)     1        1,536     
[20:10:39] [INFO] features.2.conv.1.0                      96     96     (3, 3)     96       864       
[20:10:39] [INFO] features.2.conv.2                        96     24     (1, 1)     1        2,304     
[20:10:39] [INFO] features.3.conv.0.0                      24     144    (1, 1)     1        3,456     
[20:10:39] [INFO] features.3.conv.1.0                      144    144    (3, 3)     144      1,296     
[20:10:39] [INFO] features.3.conv.2                        144    24     (1, 1)     1        3,456     
[20:10:39] [INFO] features.4.conv.0.0                      24     144    (1, 1)     1        3,456     
[20:10:39] [INFO] features.4.conv.1.0                      144    144    (3, 3)     144      1,296     
[20:10:39] [INFO] features.4.conv.2                        144    32     (1, 1)     1        4,608     
[20:10:39] [INFO] features.5.conv.0.0                      32     192    (1, 1)     1        6,144     
[20:10:39] [INFO] features.5.conv.1.0                      192    192    (3, 3)     192      1,728     
[20:10:39] [INFO] features.5.conv.2                        192    32     (1, 1)     1        6,144     
[20:10:39] [INFO] features.6.conv.0.0                      32     192    (1, 1)     1        6,144     
[20:10:39] [INFO] features.6.conv.1.0                      192    192    (3, 3)     192      1,728     
[20:10:39] [INFO] features.6.conv.2                        192    32     (1, 1)     1        6,144     
[20:10:39] [INFO] features.7.conv.0.0                      32     192    (1, 1)     1        6,144     
[20:10:39] [INFO] features.7.conv.1.0                      192    192    (3, 3)     192      1,728     
[20:10:39] [INFO] features.7.conv.2                        192    64     (1, 1)     1        12,288    
[20:10:39] [INFO] features.8.conv.0.0                      64     384    (1, 1)     1        24,576    
[20:10:39] [INFO] features.8.conv.1.0                      384    384    (3, 3)     384      3,456     
[20:10:39] [INFO] features.8.conv.2                        384    64     (1, 1)     1        24,576    
[20:10:39] [INFO] features.9.conv.0.0                      64     384    (1, 1)     1        24,576    
[20:10:39] [INFO] features.9.conv.1.0                      384    384    (3, 3)     384      3,456     
[20:10:39] [INFO] features.9.conv.2                        384    64     (1, 1)     1        24,576    
[20:10:39] [INFO] features.10.conv.0.0                     64     384    (1, 1)     1        24,576    
[20:10:39] [INFO] features.10.conv.1.0                     384    384    (3, 3)     384      3,456     
[20:10:39] [INFO] features.10.conv.2                       384    64     (1, 1)     1        24,576    
[20:10:39] [INFO] features.11.conv.0.0                     64     384    (1, 1)     1        24,576    
[20:10:39] [INFO] features.11.conv.1.0                     384    384    (3, 3)     384      3,456     
[20:10:39] [INFO] features.11.conv.2                       384    96     (1, 1)     1        36,864    
[20:10:39] [INFO] features.12.conv.0.0                     96     576    (1, 1)     1        55,296    
[20:10:39] [INFO] features.12.conv.1.0                     576    576    (3, 3)     576      5,184     
[20:10:39] [INFO] features.12.conv.2                       576    96     (1, 1)     1        55,296    
[20:10:39] [INFO] features.13.conv.0.0                     96     576    (1, 1)     1        55,296    
[20:10:39] [INFO] features.13.conv.1.0                     576    576    (3, 3)     576      5,184     
[20:10:39] [INFO] features.13.conv.2                       576    96     (1, 1)     1        55,296    
[20:10:39] [INFO] features.14.conv.0.0                     96     576    (1, 1)     1        55,296    
[20:10:39] [INFO] features.14.conv.1.0                     576    576    (3, 3)     576      5,184     
[20:10:39] [INFO] features.14.conv.2                       576    160    (1, 1)     1        92,160    
[20:10:39] [INFO] features.15.conv.0.0                     160    960    (1, 1)     1        153,600   
[20:10:39] [INFO] features.15.conv.1.0                     960    960    (3, 3)     960      8,640     
[20:10:39] [INFO] features.15.conv.2                       960    160    (1, 1)     1        153,600   
[20:10:39] [INFO] features.16.conv.0.0                     160    960    (1, 1)     1        153,600   
[20:10:39] [INFO] features.16.conv.1.0                     960    960    (3, 3)     960      8,640     
[20:10:39] [INFO] features.16.conv.2                       960    160    (1, 1)     1        153,600   
[20:10:39] [INFO] features.17.conv.0.0                     160    960    (1, 1)     1        153,600   
[20:10:39] [INFO] features.17.conv.1.0                     960    960    (3, 3)     960      8,640     
[20:10:39] [INFO] features.17.conv.2                       960    320    (1, 1)     1        307,200   
[20:10:39] [INFO] features.18.0                            320    1280   (1, 1)     1        409,600   
[20:10:39] [INFO] 
총 Conv2d 레이어 수: 52
[20:10:39] [INFO] Conv2d 레이어 총 파라미터: 2,189,760 (62.5%)
[20:10:39] [INFO] 
4. 프루닝 가능한 레이어 분석
[20:10:39] [INFO] 프루닝 가능한 레이어 수: 35
[20:10:39] [INFO] 프루닝 가능한 파라미터: 2,125,536
[20:10:39] [INFO] 
프루닝 가능한 레이어 목록:
[20:10:39] [INFO]   [1] features.0.0 - out_channels: 32, params: 864
[20:10:39] [INFO]   [2] features.1.conv.1 - out_channels: 16, params: 512
[20:10:39] [INFO]   [3] features.2.conv.0.0 - out_channels: 96, params: 1,536
[20:10:39] [INFO]   [4] features.2.conv.2 - out_channels: 24, params: 2,304
[20:10:39] [INFO]   [5] features.3.conv.0.0 - out_channels: 144, params: 3,456
[20:10:39] [INFO]   [6] features.3.conv.2 - out_channels: 24, params: 3,456
[20:10:39] [INFO]   [7] features.4.conv.0.0 - out_channels: 144, params: 3,456
[20:10:39] [INFO]   [8] features.4.conv.2 - out_channels: 32, params: 4,608
[20:10:39] [INFO]   [9] features.5.conv.0.0 - out_channels: 192, params: 6,144
[20:10:39] [INFO]   [10] features.5.conv.2 - out_channels: 32, params: 6,144
[20:10:39] [INFO]   [11] features.6.conv.0.0 - out_channels: 192, params: 6,144
[20:10:39] [INFO]   [12] features.6.conv.2 - out_channels: 32, params: 6,144
[20:10:39] [INFO]   [13] features.7.conv.0.0 - out_channels: 192, params: 6,144
[20:10:39] [INFO]   [14] features.7.conv.2 - out_channels: 64, params: 12,288
[20:10:39] [INFO]   [15] features.8.conv.0.0 - out_channels: 384, params: 24,576
[20:10:39] [INFO]   [16] features.8.conv.2 - out_channels: 64, params: 24,576
[20:10:39] [INFO]   [17] features.9.conv.0.0 - out_channels: 384, params: 24,576
[20:10:39] [INFO]   [18] features.9.conv.2 - out_channels: 64, params: 24,576
[20:10:39] [INFO]   [19] features.10.conv.0.0 - out_channels: 384, params: 24,576
[20:10:39] [INFO]   [20] features.10.conv.2 - out_channels: 64, params: 24,576
[20:10:39] [INFO]   [21] features.11.conv.0.0 - out_channels: 384, params: 24,576
[20:10:39] [INFO]   [22] features.11.conv.2 - out_channels: 96, params: 36,864
[20:10:39] [INFO]   [23] features.12.conv.0.0 - out_channels: 576, params: 55,296
[20:10:39] [INFO]   [24] features.12.conv.2 - out_channels: 96, params: 55,296
[20:10:39] [INFO]   [25] features.13.conv.0.0 - out_channels: 576, params: 55,296
[20:10:39] [INFO]   [26] features.13.conv.2 - out_channels: 96, params: 55,296
[20:10:39] [INFO]   [27] features.14.conv.0.0 - out_channels: 576, params: 55,296
[20:10:39] [INFO]   [28] features.14.conv.2 - out_channels: 160, params: 92,160
[20:10:39] [INFO]   [29] features.15.conv.0.0 - out_channels: 960, params: 153,600
[20:10:39] [INFO]   [30] features.15.conv.2 - out_channels: 160, params: 153,600
[20:10:39] [INFO]   [31] features.16.conv.0.0 - out_channels: 960, params: 153,600
[20:10:39] [INFO]   [32] features.16.conv.2 - out_channels: 160, params: 153,600
[20:10:39] [INFO]   [33] features.17.conv.0.0 - out_channels: 960, params: 153,600
[20:10:39] [INFO]   [34] features.17.conv.2 - out_channels: 320, params: 307,200
[20:10:39] [INFO]   [35] features.18.0 - out_channels: 1280, params: 409,600
[20:10:39] [INFO] 
5. 레이어 타입별 통계
[20:10:39] [INFO]   Conv2d: 52
[20:10:39] [INFO]   BatchNorm2d: 52
[20:10:39] [INFO]   Conv2dNormActivation: 35
[20:10:39] [INFO]   ReLU6: 35
[20:10:39] [INFO]   Sequential: 19
[20:10:39] [INFO]   InvertedResidual: 17
[20:10:39] [INFO] 
6. 분석 요약
[20:10:39] [INFO] 모델: mobilenet_v2
[20:10:39] [INFO] 총 레이어 수: 213
[20:10:39] [INFO] 총 파라미터: 3,504,872
[20:10:39] [INFO] 모델 크기: 13.37 MB
[20:10:39] [INFO] Conv2d 레이어: 52개
[20:10:39] [INFO] 프루닝 가능 레이어: 35개
[20:10:39] [INFO] 
✓ 분석 완료!
[20:10:39] [INFO] 로그 파일: /home/minha/raspberrypi/model_load/mobilenet_v2_analysis.log
[20:10:39] [INFO] 에러 로그: /home/minha/raspberrypi/model_load/mobilenet_v2_errors.log
