[2025-06-03 22:17:24,188] [INFO] ============================================================
[2025-06-03 22:17:24,188] [INFO] 양자화 로거 초기화
[2025-06-03 22:17:24,188] [INFO] 로그 디렉토리: quantization_results/mobilenet_v2_20250603_221724
[2025-06-03 22:17:24,188] [INFO] ============================================================
[2025-06-03 22:17:24,189] [INFO] MobileNetQuantization 초기화: mobilenet_v2
[2025-06-03 22:17:24,189] [INFO] PyTorch 버전: 2.4.0
[2025-06-03 22:17:24,189] [INFO] 모델 로드 중: mobilenet_v2
[2025-06-03 22:17:24,425] [INFO] 모델 아키텍처: mobilenet_v2
[2025-06-03 22:17:24,426] [INFO] 파라미터 수: 3,504,872
[2025-06-03 22:17:24,426] [INFO] 모델 로드 성공
[2025-06-03 22:17:24,427] [INFO] ============================================================
[2025-06-03 22:17:24,427] [INFO] 데이터 로더 준비 시작
[2025-06-03 22:17:24,906] [INFO] 학습 데이터: 100000 샘플
[2025-06-03 22:17:24,907] [INFO] 검증 데이터: 50000 샘플
[2025-06-03 22:17:24,909] [INFO] 클래스 수: 1000
[2025-06-03 22:17:24,909] [INFO] 원본 모델 평가 시작...
[2025-06-03 22:19:08,478] [INFO] 원본 모델 평가 완료 - 정확도: 86.69%
[2025-06-03 22:19:08,479] [INFO] 성공한 배치: 100, 실패한 배치: 0
[2025-06-03 22:19:08,581] [INFO] 모델 크기: 13.60 MB
[2025-06-03 22:19:08,581] [INFO] 추론 시간 측정 시작...
[2025-06-03 22:19:11,121] [INFO] 평균 추론 시간: 227.37 ms
[2025-06-03 22:19:11,621] [INFO] 양자화 모델 평가 시작...
[2025-06-03 22:22:37,278] [INFO] 양자화 모델 평가 완료 - 정확도: 86.75%
[2025-06-03 22:22:37,278] [INFO] 성공한 배치: 100, 실패한 배치: 0
[2025-06-03 22:22:37,356] [INFO] 모델 크기: 9.94 MB
[2025-06-03 22:22:37,357] [INFO] 추론 시간 측정 시작...
[2025-06-03 22:22:38,622] [INFO] 평균 추론 시간: 97.71 ms
[2025-06-03 22:22:38,626] [INFO] 
=== 결과 저장 중 ===
[2025-06-03 22:22:38,717] [INFO] 양자화 모델 저장: quantization_results/mobilenet_v2_20250603_221724/mobilenet_v2_quantized_dynamic.pth
[2025-06-03 22:22:38,717] [INFO] 결과 데이터 저장: quantization_results/mobilenet_v2_20250603_221724/quantization_results.json
[2025-06-03 22:22:38,718] [INFO] 요약 저장: quantization_results/mobilenet_v2_20250603_221724/summary.txt
[2025-06-03 22:22:39,138] [INFO] 결과 그래프 저장 완료
