[2025-06-03 21:50:00,628] [INFO] ============================================================
[2025-06-03 21:50:00,628] [INFO] 양자화 로거 초기화
[2025-06-03 21:50:00,628] [INFO] 로그 디렉토리: quantization_results/mobilenet_v3_small_20250603_215000
[2025-06-03 21:50:00,628] [INFO] ============================================================
[2025-06-03 21:50:00,628] [INFO] MobileNetQuantization 초기화: mobilenet_v3_small
[2025-06-03 21:50:00,628] [INFO] PyTorch 버전: 2.4.0
[2025-06-03 21:50:00,628] [INFO] 모델 로드 중: mobilenet_v3_small
[2025-06-03 21:50:00,777] [INFO] 모델 아키텍처: mobilenet_v3_small
[2025-06-03 21:50:00,778] [INFO] 파라미터 수: 2,542,856
[2025-06-03 21:50:00,779] [INFO] 모델 로드 성공
[2025-06-03 21:50:00,779] [INFO] ============================================================
[2025-06-03 21:50:00,779] [INFO] 데이터 로더 준비 시작
[2025-06-03 21:50:01,861] [INFO] 학습 데이터: 100000 샘플
[2025-06-03 21:50:01,862] [INFO] 검증 데이터: 50000 샘플
[2025-06-03 21:50:01,862] [INFO] 클래스 수: 1000
[2025-06-03 21:50:01,862] [INFO] 원본 모델 평가 시작...
[2025-06-03 21:50:20,435] [INFO] 원본 모델 평가 완료 - 정확도: 83.00%
[2025-06-03 21:50:20,436] [INFO] 성공한 배치: 100, 실패한 배치: 0
[2025-06-03 21:50:20,486] [INFO] 모델 크기: 9.82 MB
[2025-06-03 21:50:20,487] [INFO] 추론 시간 측정 시작...
[2025-06-03 21:50:20,744] [INFO] 평균 추론 시간: 16.21 ms
[2025-06-03 21:50:20,826] [INFO] 양자화 모델 평가 시작...
[2025-06-03 21:51:30,732] [INFO] 양자화 모델 평가 완료 - 정확도: 82.94%
[2025-06-03 21:51:30,733] [INFO] 성공한 배치: 100, 실패한 배치: 0
[2025-06-03 21:51:30,988] [INFO] 모델 크기: 5.21 MB
[2025-06-03 21:51:30,989] [INFO] 추론 시간 측정 시작...
[2025-06-03 21:51:31,520] [INFO] 평균 추론 시간: 40.35 ms
[2025-06-03 21:51:31,524] [INFO] 
=== 결과 저장 중 ===
[2025-06-03 21:51:31,692] [INFO] 양자화 모델 저장: quantization_results/mobilenet_v3_small_20250603_215000/mobilenet_v3_small_quantized_dynamic.pth
[2025-06-03 21:51:31,695] [INFO] 결과 데이터 저장: quantization_results/mobilenet_v3_small_20250603_215000/quantization_results.json
[2025-06-03 21:51:31,696] [INFO] 요약 저장: quantization_results/mobilenet_v3_small_20250603_215000/summary.txt
[2025-06-03 21:51:32,795] [INFO] 결과 그래프 저장 완료
