[2025-06-03 22:23:59,951] [INFO] ============================================================
[2025-06-03 22:23:59,951] [INFO] 양자화 로거 초기화
[2025-06-03 22:23:59,951] [INFO] 로그 디렉토리: quantization_results/mobilenet_v2_20250603_222359
[2025-06-03 22:23:59,951] [INFO] ============================================================
[2025-06-03 22:23:59,951] [INFO] MobileNetQuantization 초기화: mobilenet_v2
[2025-06-03 22:23:59,951] [INFO] PyTorch 버전: 2.4.0
[2025-06-03 22:23:59,951] [INFO] 모델 로드 중: mobilenet_v2
[2025-06-03 22:24:00,116] [INFO] 모델 아키텍처: mobilenet_v2
[2025-06-03 22:24:00,117] [INFO] 파라미터 수: 3,504,872
[2025-06-03 22:24:00,117] [INFO] 모델 로드 성공
[2025-06-03 22:24:00,117] [INFO] ============================================================
[2025-06-03 22:24:00,118] [INFO] 데이터 로더 준비 시작
[2025-06-03 22:24:00,747] [INFO] 학습 데이터: 100000 샘플
[2025-06-03 22:24:00,748] [INFO] 검증 데이터: 50000 샘플
[2025-06-03 22:24:00,748] [INFO] 클래스 수: 1000
[2025-06-03 22:24:00,748] [INFO] 원본 모델 평가 시작...
[2025-06-03 22:28:09,164] [INFO] 원본 모델 평가 완료 - 정확도: 78.94%
[2025-06-03 22:28:09,165] [INFO] 성공한 배치: 200, 실패한 배치: 0
[2025-06-03 22:28:09,254] [INFO] 모델 크기: 13.60 MB
[2025-06-03 22:28:09,254] [INFO] 추론 시간 측정 시작...
[2025-06-03 22:28:11,654] [INFO] 평균 추론 시간: 204.56 ms
[2025-06-03 22:28:12,085] [INFO] 양자화 모델 평가 시작...
[2025-06-03 22:33:56,185] [INFO] 양자화 모델 평가 완료 - 정확도: 79.00%
[2025-06-03 22:33:56,186] [INFO] 성공한 배치: 200, 실패한 배치: 0
[2025-06-03 22:33:56,255] [INFO] 모델 크기: 9.94 MB
[2025-06-03 22:33:56,255] [INFO] 추론 시간 측정 시작...
[2025-06-03 22:33:59,374] [INFO] 평균 추론 시간: 245.13 ms
[2025-06-03 22:33:59,383] [INFO] 
=== 결과 저장 중 ===
[2025-06-03 22:33:59,493] [INFO] 양자화 모델 저장: quantization_results/mobilenet_v2_20250603_222359/mobilenet_v2_quantized_dynamic.pth
[2025-06-03 22:33:59,494] [INFO] 결과 데이터 저장: quantization_results/mobilenet_v2_20250603_222359/quantization_results.json
[2025-06-03 22:33:59,495] [INFO] 요약 저장: quantization_results/mobilenet_v2_20250603_222359/summary.txt
[2025-06-03 22:33:59,975] [INFO] 결과 그래프 저장 완료
