[2025-06-03 22:00:02,280] [INFO] ============================================================
[2025-06-03 22:00:02,280] [INFO] 양자화 로거 초기화
[2025-06-03 22:00:02,280] [INFO] 로그 디렉토리: quantization_results/mobilenet_v3_small_20250603_220002
[2025-06-03 22:00:02,280] [INFO] ============================================================
[2025-06-03 22:00:02,280] [INFO] MobileNetQuantization 초기화: mobilenet_v3_small
[2025-06-03 22:00:02,280] [INFO] PyTorch 버전: 2.4.0
[2025-06-03 22:00:02,280] [INFO] 모델 로드 중: mobilenet_v3_small
[2025-06-03 22:00:02,487] [INFO] 모델 아키텍처: mobilenet_v3_small
[2025-06-03 22:00:02,488] [INFO] 파라미터 수: 2,542,856
[2025-06-03 22:00:02,488] [INFO] 모델 로드 성공
[2025-06-03 22:00:02,488] [INFO] ============================================================
[2025-06-03 22:00:02,488] [INFO] 데이터 로더 준비 시작
[2025-06-03 22:00:02,935] [INFO] 학습 데이터: 100000 샘플
[2025-06-03 22:00:02,936] [INFO] 검증 데이터: 50000 샘플
[2025-06-03 22:00:02,936] [INFO] 클래스 수: 1000
[2025-06-03 22:00:02,936] [INFO] 원본 모델 평가 시작...
[2025-06-03 22:01:29,750] [INFO] 원본 모델 평가 완료 - 정확도: 73.66%
[2025-06-03 22:01:29,750] [INFO] 성공한 배치: 200, 실패한 배치: 0
[2025-06-03 22:01:29,803] [INFO] 모델 크기: 9.82 MB
[2025-06-03 22:01:29,803] [INFO] 추론 시간 측정 시작...
[2025-06-03 22:01:30,146] [INFO] 평균 추론 시간: 22.64 ms
[2025-06-03 22:01:30,258] [INFO] 양자화 모델 평가 시작...
[2025-06-03 22:03:52,087] [INFO] 양자화 모델 평가 완료 - 정확도: 73.47%
[2025-06-03 22:03:52,088] [INFO] 성공한 배치: 200, 실패한 배치: 0
[2025-06-03 22:03:52,553] [INFO] 모델 크기: 5.21 MB
[2025-06-03 22:03:52,554] [INFO] 추론 시간 측정 시작...
[2025-06-03 22:03:54,104] [INFO] 평균 추론 시간: 104.42 ms
[2025-06-03 22:03:54,106] [INFO] 
=== 결과 저장 중 ===
[2025-06-03 22:03:54,236] [INFO] 양자화 모델 저장: quantization_results/mobilenet_v3_small_20250603_220002/mobilenet_v3_small_quantized_dynamic.pth
[2025-06-03 22:03:54,240] [INFO] 결과 데이터 저장: quantization_results/mobilenet_v3_small_20250603_220002/quantization_results.json
[2025-06-03 22:03:54,243] [INFO] 요약 저장: quantization_results/mobilenet_v3_small_20250603_220002/summary.txt
[2025-06-03 22:03:54,938] [INFO] 결과 그래프 저장 완료
