[2025-06-03 22:06:12,636] [INFO] ============================================================
[2025-06-03 22:06:12,636] [INFO] 양자화 로거 초기화
[2025-06-03 22:06:12,636] [INFO] 로그 디렉토리: quantization_results/mobilenet_v3_large_20250603_220612
[2025-06-03 22:06:12,636] [INFO] ============================================================
[2025-06-03 22:06:12,637] [INFO] MobileNetQuantization 초기화: mobilenet_v3_large
[2025-06-03 22:06:12,637] [INFO] PyTorch 버전: 2.4.0
[2025-06-03 22:06:12,637] [INFO] 모델 로드 중: mobilenet_v3_large
[2025-06-03 22:06:12,889] [INFO] 모델 아키텍처: mobilenet_v3_large
[2025-06-03 22:06:12,890] [INFO] 파라미터 수: 5,483,032
[2025-06-03 22:06:12,891] [INFO] 모델 로드 성공
[2025-06-03 22:06:12,891] [INFO] ============================================================
[2025-06-03 22:06:12,891] [INFO] 데이터 로더 준비 시작
[2025-06-03 22:06:13,607] [INFO] 학습 데이터: 100000 샘플
[2025-06-03 22:06:13,608] [INFO] 검증 데이터: 50000 샘플
[2025-06-03 22:06:13,608] [INFO] 클래스 수: 1000
[2025-06-03 22:06:13,608] [INFO] 원본 모델 평가 시작...
[2025-06-03 22:10:04,228] [INFO] 원본 모델 평가 완료 - 정확도: 81.22%
[2025-06-03 22:10:04,229] [INFO] 성공한 배치: 200, 실패한 배치: 0
[2025-06-03 22:10:04,329] [INFO] 모델 크기: 21.11 MB
[2025-06-03 22:10:04,329] [INFO] 추론 시간 측정 시작...
[2025-06-03 22:10:05,848] [INFO] 평균 추론 시간: 126.82 ms
[2025-06-03 22:10:06,104] [INFO] 양자화 모델 평가 시작...
[2025-06-03 22:12:41,706] [INFO] 양자화 모델 평가 완료 - 정확도: 81.19%
[2025-06-03 22:12:41,707] [INFO] 성공한 배치: 200, 실패한 배치: 0
[2025-06-03 22:12:41,803] [INFO] 모델 크기: 13.93 MB
[2025-06-03 22:12:41,803] [INFO] 추론 시간 측정 시작...
[2025-06-03 22:12:42,503] [INFO] 평균 추론 시간: 49.36 ms
[2025-06-03 22:12:42,504] [INFO] 
=== 결과 저장 중 ===
[2025-06-03 22:12:42,600] [INFO] 양자화 모델 저장: quantization_results/mobilenet_v3_large_20250603_220612/mobilenet_v3_large_quantized_dynamic.pth
[2025-06-03 22:12:42,601] [INFO] 결과 데이터 저장: quantization_results/mobilenet_v3_large_20250603_220612/quantization_results.json
[2025-06-03 22:12:42,601] [INFO] 요약 저장: quantization_results/mobilenet_v3_large_20250603_220612/summary.txt
[2025-06-03 22:12:42,969] [INFO] 결과 그래프 저장 완료
