[2025-06-03 20:36:57,906] [INFO] ============================================================
[2025-06-03 20:36:57,907] [INFO] 양자화 로거 초기화
[2025-06-03 20:36:57,907] [INFO] 로그 디렉토리: quantization_results/mobilenet_v3_small_20250603_203657
[2025-06-03 20:36:57,907] [INFO] 메인 로그: quantization_results/mobilenet_v3_small_20250603_203657/quantization_20250603_203657.log
[2025-06-03 20:36:57,907] [INFO] 에러 로그: quantization_results/mobilenet_v3_small_20250603_203657/errors_20250603_203657.log
[2025-06-03 20:36:57,907] [INFO] ============================================================
[2025-06-03 20:36:57,907] [INFO] MobileNetQuantization 초기화: mobilenet_v3_small
[2025-06-03 20:36:57,907] [INFO] 모델 로드 중: mobilenet_v3_small
[2025-06-03 20:36:58,039] [INFO] 모델 아키텍처: mobilenet_v3_small
[2025-06-03 20:36:58,041] [INFO] 파라미터 수: 2,542,856
[2025-06-03 20:36:58,043] [INFO] 모델 로드 성공
[2025-06-03 20:36:58,043] [INFO] ============================================================
[2025-06-03 20:36:58,043] [INFO] 데이터 로더 준비 시작
[2025-06-03 20:36:58,043] [INFO] 학습 데이터 경로: /home/minha/.cache/kagglehub/datasets/tusonggao/imagenet-train-subset-100k/versions/1/imagenet_subtrain
[2025-06-03 20:36:58,043] [INFO] 검증 데이터 경로: /home/minha/.cache/kagglehub/datasets/tusonggao/imagenet-validation-dataset/versions/1/imagenet_validation
[2025-06-03 20:36:58,044] [INFO] 데이터셋 로드 중...
[2025-06-03 20:36:59,418] [INFO] 학습 데이터: 100000 샘플
[2025-06-03 20:36:59,419] [INFO] 검증 데이터: 50000 샘플
[2025-06-03 20:36:59,419] [INFO] 클래스 수: 1000
[2025-06-03 20:36:59,419] [INFO] 배치 크기: 16
[2025-06-03 20:36:59,419] [INFO] 워커 수: 4
[2025-06-03 20:36:59,419] [INFO] 체크포인트 저장: quantization_results/mobilenet_v3_small_20250603_203657/dataset_info.json
[2025-06-03 20:36:59,420] [INFO] 데이터 로더 생성 완료
[2025-06-03 20:36:59,421] [INFO] 양자화 백엔드: fbgemm
[2025-06-03 20:36:59,421] [INFO] 원본 모델 평가 시작...
[2025-06-03 20:37:00,263] [DEBUG] 원본 모델 평가 진행: 0/3125 배치
[2025-06-03 20:38:06,241] [DEBUG] 원본 모델 평가 진행: 100/3125 배치
[2025-06-03 20:38:49,305] [DEBUG] 원본 모델 평가 진행: 200/3125 배치
[2025-06-03 20:39:32,356] [DEBUG] 원본 모델 평가 진행: 300/3125 배치
[2025-06-03 20:40:02,262] [DEBUG] 원본 모델 평가 진행: 400/3125 배치
[2025-06-03 20:41:00,485] [DEBUG] 원본 모델 평가 진행: 500/3125 배치
[2025-06-03 20:41:55,511] [DEBUG] 원본 모델 평가 진행: 600/3125 배치
[2025-06-03 20:42:48,992] [DEBUG] 원본 모델 평가 진행: 700/3125 배치
[2025-06-03 20:43:21,646] [DEBUG] 원본 모델 평가 진행: 800/3125 배치
[2025-06-03 20:44:26,376] [DEBUG] 원본 모델 평가 진행: 900/3125 배치
[2025-06-03 20:45:03,827] [DEBUG] 원본 모델 평가 진행: 1000/3125 배치
[2025-06-03 20:48:32,897] [DEBUG] 원본 모델 평가 진행: 1100/3125 배치
[2025-06-03 20:49:48,171] [DEBUG] 원본 모델 평가 진행: 1200/3125 배치
[2025-06-03 20:50:12,589] [DEBUG] 원본 모델 평가 진행: 1300/3125 배치
[2025-06-03 20:51:15,357] [DEBUG] 원본 모델 평가 진행: 1400/3125 배치
[2025-06-03 20:51:47,262] [DEBUG] 원본 모델 평가 진행: 1500/3125 배치
[2025-06-03 20:52:43,592] [DEBUG] 원본 모델 평가 진행: 1600/3125 배치
[2025-06-03 20:53:42,729] [DEBUG] 원본 모델 평가 진행: 1700/3125 배치
[2025-06-03 20:54:31,229] [DEBUG] 원본 모델 평가 진행: 1800/3125 배치
[2025-06-03 20:55:03,522] [DEBUG] 원본 모델 평가 진행: 1900/3125 배치
[2025-06-03 20:56:14,600] [DEBUG] 원본 모델 평가 진행: 2000/3125 배치
[2025-06-03 20:56:45,783] [DEBUG] 원본 모델 평가 진행: 2100/3125 배치
[2025-06-03 20:57:42,314] [DEBUG] 원본 모델 평가 진행: 2200/3125 배치
[2025-06-03 20:58:20,085] [DEBUG] 원본 모델 평가 진행: 2300/3125 배치
[2025-06-03 20:59:18,543] [DEBUG] 원본 모델 평가 진행: 2400/3125 배치
[2025-06-03 21:00:37,278] [DEBUG] 원본 모델 평가 진행: 2500/3125 배치
[2025-06-03 21:02:01,721] [DEBUG] 원본 모델 평가 진행: 2600/3125 배치
[2025-06-03 21:03:05,017] [DEBUG] 원본 모델 평가 진행: 2700/3125 배치
[2025-06-03 21:04:12,179] [DEBUG] 원본 모델 평가 진행: 2800/3125 배치
[2025-06-03 21:05:09,761] [DEBUG] 원본 모델 평가 진행: 2900/3125 배치
[2025-06-03 21:06:12,948] [DEBUG] 원본 모델 평가 진행: 3000/3125 배치
[2025-06-03 21:06:56,344] [DEBUG] 원본 모델 평가 진행: 3100/3125 배치
[2025-06-03 21:07:17,301] [INFO] 원본 모델 평가 완료 - 정확도: 67.67%
[2025-06-03 21:07:17,336] [INFO] 체크포인트 저장: quantization_results/mobilenet_v3_small_20250603_203657/evaluation_원본_모델_평가.json
[2025-06-03 21:07:17,382] [INFO] 모델 크기: 9.75 MB
[2025-06-03 21:07:17,387] [INFO] 추론 시간 측정 시작...
[2025-06-03 21:07:17,450] [DEBUG] 모델 워밍업 중...
[2025-06-03 21:07:21,381] [DEBUG] 100회 추론 시간 측정 중...
[2025-06-03 21:07:21,627] [DEBUG] 추론 진행: 0/100
[2025-06-03 21:07:24,991] [DEBUG] 추론 진행: 20/100
[2025-06-03 21:07:26,788] [DEBUG] 추론 진행: 40/100
[2025-06-03 21:07:29,617] [DEBUG] 추론 진행: 60/100
[2025-06-03 21:07:31,857] [DEBUG] 추론 진행: 80/100
[2025-06-03 21:07:32,982] [INFO] 평균 추론 시간: 116.00 ms
[2025-06-03 21:07:33,044] [INFO] MobileNetV3 모듈 융합 완료
[2025-06-03 21:10:22,569] [INFO] 양자화 모델 평가 시작...
[2025-06-03 21:10:23,195] [WARNING] 배치 0 - 양자화 관련 오류 발생, 스킵
[2025-06-03 21:10:23,209] [WARNING] 배치 1 - 양자화 관련 오류 발생, 스킵
[2025-06-03 21:10:23,214] [WARNING] 배치 2 - 양자화 관련 오류 발생, 스킵
[2025-06-03 21:10:23,218] [WARNING] 배치 3 - 양자화 관련 오류 발생, 스킵
[2025-06-03 21:10:23,516] [WARNING] 배치 4 - 양자화 관련 오류 발생, 스킵
[2025-06-03 21:10:23,521] [WARNING] 배치 5 - 양자화 관련 오류 발생, 스킵
[2025-06-03 21:10:23,537] [WARNING] 배치 6 - 양자화 관련 오류 발생, 스킵
[2025-06-03 21:10:23,548] [WARNING] 배치 7 - 양자화 관련 오류 발생, 스킵
[2025-06-03 21:10:24,006] [WARNING] 배치 8 - 양자화 관련 오류 발생, 스킵
[2025-06-03 21:10:24,223] [WARNING] 배치 9 - 양자화 관련 오류 발생, 스킵
[2025-06-03 21:10:24,503] [WARNING] 배치 10 - 양자화 관련 오류 발생, 스킵
[2025-06-03 21:10:24,509] [WARNING] 배치 11 - 양자화 관련 오류 발생, 스킵
[2025-06-03 21:10:24,512] [WARNING] 배치 12 - 양자화 관련 오류 발생, 스킵
[2025-06-03 21:10:24,666] [WARNING] 배치 13 - 양자화 관련 오류 발생, 스킵
[2025-06-03 21:10:24,905] [WARNING] 배치 14 - 양자화 관련 오류 발생, 스킵
[2025-06-03 21:10:24,912] [WARNING] 배치 15 - 양자화 관련 오류 발생, 스킵
[2025-06-03 21:10:24,917] [WARNING] 배치 16 - 양자화 관련 오류 발생, 스킵
[2025-06-03 21:10:25,066] [WARNING] 배치 17 - 양자화 관련 오류 발생, 스킵
[2025-06-03 21:10:25,558] [WARNING] 배치 18 - 양자화 관련 오류 발생, 스킵
[2025-06-03 21:10:25,561] [WARNING] 배치 19 - 양자화 관련 오류 발생, 스킵
[2025-06-03 21:10:25,567] [WARNING] 배치 20 - 양자화 관련 오류 발생, 스킵
[2025-06-03 21:10:25,582] [WARNING] 배치 21 - 양자화 관련 오류 발생, 스킵
[2025-06-03 21:10:25,975] [WARNING] 배치 22 - 양자화 관련 오류 발생, 스킵
[2025-06-03 21:10:25,980] [WARNING] 배치 23 - 양자화 관련 오류 발생, 스킵
[2025-06-03 21:10:25,985] [WARNING] 배치 24 - 양자화 관련 오류 발생, 스킵
[2025-06-03 21:10:26,049] [WARNING] 배치 25 - 양자화 관련 오류 발생, 스킵
[2025-06-03 21:10:26,430] [WARNING] 배치 26 - 양자화 관련 오류 발생, 스킵
[2025-06-03 21:10:26,436] [WARNING] 배치 27 - 양자화 관련 오류 발생, 스킵
[2025-06-03 21:10:26,442] [WARNING] 배치 28 - 양자화 관련 오류 발생, 스킵
[2025-06-03 21:10:26,553] [WARNING] 배치 29 - 양자화 관련 오류 발생, 스킵
[2025-06-03 21:10:26,900] [WARNING] 배치 30 - 양자화 관련 오류 발생, 스킵
[2025-06-03 21:10:26,904] [WARNING] 배치 31 - 양자화 관련 오류 발생, 스킵
[2025-06-03 21:10:26,908] [WARNING] 배치 32 - 양자화 관련 오류 발생, 스킵
[2025-06-03 21:10:26,969] [WARNING] 배치 33 - 양자화 관련 오류 발생, 스킵
[2025-06-03 21:10:27,369] [WARNING] 배치 34 - 양자화 관련 오류 발생, 스킵
[2025-06-03 21:10:27,373] [WARNING] 배치 35 - 양자화 관련 오류 발생, 스킵
[2025-06-03 21:10:27,379] [WARNING] 배치 36 - 양자화 관련 오류 발생, 스킵
[2025-06-03 21:10:27,405] [WARNING] 배치 37 - 양자화 관련 오류 발생, 스킵
[2025-06-03 21:10:27,789] [WARNING] 배치 38 - 양자화 관련 오류 발생, 스킵
[2025-06-03 21:10:27,795] [WARNING] 배치 39 - 양자화 관련 오류 발생, 스킵
[2025-06-03 21:10:27,801] [WARNING] 배치 40 - 양자화 관련 오류 발생, 스킵
[2025-06-03 21:10:27,856] [WARNING] 배치 41 - 양자화 관련 오류 발생, 스킵
[2025-06-03 21:10:28,349] [WARNING] 배치 42 - 양자화 관련 오류 발생, 스킵
[2025-06-03 21:10:28,353] [WARNING] 배치 43 - 양자화 관련 오류 발생, 스킵
[2025-06-03 21:10:28,359] [WARNING] 배치 44 - 양자화 관련 오류 발생, 스킵
[2025-06-03 21:10:28,428] [WARNING] 배치 45 - 양자화 관련 오류 발생, 스킵
[2025-06-03 21:10:28,842] [WARNING] 배치 46 - 양자화 관련 오류 발생, 스킵
[2025-06-03 21:10:28,848] [WARNING] 배치 47 - 양자화 관련 오류 발생, 스킵
[2025-06-03 21:10:28,852] [WARNING] 배치 48 - 양자화 관련 오류 발생, 스킵
[2025-06-03 21:10:28,909] [WARNING] 배치 49 - 양자화 관련 오류 발생, 스킵
[2025-06-03 21:10:29,320] [WARNING] 배치 50 - 양자화 관련 오류 발생, 스킵
[2025-06-03 21:10:29,329] [WARNING] 배치 51 - 양자화 관련 오류 발생, 스킵
[2025-06-03 21:10:29,336] [WARNING] 배치 52 - 양자화 관련 오류 발생, 스킵
[2025-06-03 21:10:29,362] [WARNING] 배치 53 - 양자화 관련 오류 발생, 스킵
[2025-06-03 21:10:29,904] [WARNING] 배치 54 - 양자화 관련 오류 발생, 스킵
[2025-06-03 21:10:29,908] [WARNING] 배치 55 - 양자화 관련 오류 발생, 스킵
[2025-06-03 21:10:29,913] [WARNING] 배치 56 - 양자화 관련 오류 발생, 스킵
[2025-06-03 21:10:29,935] [WARNING] 배치 57 - 양자화 관련 오류 발생, 스킵
[2025-06-03 21:10:30,399] [WARNING] 배치 58 - 양자화 관련 오류 발생, 스킵
[2025-06-03 21:10:30,402] [WARNING] 배치 59 - 양자화 관련 오류 발생, 스킵
[2025-06-03 21:10:30,405] [WARNING] 배치 60 - 양자화 관련 오류 발생, 스킵
[2025-06-03 21:10:30,426] [WARNING] 배치 61 - 양자화 관련 오류 발생, 스킵
[2025-06-03 21:10:30,867] [WARNING] 배치 62 - 양자화 관련 오류 발생, 스킵
[2025-06-03 21:10:30,873] [WARNING] 배치 63 - 양자화 관련 오류 발생, 스킵
[2025-06-03 21:10:30,877] [WARNING] 배치 64 - 양자화 관련 오류 발생, 스킵
[2025-06-03 21:10:30,913] [WARNING] 배치 65 - 양자화 관련 오류 발생, 스킵
[2025-06-03 21:10:31,298] [WARNING] 배치 66 - 양자화 관련 오류 발생, 스킵
[2025-06-03 21:10:31,302] [WARNING] 배치 67 - 양자화 관련 오류 발생, 스킵
[2025-06-03 21:10:31,309] [WARNING] 배치 68 - 양자화 관련 오류 발생, 스킵
[2025-06-03 21:10:31,334] [WARNING] 배치 69 - 양자화 관련 오류 발생, 스킵
[2025-06-03 21:10:31,786] [WARNING] 배치 70 - 양자화 관련 오류 발생, 스킵
[2025-06-03 21:10:31,790] [WARNING] 배치 71 - 양자화 관련 오류 발생, 스킵
[2025-06-03 21:10:31,794] [WARNING] 배치 72 - 양자화 관련 오류 발생, 스킵
[2025-06-03 21:10:31,869] [WARNING] 배치 73 - 양자화 관련 오류 발생, 스킵
[2025-06-03 21:10:32,184] [WARNING] 배치 74 - 양자화 관련 오류 발생, 스킵
[2025-06-03 21:10:32,190] [WARNING] 배치 75 - 양자화 관련 오류 발생, 스킵
[2025-06-03 21:10:32,196] [WARNING] 배치 76 - 양자화 관련 오류 발생, 스킵
[2025-06-03 21:10:32,280] [WARNING] 배치 77 - 양자화 관련 오류 발생, 스킵
[2025-06-03 21:10:32,983] [WARNING] 배치 78 - 양자화 관련 오류 발생, 스킵
[2025-06-03 21:10:32,987] [WARNING] 배치 79 - 양자화 관련 오류 발생, 스킵
[2025-06-03 21:10:32,990] [WARNING] 배치 80 - 양자화 관련 오류 발생, 스킵
[2025-06-03 21:10:32,995] [WARNING] 배치 81 - 양자화 관련 오류 발생, 스킵
[2025-06-03 21:10:33,475] [WARNING] 배치 82 - 양자화 관련 오류 발생, 스킵
[2025-06-03 21:10:33,479] [WARNING] 배치 83 - 양자화 관련 오류 발생, 스킵
[2025-06-03 21:10:33,482] [WARNING] 배치 84 - 양자화 관련 오류 발생, 스킵
[2025-06-03 21:10:33,485] [WARNING] 배치 85 - 양자화 관련 오류 발생, 스킵
[2025-06-03 21:10:33,821] [WARNING] 배치 86 - 양자화 관련 오류 발생, 스킵
[2025-06-03 21:10:33,824] [WARNING] 배치 87 - 양자화 관련 오류 발생, 스킵
[2025-06-03 21:10:33,826] [WARNING] 배치 88 - 양자화 관련 오류 발생, 스킵
[2025-06-03 21:10:33,829] [WARNING] 배치 89 - 양자화 관련 오류 발생, 스킵
[2025-06-03 21:10:34,209] [WARNING] 배치 90 - 양자화 관련 오류 발생, 스킵
[2025-06-03 21:10:34,212] [WARNING] 배치 91 - 양자화 관련 오류 발생, 스킵
[2025-06-03 21:10:34,215] [WARNING] 배치 92 - 양자화 관련 오류 발생, 스킵
[2025-06-03 21:10:34,218] [WARNING] 배치 93 - 양자화 관련 오류 발생, 스킵
[2025-06-03 21:10:34,636] [WARNING] 배치 94 - 양자화 관련 오류 발생, 스킵
[2025-06-03 21:10:34,640] [WARNING] 배치 95 - 양자화 관련 오류 발생, 스킵
[2025-06-03 21:10:34,643] [WARNING] 배치 96 - 양자화 관련 오류 발생, 스킵
[2025-06-03 21:10:34,648] [WARNING] 배치 97 - 양자화 관련 오류 발생, 스킵
[2025-06-03 21:10:35,090] [WARNING] 배치 98 - 양자화 관련 오류 발생, 스킵
[2025-06-03 21:10:35,096] [WARNING] 배치 99 - 양자화 관련 오류 발생, 스킵
[2025-06-03 21:10:35,100] [WARNING] 배치 100 - 양자화 관련 오류 발생, 스킵
[2025-06-03 21:10:35,105] [WARNING] 배치 101 - 양자화 관련 오류 발생, 스킵
[2025-06-03 21:10:35,947] [WARNING] 배치 102 - 양자화 관련 오류 발생, 스킵
[2025-06-03 21:10:35,950] [WARNING] 배치 103 - 양자화 관련 오류 발생, 스킵
[2025-06-03 21:10:35,955] [WARNING] 배치 104 - 양자화 관련 오류 발생, 스킵
[2025-06-03 21:10:35,961] [WARNING] 배치 105 - 양자화 관련 오류 발생, 스킵
[2025-06-03 21:10:36,460] [WARNING] 배치 106 - 양자화 관련 오류 발생, 스킵
[2025-06-03 21:10:36,465] [WARNING] 배치 107 - 양자화 관련 오류 발생, 스킵
[2025-06-03 21:10:36,471] [WARNING] 배치 108 - 양자화 관련 오류 발생, 스킵
[2025-06-03 21:10:36,482] [WARNING] 배치 109 - 양자화 관련 오류 발생, 스킵
[2025-06-03 21:10:37,136] [WARNING] 배치 110 - 양자화 관련 오류 발생, 스킵
[2025-06-03 21:10:37,140] [WARNING] 배치 111 - 양자화 관련 오류 발생, 스킵
[2025-06-03 21:10:37,145] [WARNING] 배치 112 - 양자화 관련 오류 발생, 스킵
[2025-06-03 21:10:37,152] [WARNING] 배치 113 - 양자화 관련 오류 발생, 스킵
[2025-06-03 21:10:37,890] [WARNING] 배치 114 - 양자화 관련 오류 발생, 스킵
[2025-06-03 21:10:37,894] [WARNING] 배치 115 - 양자화 관련 오류 발생, 스킵
[2025-06-03 21:10:37,897] [WARNING] 배치 116 - 양자화 관련 오류 발생, 스킵
[2025-06-03 21:10:37,901] [WARNING] 배치 117 - 양자화 관련 오류 발생, 스킵
[2025-06-03 21:10:38,338] [WARNING] 배치 118 - 양자화 관련 오류 발생, 스킵
[2025-06-03 21:10:38,341] [WARNING] 배치 119 - 양자화 관련 오류 발생, 스킵
[2025-06-03 21:10:38,347] [WARNING] 배치 120 - 양자화 관련 오류 발생, 스킵
[2025-06-03 21:10:38,350] [WARNING] 배치 121 - 양자화 관련 오류 발생, 스킵
[2025-06-03 21:10:38,964] [WARNING] 배치 122 - 양자화 관련 오류 발생, 스킵
[2025-06-03 21:10:38,970] [WARNING] 배치 123 - 양자화 관련 오류 발생, 스킵
[2025-06-03 21:10:38,979] [WARNING] 배치 124 - 양자화 관련 오류 발생, 스킵
[2025-06-03 21:10:38,989] [WARNING] 배치 125 - 양자화 관련 오류 발생, 스킵
[2025-06-03 21:10:39,461] [WARNING] 배치 126 - 양자화 관련 오류 발생, 스킵
[2025-06-03 21:10:39,466] [WARNING] 배치 127 - 양자화 관련 오류 발생, 스킵
[2025-06-03 21:10:39,473] [WARNING] 배치 128 - 양자화 관련 오류 발생, 스킵
[2025-06-03 21:10:39,483] [WARNING] 배치 129 - 양자화 관련 오류 발생, 스킵
[2025-06-03 21:10:40,057] [WARNING] 배치 130 - 양자화 관련 오류 발생, 스킵
[2025-06-03 21:10:40,062] [WARNING] 배치 131 - 양자화 관련 오류 발생, 스킵
[2025-06-03 21:10:40,068] [WARNING] 배치 132 - 양자화 관련 오류 발생, 스킵
[2025-06-03 21:10:40,162] [WARNING] 배치 133 - 양자화 관련 오류 발생, 스킵
[2025-06-03 21:10:40,610] [WARNING] 배치 134 - 양자화 관련 오류 발생, 스킵
[2025-06-03 21:10:40,615] [WARNING] 배치 135 - 양자화 관련 오류 발생, 스킵
[2025-06-03 21:10:40,624] [WARNING] 배치 136 - 양자화 관련 오류 발생, 스킵
[2025-06-03 21:10:41,044] [WARNING] 배치 137 - 양자화 관련 오류 발생, 스킵
[2025-06-03 21:10:41,614] [WARNING] 배치 138 - 양자화 관련 오류 발생, 스킵
[2025-06-03 21:10:41,629] [WARNING] 배치 139 - 양자화 관련 오류 발생, 스킵
[2025-06-03 21:10:41,647] [WARNING] 배치 140 - 양자화 관련 오류 발생, 스킵
[2025-06-03 21:10:41,944] [WARNING] 배치 141 - 양자화 관련 오류 발생, 스킵
[2025-06-03 21:10:42,221] [WARNING] 배치 142 - 양자화 관련 오류 발생, 스킵
[2025-06-03 21:10:42,227] [WARNING] 배치 143 - 양자화 관련 오류 발생, 스킵
[2025-06-03 21:10:42,233] [WARNING] 배치 144 - 양자화 관련 오류 발생, 스킵
[2025-06-03 21:10:42,617] [WARNING] 배치 145 - 양자화 관련 오류 발생, 스킵
[2025-06-03 21:10:42,763] [WARNING] 배치 146 - 양자화 관련 오류 발생, 스킵
[2025-06-03 21:10:42,768] [WARNING] 배치 147 - 양자화 관련 오류 발생, 스킵
[2025-06-03 21:10:42,776] [WARNING] 배치 148 - 양자화 관련 오류 발생, 스킵
[2025-06-03 21:10:43,213] [WARNING] 배치 149 - 양자화 관련 오류 발생, 스킵
[2025-06-03 21:10:43,374] [WARNING] 배치 150 - 양자화 관련 오류 발생, 스킵
[2025-06-03 21:10:43,381] [WARNING] 배치 151 - 양자화 관련 오류 발생, 스킵
[2025-06-03 21:10:43,387] [WARNING] 배치 152 - 양자화 관련 오류 발생, 스킵
[2025-06-03 21:10:44,068] [WARNING] 배치 153 - 양자화 관련 오류 발생, 스킵
[2025-06-03 21:10:44,196] [WARNING] 배치 154 - 양자화 관련 오류 발생, 스킵
[2025-06-03 21:10:44,208] [WARNING] 배치 155 - 양자화 관련 오류 발생, 스킵
[2025-06-03 21:10:44,223] [WARNING] 배치 156 - 양자화 관련 오류 발생, 스킵
[2025-06-03 21:10:44,946] [WARNING] 배치 157 - 양자화 관련 오류 발생, 스킵
[2025-06-03 21:10:44,995] [WARNING] 배치 158 - 양자화 관련 오류 발생, 스킵
[2025-06-03 21:10:44,998] [WARNING] 배치 159 - 양자화 관련 오류 발생, 스킵
[2025-06-03 21:10:45,010] [WARNING] 배치 160 - 양자화 관련 오류 발생, 스킵
[2025-06-03 21:10:45,716] [WARNING] 배치 161 - 양자화 관련 오류 발생, 스킵
[2025-06-03 21:10:45,735] [WARNING] 배치 162 - 양자화 관련 오류 발생, 스킵
[2025-06-03 21:10:45,740] [WARNING] 배치 163 - 양자화 관련 오류 발생, 스킵
[2025-06-03 21:10:45,748] [WARNING] 배치 164 - 양자화 관련 오류 발생, 스킵
[2025-06-03 21:10:46,370] [WARNING] 배치 165 - 양자화 관련 오류 발생, 스킵
[2025-06-03 21:10:46,377] [WARNING] 배치 166 - 양자화 관련 오류 발생, 스킵
[2025-06-03 21:10:46,384] [WARNING] 배치 167 - 양자화 관련 오류 발생, 스킵
[2025-06-03 21:10:46,398] [WARNING] 배치 168 - 양자화 관련 오류 발생, 스킵
[2025-06-03 21:10:47,563] [WARNING] 배치 169 - 양자화 관련 오류 발생, 스킵
[2025-06-03 21:10:47,568] [WARNING] 배치 170 - 양자화 관련 오류 발생, 스킵
[2025-06-03 21:10:47,571] [WARNING] 배치 171 - 양자화 관련 오류 발생, 스킵
[2025-06-03 21:10:47,574] [WARNING] 배치 172 - 양자화 관련 오류 발생, 스킵
[2025-06-03 21:10:48,060] [WARNING] 배치 173 - 양자화 관련 오류 발생, 스킵
[2025-06-03 21:10:48,069] [WARNING] 배치 174 - 양자화 관련 오류 발생, 스킵
[2025-06-03 21:10:48,075] [WARNING] 배치 175 - 양자화 관련 오류 발생, 스킵
[2025-06-03 21:10:48,082] [WARNING] 배치 176 - 양자화 관련 오류 발생, 스킵
[2025-06-03 21:10:48,803] [WARNING] 배치 177 - 양자화 관련 오류 발생, 스킵
[2025-06-03 21:10:48,811] [WARNING] 배치 178 - 양자화 관련 오류 발생, 스킵
[2025-06-03 21:10:48,822] [WARNING] 배치 179 - 양자화 관련 오류 발생, 스킵
[2025-06-03 21:10:48,833] [WARNING] 배치 180 - 양자화 관련 오류 발생, 스킵
[2025-06-03 21:10:49,682] [WARNING] 배치 181 - 양자화 관련 오류 발생, 스킵
[2025-06-03 21:10:49,700] [WARNING] 배치 182 - 양자화 관련 오류 발생, 스킵
[2025-06-03 21:10:49,707] [WARNING] 배치 183 - 양자화 관련 오류 발생, 스킵
[2025-06-03 21:10:49,723] [WARNING] 배치 184 - 양자화 관련 오류 발생, 스킵
[2025-06-03 21:10:50,460] [WARNING] 배치 185 - 양자화 관련 오류 발생, 스킵
[2025-06-03 21:10:50,472] [WARNING] 배치 186 - 양자화 관련 오류 발생, 스킵
[2025-06-03 21:10:50,479] [WARNING] 배치 187 - 양자화 관련 오류 발생, 스킵
[2025-06-03 21:10:50,482] [WARNING] 배치 188 - 양자화 관련 오류 발생, 스킵
[2025-06-03 21:10:52,061] [WARNING] 배치 189 - 양자화 관련 오류 발생, 스킵
[2025-06-03 21:10:52,069] [WARNING] 배치 190 - 양자화 관련 오류 발생, 스킵
[2025-06-03 21:10:52,083] [WARNING] 배치 191 - 양자화 관련 오류 발생, 스킵
[2025-06-03 21:10:52,089] [WARNING] 배치 192 - 양자화 관련 오류 발생, 스킵
[2025-06-03 21:10:54,174] [WARNING] 배치 193 - 양자화 관련 오류 발생, 스킵
[2025-06-03 21:10:54,182] [WARNING] 배치 194 - 양자화 관련 오류 발생, 스킵
[2025-06-03 21:10:54,200] [WARNING] 배치 195 - 양자화 관련 오류 발생, 스킵
[2025-06-03 21:10:54,207] [WARNING] 배치 196 - 양자화 관련 오류 발생, 스킵
[2025-06-03 21:10:55,609] [WARNING] 배치 197 - 양자화 관련 오류 발생, 스킵
[2025-06-03 21:10:55,618] [WARNING] 배치 198 - 양자화 관련 오류 발생, 스킵
[2025-06-03 21:10:55,623] [WARNING] 배치 199 - 양자화 관련 오류 발생, 스킵
[2025-06-03 21:10:55,627] [WARNING] 배치 200 - 양자화 관련 오류 발생, 스킵
[2025-06-03 21:10:56,796] [WARNING] 배치 201 - 양자화 관련 오류 발생, 스킵
[2025-06-03 21:10:56,827] [WARNING] 배치 202 - 양자화 관련 오류 발생, 스킵
[2025-06-03 21:10:56,843] [WARNING] 배치 203 - 양자화 관련 오류 발생, 스킵
[2025-06-03 21:10:56,860] [WARNING] 배치 204 - 양자화 관련 오류 발생, 스킵
[2025-06-03 21:10:58,116] [WARNING] 배치 205 - 양자화 관련 오류 발생, 스킵
[2025-06-03 21:10:58,140] [WARNING] 배치 206 - 양자화 관련 오류 발생, 스킵
[2025-06-03 21:10:58,143] [WARNING] 배치 207 - 양자화 관련 오류 발생, 스킵
[2025-06-03 21:10:58,145] [WARNING] 배치 208 - 양자화 관련 오류 발생, 스킵
[2025-06-03 21:10:59,846] [WARNING] 배치 209 - 양자화 관련 오류 발생, 스킵
[2025-06-03 21:10:59,852] [WARNING] 배치 210 - 양자화 관련 오류 발생, 스킵
[2025-06-03 21:10:59,856] [WARNING] 배치 211 - 양자화 관련 오류 발생, 스킵
[2025-06-03 21:10:59,870] [WARNING] 배치 212 - 양자화 관련 오류 발생, 스킵
[2025-06-03 21:11:02,586] [WARNING] 배치 213 - 양자화 관련 오류 발생, 스킵
[2025-06-03 21:11:02,600] [WARNING] 배치 214 - 양자화 관련 오류 발생, 스킵
[2025-06-03 21:11:02,604] [WARNING] 배치 215 - 양자화 관련 오류 발생, 스킵
[2025-06-03 21:11:02,609] [WARNING] 배치 216 - 양자화 관련 오류 발생, 스킵
[2025-06-03 21:11:04,206] [WARNING] 배치 217 - 양자화 관련 오류 발생, 스킵
[2025-06-03 21:11:04,221] [WARNING] 배치 218 - 양자화 관련 오류 발생, 스킵
[2025-06-03 21:11:04,238] [WARNING] 배치 219 - 양자화 관련 오류 발생, 스킵
[2025-06-03 21:11:04,253] [WARNING] 배치 220 - 양자화 관련 오류 발생, 스킵
[2025-06-03 21:11:06,413] [WARNING] 배치 221 - 양자화 관련 오류 발생, 스킵
[2025-06-03 21:11:06,431] [WARNING] 배치 222 - 양자화 관련 오류 발생, 스킵
[2025-06-03 21:11:06,447] [WARNING] 배치 223 - 양자화 관련 오류 발생, 스킵
[2025-06-03 21:11:06,453] [WARNING] 배치 224 - 양자화 관련 오류 발생, 스킵
[2025-06-03 21:11:09,040] [WARNING] 배치 225 - 양자화 관련 오류 발생, 스킵
[2025-06-03 21:11:09,070] [WARNING] 배치 226 - 양자화 관련 오류 발생, 스킵
[2025-06-03 21:11:09,098] [WARNING] 배치 227 - 양자화 관련 오류 발생, 스킵
[2025-06-03 21:11:09,113] [WARNING] 배치 228 - 양자화 관련 오류 발생, 스킵
[2025-06-03 21:11:11,693] [WARNING] 배치 229 - 양자화 관련 오류 발생, 스킵
[2025-06-03 21:11:11,700] [WARNING] 배치 230 - 양자화 관련 오류 발생, 스킵
[2025-06-03 21:11:11,712] [WARNING] 배치 231 - 양자화 관련 오류 발생, 스킵
[2025-06-03 21:11:11,718] [WARNING] 배치 232 - 양자화 관련 오류 발생, 스킵
[2025-06-03 21:11:13,421] [WARNING] 배치 233 - 양자화 관련 오류 발생, 스킵
[2025-06-03 21:11:13,437] [WARNING] 배치 234 - 양자화 관련 오류 발생, 스킵
[2025-06-03 21:11:13,453] [WARNING] 배치 235 - 양자화 관련 오류 발생, 스킵
[2025-06-03 21:11:13,460] [WARNING] 배치 236 - 양자화 관련 오류 발생, 스킵
[2025-06-03 21:11:15,214] [WARNING] 배치 237 - 양자화 관련 오류 발생, 스킵
[2025-06-03 21:11:15,218] [WARNING] 배치 238 - 양자화 관련 오류 발생, 스킵
[2025-06-03 21:11:15,233] [WARNING] 배치 239 - 양자화 관련 오류 발생, 스킵
[2025-06-03 21:11:15,247] [WARNING] 배치 240 - 양자화 관련 오류 발생, 스킵
[2025-06-03 21:11:17,474] [WARNING] 배치 241 - 양자화 관련 오류 발생, 스킵
[2025-06-03 21:11:17,491] [WARNING] 배치 242 - 양자화 관련 오류 발생, 스킵
[2025-06-03 21:11:17,499] [WARNING] 배치 243 - 양자화 관련 오류 발생, 스킵
[2025-06-03 21:11:17,526] [WARNING] 배치 244 - 양자화 관련 오류 발생, 스킵
[2025-06-03 21:11:20,310] [WARNING] 배치 245 - 양자화 관련 오류 발생, 스킵
[2025-06-03 21:11:20,313] [WARNING] 배치 246 - 양자화 관련 오류 발생, 스킵
[2025-06-03 21:11:20,323] [WARNING] 배치 247 - 양자화 관련 오류 발생, 스킵
[2025-06-03 21:11:20,326] [WARNING] 배치 248 - 양자화 관련 오류 발생, 스킵
[2025-06-03 21:11:20,837] [WARNING] 배치 249 - 양자화 관련 오류 발생, 스킵
[2025-06-03 21:11:20,845] [WARNING] 배치 250 - 양자화 관련 오류 발생, 스킵
[2025-06-03 21:11:20,856] [WARNING] 배치 251 - 양자화 관련 오류 발생, 스킵
[2025-06-03 21:11:20,864] [WARNING] 배치 252 - 양자화 관련 오류 발생, 스킵
[2025-06-03 21:11:23,916] [WARNING] 배치 253 - 양자화 관련 오류 발생, 스킵
[2025-06-03 21:11:23,925] [WARNING] 배치 254 - 양자화 관련 오류 발생, 스킵
[2025-06-03 21:11:23,929] [WARNING] 배치 255 - 양자화 관련 오류 발생, 스킵
[2025-06-03 21:11:23,938] [WARNING] 배치 256 - 양자화 관련 오류 발생, 스킵
[2025-06-03 21:11:25,024] [WARNING] 배치 257 - 양자화 관련 오류 발생, 스킵
[2025-06-03 21:11:25,030] [WARNING] 배치 258 - 양자화 관련 오류 발생, 스킵
[2025-06-03 21:11:25,034] [WARNING] 배치 259 - 양자화 관련 오류 발생, 스킵
[2025-06-03 21:11:25,037] [WARNING] 배치 260 - 양자화 관련 오류 발생, 스킵
[2025-06-03 21:11:26,164] [WARNING] 배치 261 - 양자화 관련 오류 발생, 스킵
[2025-06-03 21:11:26,172] [WARNING] 배치 262 - 양자화 관련 오류 발생, 스킵
[2025-06-03 21:11:26,183] [WARNING] 배치 263 - 양자화 관련 오류 발생, 스킵
[2025-06-03 21:11:26,194] [WARNING] 배치 264 - 양자화 관련 오류 발생, 스킵
[2025-06-03 21:11:27,957] [WARNING] 배치 265 - 양자화 관련 오류 발생, 스킵
[2025-06-03 21:11:27,965] [WARNING] 배치 266 - 양자화 관련 오류 발생, 스킵
[2025-06-03 21:11:28,741] [WARNING] 배치 267 - 양자화 관련 오류 발생, 스킵
[2025-06-03 21:11:28,744] [WARNING] 배치 268 - 양자화 관련 오류 발생, 스킵
[2025-06-03 21:11:29,500] [WARNING] 배치 269 - 양자화 관련 오류 발생, 스킵
[2025-06-03 21:11:29,506] [WARNING] 배치 270 - 양자화 관련 오류 발생, 스킵
[2025-06-03 21:11:29,511] [WARNING] 배치 271 - 양자화 관련 오류 발생, 스킵
[2025-06-03 21:11:29,517] [WARNING] 배치 272 - 양자화 관련 오류 발생, 스킵
[2025-06-03 21:11:31,401] [WARNING] 배치 273 - 양자화 관련 오류 발생, 스킵
[2025-06-03 21:11:31,404] [WARNING] 배치 274 - 양자화 관련 오류 발생, 스킵
[2025-06-03 21:11:31,408] [WARNING] 배치 275 - 양자화 관련 오류 발생, 스킵
[2025-06-03 21:11:31,414] [WARNING] 배치 276 - 양자화 관련 오류 발생, 스킵
[2025-06-03 21:11:32,258] [WARNING] 배치 277 - 양자화 관련 오류 발생, 스킵
[2025-06-03 21:11:32,275] [WARNING] 배치 278 - 양자화 관련 오류 발생, 스킵
[2025-06-03 21:11:32,282] [WARNING] 배치 279 - 양자화 관련 오류 발생, 스킵
[2025-06-03 21:11:32,309] [WARNING] 배치 280 - 양자화 관련 오류 발생, 스킵
[2025-06-03 21:11:33,819] [WARNING] 배치 281 - 양자화 관련 오류 발생, 스킵
[2025-06-03 21:11:33,825] [WARNING] 배치 282 - 양자화 관련 오류 발생, 스킵
[2025-06-03 21:11:33,833] [WARNING] 배치 283 - 양자화 관련 오류 발생, 스킵
[2025-06-03 21:11:33,841] [WARNING] 배치 284 - 양자화 관련 오류 발생, 스킵
[2025-06-03 21:11:35,638] [WARNING] 배치 285 - 양자화 관련 오류 발생, 스킵
[2025-06-03 21:11:35,644] [WARNING] 배치 286 - 양자화 관련 오류 발생, 스킵
[2025-06-03 21:11:35,651] [WARNING] 배치 287 - 양자화 관련 오류 발생, 스킵
[2025-06-03 21:11:35,655] [WARNING] 배치 288 - 양자화 관련 오류 발생, 스킵
[2025-06-03 21:11:37,935] [WARNING] 배치 289 - 양자화 관련 오류 발생, 스킵
[2025-06-03 21:11:37,939] [WARNING] 배치 290 - 양자화 관련 오류 발생, 스킵
[2025-06-03 21:11:37,945] [WARNING] 배치 291 - 양자화 관련 오류 발생, 스킵
[2025-06-03 21:11:37,950] [WARNING] 배치 292 - 양자화 관련 오류 발생, 스킵
[2025-06-03 21:11:38,542] [WARNING] 배치 293 - 양자화 관련 오류 발생, 스킵
[2025-06-03 21:11:38,562] [WARNING] 배치 294 - 양자화 관련 오류 발생, 스킵
[2025-06-03 21:11:38,591] [WARNING] 배치 295 - 양자화 관련 오류 발생, 스킵
[2025-06-03 21:11:38,609] [WARNING] 배치 296 - 양자화 관련 오류 발생, 스킵
[2025-06-03 21:11:40,691] [WARNING] 배치 297 - 양자화 관련 오류 발생, 스킵
[2025-06-03 21:11:40,699] [WARNING] 배치 298 - 양자화 관련 오류 발생, 스킵
[2025-06-03 21:11:40,714] [WARNING] 배치 299 - 양자화 관련 오류 발생, 스킵
[2025-06-03 21:11:40,729] [WARNING] 배치 300 - 양자화 관련 오류 발생, 스킵
[2025-06-03 21:11:43,457] [WARNING] 배치 301 - 양자화 관련 오류 발생, 스킵
[2025-06-03 21:11:43,460] [WARNING] 배치 302 - 양자화 관련 오류 발생, 스킵
[2025-06-03 21:11:43,466] [WARNING] 배치 303 - 양자화 관련 오류 발생, 스킵
[2025-06-03 21:11:43,472] [WARNING] 배치 304 - 양자화 관련 오류 발생, 스킵
[2025-06-03 21:11:43,982] [WARNING] 배치 305 - 양자화 관련 오류 발생, 스킵
[2025-06-03 21:11:43,997] [WARNING] 배치 306 - 양자화 관련 오류 발생, 스킵
[2025-06-03 21:11:44,012] [WARNING] 배치 307 - 양자화 관련 오류 발생, 스킵
[2025-06-03 21:11:44,030] [WARNING] 배치 308 - 양자화 관련 오류 발생, 스킵
[2025-06-03 21:11:46,541] [WARNING] 배치 309 - 양자화 관련 오류 발생, 스킵
[2025-06-03 21:11:46,555] [WARNING] 배치 310 - 양자화 관련 오류 발생, 스킵
[2025-06-03 21:11:46,559] [WARNING] 배치 311 - 양자화 관련 오류 발생, 스킵
[2025-06-03 21:11:46,572] [WARNING] 배치 312 - 양자화 관련 오류 발생, 스킵
[2025-06-03 21:11:48,079] [WARNING] 배치 313 - 양자화 관련 오류 발생, 스킵
[2025-06-03 21:11:48,087] [WARNING] 배치 314 - 양자화 관련 오류 발생, 스킵
[2025-06-03 21:11:48,092] [WARNING] 배치 315 - 양자화 관련 오류 발생, 스킵
[2025-06-03 21:11:48,099] [WARNING] 배치 316 - 양자화 관련 오류 발생, 스킵
[2025-06-03 21:11:49,733] [WARNING] 배치 317 - 양자화 관련 오류 발생, 스킵
[2025-06-03 21:11:49,741] [WARNING] 배치 318 - 양자화 관련 오류 발생, 스킵
[2025-06-03 21:11:49,745] [WARNING] 배치 319 - 양자화 관련 오류 발생, 스킵
[2025-06-03 21:11:49,759] [WARNING] 배치 320 - 양자화 관련 오류 발생, 스킵
[2025-06-03 21:11:51,123] [WARNING] 배치 321 - 양자화 관련 오류 발생, 스킵
[2025-06-03 21:11:51,135] [WARNING] 배치 322 - 양자화 관련 오류 발생, 스킵
[2025-06-03 21:11:51,139] [WARNING] 배치 323 - 양자화 관련 오류 발생, 스킵
[2025-06-03 21:11:51,149] [WARNING] 배치 324 - 양자화 관련 오류 발생, 스킵
[2025-06-03 21:11:52,536] [WARNING] 배치 325 - 양자화 관련 오류 발생, 스킵
[2025-06-03 21:11:52,540] [WARNING] 배치 326 - 양자화 관련 오류 발생, 스킵
[2025-06-03 21:11:52,566] [WARNING] 배치 327 - 양자화 관련 오류 발생, 스킵
[2025-06-03 21:11:52,572] [WARNING] 배치 328 - 양자화 관련 오류 발생, 스킵
[2025-06-03 21:11:54,685] [WARNING] 배치 329 - 양자화 관련 오류 발생, 스킵
[2025-06-03 21:11:54,692] [WARNING] 배치 330 - 양자화 관련 오류 발생, 스킵
[2025-06-03 21:11:54,697] [WARNING] 배치 331 - 양자화 관련 오류 발생, 스킵
[2025-06-03 21:11:54,741] [WARNING] 배치 332 - 양자화 관련 오류 발생, 스킵
[2025-06-03 21:11:56,077] [WARNING] 배치 333 - 양자화 관련 오류 발생, 스킵
[2025-06-03 21:11:56,084] [WARNING] 배치 334 - 양자화 관련 오류 발생, 스킵
[2025-06-03 21:11:56,089] [WARNING] 배치 335 - 양자화 관련 오류 발생, 스킵
[2025-06-03 21:11:56,095] [WARNING] 배치 336 - 양자화 관련 오류 발생, 스킵
[2025-06-03 21:11:57,806] [WARNING] 배치 337 - 양자화 관련 오류 발생, 스킵
[2025-06-03 21:11:57,823] [WARNING] 배치 338 - 양자화 관련 오류 발생, 스킵
[2025-06-03 21:11:57,840] [WARNING] 배치 339 - 양자화 관련 오류 발생, 스킵
[2025-06-03 21:11:57,859] [WARNING] 배치 340 - 양자화 관련 오류 발생, 스킵
[2025-06-03 21:12:00,299] [WARNING] 배치 341 - 양자화 관련 오류 발생, 스킵
[2025-06-03 21:12:00,302] [WARNING] 배치 342 - 양자화 관련 오류 발생, 스킵
[2025-06-03 21:12:00,304] [WARNING] 배치 343 - 양자화 관련 오류 발생, 스킵
[2025-06-03 21:12:00,317] [WARNING] 배치 344 - 양자화 관련 오류 발생, 스킵
[2025-06-03 21:12:01,988] [WARNING] 배치 345 - 양자화 관련 오류 발생, 스킵
[2025-06-03 21:12:01,991] [WARNING] 배치 346 - 양자화 관련 오류 발생, 스킵
[2025-06-03 21:12:01,993] [WARNING] 배치 347 - 양자화 관련 오류 발생, 스킵
[2025-06-03 21:12:02,006] [WARNING] 배치 348 - 양자화 관련 오류 발생, 스킵
[2025-06-03 21:12:02,400] [WARNING] 배치 349 - 양자화 관련 오류 발생, 스킵
[2025-06-03 21:12:02,415] [WARNING] 배치 350 - 양자화 관련 오류 발생, 스킵
[2025-06-03 21:12:02,431] [WARNING] 배치 351 - 양자화 관련 오류 발생, 스킵
[2025-06-03 21:12:02,436] [WARNING] 배치 352 - 양자화 관련 오류 발생, 스킵
[2025-06-03 21:12:03,690] [WARNING] 배치 353 - 양자화 관련 오류 발생, 스킵
[2025-06-03 21:12:03,703] [WARNING] 배치 354 - 양자화 관련 오류 발생, 스킵
[2025-06-03 21:12:03,710] [WARNING] 배치 355 - 양자화 관련 오류 발생, 스킵
[2025-06-03 21:12:03,715] [WARNING] 배치 356 - 양자화 관련 오류 발생, 스킵
[2025-06-03 21:12:04,487] [WARNING] 배치 357 - 양자화 관련 오류 발생, 스킵
[2025-06-03 21:12:04,504] [WARNING] 배치 358 - 양자화 관련 오류 발생, 스킵
[2025-06-03 21:12:04,524] [WARNING] 배치 359 - 양자화 관련 오류 발생, 스킵
[2025-06-03 21:12:04,554] [WARNING] 배치 360 - 양자화 관련 오류 발생, 스킵
[2025-06-03 21:12:05,800] [WARNING] 배치 361 - 양자화 관련 오류 발생, 스킵
[2025-06-03 21:12:05,809] [WARNING] 배치 362 - 양자화 관련 오류 발생, 스킵
[2025-06-03 21:12:05,827] [WARNING] 배치 363 - 양자화 관련 오류 발생, 스킵
[2025-06-03 21:12:05,844] [WARNING] 배치 364 - 양자화 관련 오류 발생, 스킵
[2025-06-03 21:12:07,340] [WARNING] 배치 365 - 양자화 관련 오류 발생, 스킵
[2025-06-03 21:12:07,349] [WARNING] 배치 366 - 양자화 관련 오류 발생, 스킵
[2025-06-03 21:12:07,355] [WARNING] 배치 367 - 양자화 관련 오류 발생, 스킵
[2025-06-03 21:12:07,366] [WARNING] 배치 368 - 양자화 관련 오류 발생, 스킵
[2025-06-03 21:12:10,245] [WARNING] 배치 369 - 양자화 관련 오류 발생, 스킵
[2025-06-03 21:12:10,264] [WARNING] 배치 370 - 양자화 관련 오류 발생, 스킵
[2025-06-03 21:12:10,272] [WARNING] 배치 371 - 양자화 관련 오류 발생, 스킵
[2025-06-03 21:12:10,280] [WARNING] 배치 372 - 양자화 관련 오류 발생, 스킵
[2025-06-03 21:12:14,201] [WARNING] 배치 373 - 양자화 관련 오류 발생, 스킵
[2025-06-03 21:12:14,217] [WARNING] 배치 374 - 양자화 관련 오류 발생, 스킵
[2025-06-03 21:12:14,228] [WARNING] 배치 375 - 양자화 관련 오류 발생, 스킵
[2025-06-03 21:12:14,231] [WARNING] 배치 376 - 양자화 관련 오류 발생, 스킵
[2025-06-03 21:12:16,931] [WARNING] 배치 377 - 양자화 관련 오류 발생, 스킵
[2025-06-03 21:12:16,940] [WARNING] 배치 378 - 양자화 관련 오류 발생, 스킵
[2025-06-03 21:12:16,957] [WARNING] 배치 379 - 양자화 관련 오류 발생, 스킵
[2025-06-03 21:12:16,974] [WARNING] 배치 380 - 양자화 관련 오류 발생, 스킵
[2025-06-03 21:12:18,946] [WARNING] 배치 381 - 양자화 관련 오류 발생, 스킵
[2025-06-03 21:12:18,954] [WARNING] 배치 382 - 양자화 관련 오류 발생, 스킵
[2025-06-03 21:12:18,959] [WARNING] 배치 383 - 양자화 관련 오류 발생, 스킵
[2025-06-03 21:12:18,964] [WARNING] 배치 384 - 양자화 관련 오류 발생, 스킵
[2025-06-03 21:12:21,679] [WARNING] 배치 385 - 양자화 관련 오류 발생, 스킵
[2025-06-03 21:12:21,691] [WARNING] 배치 386 - 양자화 관련 오류 발생, 스킵
[2025-06-03 21:12:21,695] [WARNING] 배치 387 - 양자화 관련 오류 발생, 스킵
[2025-06-03 21:12:21,709] [WARNING] 배치 388 - 양자화 관련 오류 발생, 스킵
[2025-06-03 21:12:22,398] [WARNING] 배치 389 - 양자화 관련 오류 발생, 스킵
[2025-06-03 21:12:22,416] [WARNING] 배치 390 - 양자화 관련 오류 발생, 스킵
[2025-06-03 21:12:22,434] [WARNING] 배치 391 - 양자화 관련 오류 발생, 스킵
[2025-06-03 21:12:22,452] [WARNING] 배치 392 - 양자화 관련 오류 발생, 스킵
[2025-06-03 21:12:23,698] [WARNING] 배치 393 - 양자화 관련 오류 발생, 스킵
[2025-06-03 21:12:23,713] [WARNING] 배치 394 - 양자화 관련 오류 발생, 스킵
[2025-06-03 21:12:23,721] [WARNING] 배치 395 - 양자화 관련 오류 발생, 스킵
[2025-06-03 21:12:23,731] [WARNING] 배치 396 - 양자화 관련 오류 발생, 스킵
[2025-06-03 21:12:25,301] [WARNING] 배치 397 - 양자화 관련 오류 발생, 스킵
[2025-06-03 21:12:25,309] [WARNING] 배치 398 - 양자화 관련 오류 발생, 스킵
[2025-06-03 21:12:25,316] [WARNING] 배치 399 - 양자화 관련 오류 발생, 스킵
[2025-06-03 21:12:25,332] [WARNING] 배치 400 - 양자화 관련 오류 발생, 스킵
[2025-06-03 21:12:26,878] [WARNING] 배치 401 - 양자화 관련 오류 발생, 스킵
[2025-06-03 21:12:26,894] [WARNING] 배치 402 - 양자화 관련 오류 발생, 스킵
[2025-06-03 21:12:26,900] [WARNING] 배치 403 - 양자화 관련 오류 발생, 스킵
[2025-06-03 21:12:26,916] [WARNING] 배치 404 - 양자화 관련 오류 발생, 스킵
[2025-06-03 21:12:28,590] [WARNING] 배치 405 - 양자화 관련 오류 발생, 스킵
[2025-06-03 21:12:28,604] [WARNING] 배치 406 - 양자화 관련 오류 발생, 스킵
[2025-06-03 21:12:28,607] [WARNING] 배치 407 - 양자화 관련 오류 발생, 스킵
[2025-06-03 21:12:28,610] [WARNING] 배치 408 - 양자화 관련 오류 발생, 스킵
[2025-06-03 21:12:29,969] [WARNING] 배치 409 - 양자화 관련 오류 발생, 스킵
[2025-06-03 21:12:29,973] [WARNING] 배치 410 - 양자화 관련 오류 발생, 스킵
[2025-06-03 21:12:29,978] [WARNING] 배치 411 - 양자화 관련 오류 발생, 스킵
[2025-06-03 21:12:29,992] [WARNING] 배치 412 - 양자화 관련 오류 발생, 스킵
[2025-06-03 21:12:31,611] [WARNING] 배치 413 - 양자화 관련 오류 발생, 스킵
[2025-06-03 21:12:31,615] [WARNING] 배치 414 - 양자화 관련 오류 발생, 스킵
[2025-06-03 21:12:31,620] [WARNING] 배치 415 - 양자화 관련 오류 발생, 스킵
[2025-06-03 21:12:31,626] [WARNING] 배치 416 - 양자화 관련 오류 발생, 스킵
[2025-06-03 21:12:32,376] [WARNING] 배치 417 - 양자화 관련 오류 발생, 스킵
[2025-06-03 21:12:32,384] [WARNING] 배치 418 - 양자화 관련 오류 발생, 스킵
[2025-06-03 21:12:32,396] [WARNING] 배치 419 - 양자화 관련 오류 발생, 스킵
[2025-06-03 21:12:32,404] [WARNING] 배치 420 - 양자화 관련 오류 발생, 스킵
[2025-06-03 21:12:33,592] [WARNING] 배치 421 - 양자화 관련 오류 발생, 스킵
[2025-06-03 21:12:33,610] [WARNING] 배치 422 - 양자화 관련 오류 발생, 스킵
[2025-06-03 21:12:33,628] [WARNING] 배치 423 - 양자화 관련 오류 발생, 스킵
[2025-06-03 21:12:33,646] [WARNING] 배치 424 - 양자화 관련 오류 발생, 스킵
[2025-06-03 21:12:35,695] [WARNING] 배치 425 - 양자화 관련 오류 발생, 스킵
[2025-06-03 21:12:35,702] [WARNING] 배치 426 - 양자화 관련 오류 발생, 스킵
[2025-06-03 21:12:35,714] [WARNING] 배치 427 - 양자화 관련 오류 발생, 스킵
[2025-06-03 21:12:35,720] [WARNING] 배치 428 - 양자화 관련 오류 발생, 스킵
[2025-06-03 21:12:37,323] [WARNING] 배치 429 - 양자화 관련 오류 발생, 스킵
[2025-06-03 21:12:37,330] [WARNING] 배치 430 - 양자화 관련 오류 발생, 스킵
[2025-06-03 21:12:37,340] [WARNING] 배치 431 - 양자화 관련 오류 발생, 스킵
[2025-06-03 21:12:37,351] [WARNING] 배치 432 - 양자화 관련 오류 발생, 스킵
[2025-06-03 21:12:39,113] [WARNING] 배치 433 - 양자화 관련 오류 발생, 스킵
[2025-06-03 21:12:39,121] [WARNING] 배치 434 - 양자화 관련 오류 발생, 스킵
[2025-06-03 21:12:39,137] [WARNING] 배치 435 - 양자화 관련 오류 발생, 스킵
[2025-06-03 21:12:39,144] [WARNING] 배치 436 - 양자화 관련 오류 발생, 스킵
[2025-06-03 21:12:42,024] [WARNING] 배치 437 - 양자화 관련 오류 발생, 스킵
[2025-06-03 21:12:42,037] [WARNING] 배치 438 - 양자화 관련 오류 발생, 스킵
[2025-06-03 21:12:42,041] [WARNING] 배치 439 - 양자화 관련 오류 발생, 스킵
[2025-06-03 21:12:42,055] [WARNING] 배치 440 - 양자화 관련 오류 발생, 스킵
[2025-06-03 21:12:43,940] [WARNING] 배치 441 - 양자화 관련 오류 발생, 스킵
[2025-06-03 21:12:43,944] [WARNING] 배치 442 - 양자화 관련 오류 발생, 스킵
[2025-06-03 21:12:43,957] [WARNING] 배치 443 - 양자화 관련 오류 발생, 스킵
[2025-06-03 21:12:43,961] [WARNING] 배치 444 - 양자화 관련 오류 발생, 스킵
[2025-06-03 21:12:45,139] [WARNING] 배치 445 - 양자화 관련 오류 발생, 스킵
[2025-06-03 21:12:45,144] [WARNING] 배치 446 - 양자화 관련 오류 발생, 스킵
[2025-06-03 21:12:45,156] [WARNING] 배치 447 - 양자화 관련 오류 발생, 스킵
[2025-06-03 21:12:45,163] [WARNING] 배치 448 - 양자화 관련 오류 발생, 스킵
[2025-06-03 21:12:46,594] [WARNING] 배치 449 - 양자화 관련 오류 발생, 스킵
[2025-06-03 21:12:46,624] [WARNING] 배치 450 - 양자화 관련 오류 발생, 스킵
[2025-06-03 21:12:46,631] [WARNING] 배치 451 - 양자화 관련 오류 발생, 스킵
[2025-06-03 21:12:46,660] [WARNING] 배치 452 - 양자화 관련 오류 발생, 스킵
[2025-06-03 21:12:48,035] [WARNING] 배치 453 - 양자화 관련 오류 발생, 스킵
[2025-06-03 21:12:48,044] [WARNING] 배치 454 - 양자화 관련 오류 발생, 스킵
[2025-06-03 21:12:48,062] [WARNING] 배치 455 - 양자화 관련 오류 발생, 스킵
[2025-06-03 21:12:48,106] [WARNING] 배치 456 - 양자화 관련 오류 발생, 스킵
[2025-06-03 21:12:49,449] [WARNING] 배치 457 - 양자화 관련 오류 발생, 스킵
[2025-06-03 21:12:49,461] [WARNING] 배치 458 - 양자화 관련 오류 발생, 스킵
[2025-06-03 21:12:49,466] [WARNING] 배치 459 - 양자화 관련 오류 발생, 스킵
[2025-06-03 21:12:49,473] [WARNING] 배치 460 - 양자화 관련 오류 발생, 스킵
[2025-06-03 21:12:51,127] [WARNING] 배치 461 - 양자화 관련 오류 발생, 스킵
[2025-06-03 21:12:51,134] [WARNING] 배치 462 - 양자화 관련 오류 발생, 스킵
[2025-06-03 21:12:51,137] [WARNING] 배치 463 - 양자화 관련 오류 발생, 스킵
[2025-06-03 21:12:51,140] [WARNING] 배치 464 - 양자화 관련 오류 발생, 스킵
[2025-06-03 21:12:51,962] [WARNING] 배치 465 - 양자화 관련 오류 발생, 스킵
[2025-06-03 21:12:51,993] [WARNING] 배치 466 - 양자화 관련 오류 발생, 스킵
[2025-06-03 21:12:52,024] [WARNING] 배치 467 - 양자화 관련 오류 발생, 스킵
[2025-06-03 21:12:52,043] [WARNING] 배치 468 - 양자화 관련 오류 발생, 스킵
[2025-06-03 21:12:54,199] [WARNING] 배치 469 - 양자화 관련 오류 발생, 스킵
[2025-06-03 21:12:54,203] [WARNING] 배치 470 - 양자화 관련 오류 발생, 스킵
[2025-06-03 21:12:54,214] [WARNING] 배치 471 - 양자화 관련 오류 발생, 스킵
[2025-06-03 21:12:54,220] [WARNING] 배치 472 - 양자화 관련 오류 발생, 스킵
[2025-06-03 21:12:54,860] [WARNING] 배치 473 - 양자화 관련 오류 발생, 스킵
[2025-06-03 21:12:54,867] [WARNING] 배치 474 - 양자화 관련 오류 발생, 스킵
[2025-06-03 21:12:54,871] [WARNING] 배치 475 - 양자화 관련 오류 발생, 스킵
[2025-06-03 21:12:54,876] [WARNING] 배치 476 - 양자화 관련 오류 발생, 스킵
[2025-06-03 21:12:56,539] [WARNING] 배치 477 - 양자화 관련 오류 발생, 스킵
[2025-06-03 21:12:56,570] [WARNING] 배치 478 - 양자화 관련 오류 발생, 스킵
[2025-06-03 21:12:56,586] [WARNING] 배치 479 - 양자화 관련 오류 발생, 스킵
[2025-06-03 21:12:56,602] [WARNING] 배치 480 - 양자화 관련 오류 발생, 스킵
[2025-06-03 21:12:57,762] [WARNING] 배치 481 - 양자화 관련 오류 발생, 스킵
[2025-06-03 21:12:57,767] [WARNING] 배치 482 - 양자화 관련 오류 발생, 스킵
[2025-06-03 21:12:57,771] [WARNING] 배치 483 - 양자화 관련 오류 발생, 스킵
[2025-06-03 21:12:57,787] [WARNING] 배치 484 - 양자화 관련 오류 발생, 스킵
[2025-06-03 21:12:58,901] [WARNING] 배치 485 - 양자화 관련 오류 발생, 스킵
[2025-06-03 21:12:58,908] [WARNING] 배치 486 - 양자화 관련 오류 발생, 스킵
[2025-06-03 21:12:58,916] [WARNING] 배치 487 - 양자화 관련 오류 발생, 스킵
[2025-06-03 21:12:58,933] [WARNING] 배치 488 - 양자화 관련 오류 발생, 스킵
[2025-06-03 21:13:00,214] [WARNING] 배치 489 - 양자화 관련 오류 발생, 스킵
[2025-06-03 21:13:00,227] [WARNING] 배치 490 - 양자화 관련 오류 발생, 스킵
[2025-06-03 21:13:00,231] [WARNING] 배치 491 - 양자화 관련 오류 발생, 스킵
[2025-06-03 21:13:00,247] [WARNING] 배치 492 - 양자화 관련 오류 발생, 스킵
[2025-06-03 21:13:01,399] [WARNING] 배치 493 - 양자화 관련 오류 발생, 스킵
[2025-06-03 21:13:01,416] [WARNING] 배치 494 - 양자화 관련 오류 발생, 스킵
[2025-06-03 21:13:01,434] [WARNING] 배치 495 - 양자화 관련 오류 발생, 스킵
[2025-06-03 21:13:01,482] [WARNING] 배치 496 - 양자화 관련 오류 발생, 스킵
[2025-06-03 21:13:02,472] [WARNING] 배치 497 - 양자화 관련 오류 발생, 스킵
[2025-06-03 21:13:02,480] [WARNING] 배치 498 - 양자화 관련 오류 발생, 스킵
[2025-06-03 21:13:02,484] [WARNING] 배치 499 - 양자화 관련 오류 발생, 스킵
[2025-06-03 21:13:02,488] [WARNING] 배치 500 - 양자화 관련 오류 발생, 스킵
[2025-06-03 21:13:03,466] [WARNING] 배치 501 - 양자화 관련 오류 발생, 스킵
[2025-06-03 21:13:03,481] [WARNING] 배치 502 - 양자화 관련 오류 발생, 스킵
[2025-06-03 21:13:03,497] [WARNING] 배치 503 - 양자화 관련 오류 발생, 스킵
[2025-06-03 21:13:03,515] [WARNING] 배치 504 - 양자화 관련 오류 발생, 스킵
[2025-06-03 21:13:04,542] [WARNING] 배치 505 - 양자화 관련 오류 발생, 스킵
[2025-06-03 21:13:04,555] [WARNING] 배치 506 - 양자화 관련 오류 발생, 스킵
[2025-06-03 21:13:04,570] [WARNING] 배치 507 - 양자화 관련 오류 발생, 스킵
[2025-06-03 21:13:04,575] [WARNING] 배치 508 - 양자화 관련 오류 발생, 스킵
[2025-06-03 21:13:05,720] [WARNING] 배치 509 - 양자화 관련 오류 발생, 스킵
[2025-06-03 21:13:05,730] [WARNING] 배치 510 - 양자화 관련 오류 발생, 스킵
[2025-06-03 21:13:05,745] [WARNING] 배치 511 - 양자화 관련 오류 발생, 스킵
[2025-06-03 21:13:05,770] [WARNING] 배치 512 - 양자화 관련 오류 발생, 스킵
[2025-06-03 21:13:06,423] [WARNING] 배치 513 - 양자화 관련 오류 발생, 스킵
[2025-06-03 21:13:06,433] [WARNING] 배치 514 - 양자화 관련 오류 발생, 스킵
[2025-06-03 21:13:06,448] [WARNING] 배치 515 - 양자화 관련 오류 발생, 스킵
[2025-06-03 21:13:06,475] [WARNING] 배치 516 - 양자화 관련 오류 발생, 스킵
[2025-06-03 21:13:07,425] [WARNING] 배치 517 - 양자화 관련 오류 발생, 스킵
[2025-06-03 21:13:07,444] [WARNING] 배치 518 - 양자화 관련 오류 발생, 스킵
[2025-06-03 21:13:07,462] [WARNING] 배치 519 - 양자화 관련 오류 발생, 스킵
[2025-06-03 21:13:07,485] [WARNING] 배치 520 - 양자화 관련 오류 발생, 스킵
[2025-06-03 21:13:08,378] [WARNING] 배치 521 - 양자화 관련 오류 발생, 스킵
[2025-06-03 21:13:08,473] [WARNING] 배치 522 - 양자화 관련 오류 발생, 스킵
[2025-06-03 21:13:08,478] [WARNING] 배치 523 - 양자화 관련 오류 발생, 스킵
[2025-06-03 21:13:08,483] [WARNING] 배치 524 - 양자화 관련 오류 발생, 스킵
[2025-06-03 21:13:09,469] [WARNING] 배치 525 - 양자화 관련 오류 발생, 스킵
[2025-06-03 21:13:09,564] [WARNING] 배치 526 - 양자화 관련 오류 발생, 스킵
[2025-06-03 21:13:09,581] [WARNING] 배치 527 - 양자화 관련 오류 발생, 스킵
[2025-06-03 21:13:09,597] [WARNING] 배치 528 - 양자화 관련 오류 발생, 스킵
[2025-06-03 21:13:10,525] [WARNING] 배치 529 - 양자화 관련 오류 발생, 스킵
[2025-06-03 21:13:10,570] [WARNING] 배치 530 - 양자화 관련 오류 발생, 스킵
[2025-06-03 21:13:10,576] [WARNING] 배치 531 - 양자화 관련 오류 발생, 스킵
[2025-06-03 21:13:10,754] [WARNING] 배치 532 - 양자화 관련 오류 발생, 스킵
[2025-06-03 21:13:11,364] [WARNING] 배치 533 - 양자화 관련 오류 발생, 스킵
[2025-06-03 21:13:11,372] [WARNING] 배치 534 - 양자화 관련 오류 발생, 스킵
[2025-06-03 21:13:11,390] [WARNING] 배치 535 - 양자화 관련 오류 발생, 스킵
[2025-06-03 21:13:11,425] [WARNING] 배치 536 - 양자화 관련 오류 발생, 스킵
[2025-06-03 21:13:12,334] [WARNING] 배치 537 - 양자화 관련 오류 발생, 스킵
[2025-06-03 21:13:12,426] [WARNING] 배치 538 - 양자화 관련 오류 발생, 스킵
[2025-06-03 21:13:12,440] [WARNING] 배치 539 - 양자화 관련 오류 발생, 스킵
[2025-06-03 21:13:12,455] [WARNING] 배치 540 - 양자화 관련 오류 발생, 스킵
[2025-06-03 21:13:13,847] [WARNING] 배치 541 - 양자화 관련 오류 발생, 스킵
[2025-06-03 21:13:13,863] [WARNING] 배치 542 - 양자화 관련 오류 발생, 스킵
[2025-06-03 21:13:13,870] [WARNING] 배치 543 - 양자화 관련 오류 발생, 스킵
[2025-06-03 21:13:13,909] [WARNING] 배치 544 - 양자화 관련 오류 발생, 스킵
[2025-06-03 21:13:15,103] [WARNING] 배치 545 - 양자화 관련 오류 발생, 스킵
[2025-06-03 21:13:15,149] [WARNING] 배치 546 - 양자화 관련 오류 발생, 스킵
[2025-06-03 21:13:15,168] [WARNING] 배치 547 - 양자화 관련 오류 발생, 스킵
[2025-06-03 21:13:15,889] [WARNING] 배치 548 - 양자화 관련 오류 발생, 스킵
[2025-06-03 21:13:16,411] [WARNING] 배치 549 - 양자화 관련 오류 발생, 스킵
[2025-06-03 21:13:16,421] [WARNING] 배치 550 - 양자화 관련 오류 발생, 스킵
[2025-06-03 21:13:16,425] [WARNING] 배치 551 - 양자화 관련 오류 발생, 스킵
[2025-06-03 21:13:16,510] [WARNING] 배치 552 - 양자화 관련 오류 발생, 스킵
[2025-06-03 21:13:17,667] [WARNING] 배치 553 - 양자화 관련 오류 발생, 스킵
[2025-06-03 21:13:17,685] [WARNING] 배치 554 - 양자화 관련 오류 발생, 스킵
[2025-06-03 21:13:17,690] [WARNING] 배치 555 - 양자화 관련 오류 발생, 스킵
[2025-06-03 21:13:17,912] [WARNING] 배치 556 - 양자화 관련 오류 발생, 스킵
[2025-06-03 21:13:18,435] [WARNING] 배치 557 - 양자화 관련 오류 발생, 스킵
[2025-06-03 21:13:18,449] [WARNING] 배치 558 - 양자화 관련 오류 발생, 스킵
[2025-06-03 21:13:18,453] [WARNING] 배치 559 - 양자화 관련 오류 발생, 스킵
[2025-06-03 21:13:18,574] [WARNING] 배치 560 - 양자화 관련 오류 발생, 스킵
[2025-06-03 21:13:19,634] [WARNING] 배치 561 - 양자화 관련 오류 발생, 스킵
[2025-06-03 21:13:19,636] [WARNING] 배치 562 - 양자화 관련 오류 발생, 스킵
[2025-06-03 21:13:19,641] [WARNING] 배치 563 - 양자화 관련 오류 발생, 스킵
[2025-06-03 21:13:19,646] [WARNING] 배치 564 - 양자화 관련 오류 발생, 스킵
[2025-06-03 21:13:20,293] [WARNING] 배치 565 - 양자화 관련 오류 발생, 스킵
[2025-06-03 21:13:20,300] [WARNING] 배치 566 - 양자화 관련 오류 발생, 스킵
[2025-06-03 21:13:20,317] [WARNING] 배치 567 - 양자화 관련 오류 발생, 스킵
[2025-06-03 21:13:20,324] [WARNING] 배치 568 - 양자화 관련 오류 발생, 스킵
[2025-06-03 21:13:21,450] [WARNING] 배치 569 - 양자화 관련 오류 발생, 스킵
[2025-06-03 21:13:21,454] [WARNING] 배치 570 - 양자화 관련 오류 발생, 스킵
[2025-06-03 21:13:21,461] [WARNING] 배치 571 - 양자화 관련 오류 발생, 스킵
[2025-06-03 21:13:21,464] [WARNING] 배치 572 - 양자화 관련 오류 발생, 스킵
[2025-06-03 21:13:22,236] [WARNING] 배치 573 - 양자화 관련 오류 발생, 스킵
[2025-06-03 21:13:22,254] [WARNING] 배치 574 - 양자화 관련 오류 발생, 스킵
[2025-06-03 21:13:22,272] [WARNING] 배치 575 - 양자화 관련 오류 발생, 스킵
[2025-06-03 21:13:22,277] [WARNING] 배치 576 - 양자화 관련 오류 발생, 스킵
[2025-06-03 21:13:23,462] [WARNING] 배치 577 - 양자화 관련 오류 발생, 스킵
[2025-06-03 21:13:23,471] [WARNING] 배치 578 - 양자화 관련 오류 발생, 스킵
[2025-06-03 21:13:23,480] [WARNING] 배치 579 - 양자화 관련 오류 발생, 스킵
[2025-06-03 21:13:23,489] [WARNING] 배치 580 - 양자화 관련 오류 발생, 스킵
[2025-06-03 21:13:24,498] [WARNING] 배치 581 - 양자화 관련 오류 발생, 스킵
[2025-06-03 21:13:24,525] [WARNING] 배치 582 - 양자화 관련 오류 발생, 스킵
[2025-06-03 21:13:24,541] [WARNING] 배치 583 - 양자화 관련 오류 발생, 스킵
[2025-06-03 21:13:24,546] [WARNING] 배치 584 - 양자화 관련 오류 발생, 스킵
[2025-06-03 21:13:25,843] [WARNING] 배치 585 - 양자화 관련 오류 발생, 스킵
[2025-06-03 21:13:25,861] [WARNING] 배치 586 - 양자화 관련 오류 발생, 스킵
[2025-06-03 21:13:25,889] [WARNING] 배치 587 - 양자화 관련 오류 발생, 스킵
[2025-06-03 21:13:25,895] [WARNING] 배치 588 - 양자화 관련 오류 발생, 스킵
[2025-06-03 21:13:27,068] [WARNING] 배치 589 - 양자화 관련 오류 발생, 스킵
[2025-06-03 21:13:27,086] [WARNING] 배치 590 - 양자화 관련 오류 발생, 스킵
[2025-06-03 21:13:27,091] [WARNING] 배치 591 - 양자화 관련 오류 발생, 스킵
[2025-06-03 21:13:27,097] [WARNING] 배치 592 - 양자화 관련 오류 발생, 스킵
[2025-06-03 21:13:29,137] [WARNING] 배치 593 - 양자화 관련 오류 발생, 스킵
[2025-06-03 21:13:29,140] [WARNING] 배치 594 - 양자화 관련 오류 발생, 스킵
[2025-06-03 21:13:29,142] [WARNING] 배치 595 - 양자화 관련 오류 발생, 스킵
[2025-06-03 21:13:29,153] [WARNING] 배치 596 - 양자화 관련 오류 발생, 스킵
[2025-06-03 21:13:30,882] [WARNING] 배치 597 - 양자화 관련 오류 발생, 스킵
[2025-06-03 21:13:30,892] [WARNING] 배치 598 - 양자화 관련 오류 발생, 스킵
[2025-06-03 21:13:30,900] [WARNING] 배치 599 - 양자화 관련 오류 발생, 스킵
[2025-06-03 21:13:30,907] [WARNING] 배치 600 - 양자화 관련 오류 발생, 스킵
[2025-06-03 21:13:31,534] [WARNING] 배치 601 - 양자화 관련 오류 발생, 스킵
[2025-06-03 21:13:31,546] [WARNING] 배치 602 - 양자화 관련 오류 발생, 스킵
[2025-06-03 21:13:31,553] [WARNING] 배치 603 - 양자화 관련 오류 발생, 스킵
[2025-06-03 21:13:31,562] [WARNING] 배치 604 - 양자화 관련 오류 발생, 스킵
[2025-06-03 21:13:32,943] [WARNING] 배치 605 - 양자화 관련 오류 발생, 스킵
[2025-06-03 21:13:32,948] [WARNING] 배치 606 - 양자화 관련 오류 발생, 스킵
[2025-06-03 21:13:32,958] [WARNING] 배치 607 - 양자화 관련 오류 발생, 스킵
[2025-06-03 21:13:32,964] [WARNING] 배치 608 - 양자화 관련 오류 발생, 스킵
[2025-06-03 21:13:34,157] [WARNING] 배치 609 - 양자화 관련 오류 발생, 스킵
[2025-06-03 21:13:34,160] [WARNING] 배치 610 - 양자화 관련 오류 발생, 스킵
[2025-06-03 21:13:34,189] [WARNING] 배치 611 - 양자화 관련 오류 발생, 스킵
[2025-06-03 21:13:34,192] [WARNING] 배치 612 - 양자화 관련 오류 발생, 스킵
[2025-06-03 21:13:35,392] [WARNING] 배치 613 - 양자화 관련 오류 발생, 스킵
[2025-06-03 21:13:35,398] [WARNING] 배치 614 - 양자화 관련 오류 발생, 스킵
[2025-06-03 21:13:35,413] [WARNING] 배치 615 - 양자화 관련 오류 발생, 스킵
[2025-06-03 21:13:35,420] [WARNING] 배치 616 - 양자화 관련 오류 발생, 스킵
[2025-06-03 21:13:36,082] [WARNING] 배치 617 - 양자화 관련 오류 발생, 스킵
[2025-06-03 21:13:36,089] [WARNING] 배치 618 - 양자화 관련 오류 발생, 스킵
[2025-06-03 21:13:36,105] [WARNING] 배치 619 - 양자화 관련 오류 발생, 스킵
[2025-06-03 21:13:36,113] [WARNING] 배치 620 - 양자화 관련 오류 발생, 스킵
[2025-06-03 21:13:37,374] [WARNING] 배치 621 - 양자화 관련 오류 발생, 스킵
[2025-06-03 21:13:37,379] [WARNING] 배치 622 - 양자화 관련 오류 발생, 스킵
[2025-06-03 21:13:37,383] [WARNING] 배치 623 - 양자화 관련 오류 발생, 스킵
[2025-06-03 21:13:37,398] [WARNING] 배치 624 - 양자화 관련 오류 발생, 스킵
[2025-06-03 21:13:39,013] [WARNING] 배치 625 - 양자화 관련 오류 발생, 스킵
[2025-06-03 21:13:39,019] [WARNING] 배치 626 - 양자화 관련 오류 발생, 스킵
[2025-06-03 21:13:39,029] [WARNING] 배치 627 - 양자화 관련 오류 발생, 스킵
[2025-06-03 21:13:39,031] [WARNING] 배치 628 - 양자화 관련 오류 발생, 스킵
[2025-06-03 21:13:39,652] [WARNING] 배치 629 - 양자화 관련 오류 발생, 스킵
[2025-06-03 21:13:39,661] [WARNING] 배치 630 - 양자화 관련 오류 발생, 스킵
[2025-06-03 21:13:39,673] [WARNING] 배치 631 - 양자화 관련 오류 발생, 스킵
[2025-06-03 21:13:39,678] [WARNING] 배치 632 - 양자화 관련 오류 발생, 스킵
