[2025-05-30T10:24:03.389932] 
============================================================
[2025-05-30T10:24:03.390009] 일괄 FLOPs/Parameters 계산 시작
[2025-05-30T10:24:03.390025] ============================================================
[2025-05-30T10:24:03.390299] 
발견된 모델 수: 12
[2025-05-30T10:24:03.390340] 모델 목록: googlenet, mobilenet_v2, mobilenet_v3_large, mobilenet_v3_small, resnet18, resnet50, shufflenet_v2_x0_5, shufflenet_v2_x1_0, shufflenet_v2_x1_5, shufflenet_v2_x2_0, squeezenet1_0, squeezenet1_1
[2025-05-30T10:24:03.390367] 
처리 중: googlenet
[2025-05-30T10:24:03.656601]   - GFLOPs: 1.51
[2025-05-30T10:24:03.656722]   - Parameters: 6.62M
[2025-05-30T10:24:03.656827]   - 성공적으로 계산 완료
[2025-05-30T10:24:03.656996] 
처리 중: mobilenet_v2
[2025-05-30T10:24:03.777258]   - GFLOPs: 0.32
[2025-05-30T10:24:03.777403]   - Parameters: 3.50M
[2025-05-30T10:24:03.777424]   - 성공적으로 계산 완료
[2025-05-30T10:24:03.777446] 
처리 중: mobilenet_v3_large
[2025-05-30T10:24:03.936493]   - GFLOPs: 0.23
[2025-05-30T10:24:03.936615]   - Parameters: 5.48M
[2025-05-30T10:24:03.936653]   - 성공적으로 계산 완료
[2025-05-30T10:24:03.936690] 
처리 중: mobilenet_v3_small
[2025-05-30T10:24:04.005444]   - GFLOPs: 0.06
[2025-05-30T10:24:04.005577]   - Parameters: 2.54M
[2025-05-30T10:24:04.005597]   - 성공적으로 계산 완료
[2025-05-30T10:24:04.005634] 
처리 중: resnet18
[2025-05-30T10:24:04.218208]   - GFLOPs: 1.83
[2025-05-30T10:24:04.218348]   - Parameters: 11.69M
[2025-05-30T10:24:04.218475]   - 성공적으로 계산 완료
[2025-05-30T10:24:04.218609] 
처리 중: resnet50
[2025-05-30T10:24:04.637676]   - GFLOPs: 4.13
[2025-05-30T10:24:04.637831]   - Parameters: 25.56M
[2025-05-30T10:24:04.637864]   - 성공적으로 계산 완료
[2025-05-30T10:24:04.637887] 
처리 중: shufflenet_v2_x0_5
[2025-05-30T10:24:04.681261]   - GFLOPs: 0.04
[2025-05-30T10:24:04.681398]   - Parameters: 1.37M
[2025-05-30T10:24:04.681435]   - 성공적으로 계산 완료
[2025-05-30T10:24:04.681467] 
처리 중: shufflenet_v2_x1_0
[2025-05-30T10:24:04.735321]   - GFLOPs: 0.15
[2025-05-30T10:24:04.735468]   - Parameters: 2.28M
[2025-05-30T10:24:04.735488]   - 성공적으로 계산 완료
[2025-05-30T10:24:04.735546] 
처리 중: shufflenet_v2_x1_5
[2025-05-30T10:24:04.900469]   - GFLOPs: 0.31
[2025-05-30T10:24:04.900621]   - Parameters: 3.50M
[2025-05-30T10:24:04.900666]   - 성공적으로 계산 완료
[2025-05-30T10:24:04.900691] 
처리 중: shufflenet_v2_x2_0
[2025-05-30T10:24:05.030890]   - GFLOPs: 0.60
[2025-05-30T10:24:05.031047]   - Parameters: 7.39M
[2025-05-30T10:24:05.031102]   - 성공적으로 계산 완료
[2025-05-30T10:24:05.031126] 
처리 중: squeezenet1_0
[2025-05-30T10:24:05.090874]   - GFLOPs: 0.84
[2025-05-30T10:24:05.091013]   - Parameters: 1.25M
[2025-05-30T10:24:05.091033]   - 성공적으로 계산 완료
[2025-05-30T10:24:05.091049] 
처리 중: squeezenet1_1
[2025-05-30T10:24:05.139046]   - GFLOPs: 0.36
[2025-05-30T10:24:05.139198]   - Parameters: 1.24M
[2025-05-30T10:24:05.139247]   - 성공적으로 계산 완료
[2025-05-30T10:24:05.139615] 

=== 처리 완료 ===
[2025-05-30T10:24:05.139658] 성공: 12개
[2025-05-30T10:24:05.139674] 실패: 0개
[2025-05-30T10:24:05.139685] 스킵: 0개
[2025-05-30T10:24:05.139697] 결과 저장: /home/minha/raspberrypi/imagenet/eval_with_flops.csv
[2025-05-30T10:24:05.139709] 
최종 결과:
[2025-05-30T10:24:05.139752] ----------------------------------------------------------------------------------------------------------------------------------
[2025-05-30T10:24:05.139776] Model                Top1   Top5   Conf   Time(ms)  Size(MB)  GFLOPs   Params(M) 
[2025-05-30T10:24:05.139791] ----------------------------------------------------------------------------------------------------------------------------------
[2025-05-30T10:24:05.139829] googlenet            0.6978 0.8953 0.6352 35.98     26.67     1.51     6.62      
[2025-05-30T10:24:05.139866] mobilenet_v2         0.7201 0.9062 0.3534 13.93     14.26     0.32     3.50      
[2025-05-30T10:24:05.139909] mobilenet_v3_large   0.7530 0.9263 0.5793 10.56     22.13     0.23     5.48      
[2025-05-30T10:24:05.139945] mobilenet_v3_small   0.6767 0.8740 0.7008 3.42      10.30     0.06     2.54      
[2025-05-30T10:24:05.139966] resnet18             0.6976 0.8908 0.7202 19.21     46.83     1.83     11.69     
[2025-05-30T10:24:05.139999] resnet50             0.8035 0.9513 0.3961 58.32     102.54    4.13     25.56     
[2025-05-30T10:24:05.140034] shufflenet_v2_x0_5   0.6055 0.8175 0.6562 7.73      5.61      0.04     1.37      
[2025-05-30T10:24:05.140071] shufflenet_v2_x1_0   0.6936 0.8832 0.7658 14.49     9.28      0.15     2.28      
[2025-05-30T10:24:05.140091] shufflenet_v2_x1_5   0.7278 0.9105 0.4071 16.83     14.22     0.31     3.50      
[2025-05-30T10:24:05.140124] shufflenet_v2_x2_0   0.7621 0.9288 0.4634 31.51     29.81     0.60     7.39      
[2025-05-30T10:24:05.140146] squeezenet1_0        0.5809 0.8042 0.5850 48.26     5.01      0.84     1.25      
[2025-05-30T10:24:05.140182] squeezenet1_1        0.5818 0.8062 0.5902 22.28     4.96      0.36     1.24      
[2025-05-30T10:24:05.140213] ----------------------------------------------------------------------------------------------------------------------------------
[2025-05-30T10:24:05.140243] 
============================================================
[2025-05-30T10:24:05.140259] 일괄 처리 완료
[2025-05-30T10:24:05.140287] ============================================================

