[2025-06-03 21:16:30,226] [INFO] ============================================================
[2025-06-03 21:16:30,227] [INFO] 양자화 로거 초기화
[2025-06-03 21:16:30,227] [INFO] 로그 디렉토리: quantization_results/mobilenet_v3_small_20250603_211630
[2025-06-03 21:16:30,227] [INFO] 메인 로그: quantization_results/mobilenet_v3_small_20250603_211630/quantization_20250603_211630.log
[2025-06-03 21:16:30,227] [INFO] 에러 로그: quantization_results/mobilenet_v3_small_20250603_211630/errors_20250603_211630.log
[2025-06-03 21:16:30,227] [INFO] ============================================================
[2025-06-03 21:16:30,227] [INFO] MobileNetQuantization 초기화: mobilenet_v3_small
[2025-06-03 21:16:30,227] [INFO] 모델 로드 중: mobilenet_v3_small
[2025-06-03 21:16:30,399] [INFO] 모델 아키텍처: mobilenet_v3_small
[2025-06-03 21:16:30,401] [INFO] 파라미터 수: 2,542,856
[2025-06-03 21:16:30,401] [INFO] 모델 로드 성공
[2025-06-03 21:16:30,401] [INFO] ============================================================
[2025-06-03 21:16:30,401] [INFO] 데이터 로더 준비 시작
[2025-06-03 21:16:30,401] [INFO] 학습 데이터 경로: /home/minha/.cache/kagglehub/datasets/tusonggao/imagenet-train-subset-100k/versions/1/imagenet_subtrain
[2025-06-03 21:16:30,401] [INFO] 검증 데이터 경로: /home/minha/.cache/kagglehub/datasets/tusonggao/imagenet-validation-dataset/versions/1/imagenet_validation
[2025-06-03 21:16:30,402] [INFO] 데이터셋 로드 중...
[2025-06-03 21:16:31,409] [INFO] 학습 데이터: 100000 샘플
[2025-06-03 21:16:31,410] [INFO] 검증 데이터: 50000 샘플
[2025-06-03 21:16:31,410] [INFO] 클래스 수: 1000
[2025-06-03 21:16:31,410] [INFO] 배치 크기: 16
[2025-06-03 21:16:31,410] [INFO] 워커 수: 4
[2025-06-03 21:16:31,411] [INFO] 체크포인트 저장: quantization_results/mobilenet_v3_small_20250603_211630/dataset_info.json
[2025-06-03 21:16:31,411] [INFO] 데이터 로더 생성 완료
[2025-06-03 21:16:31,412] [INFO] 양자화 백엔드: fbgemm
[2025-06-03 21:16:31,412] [INFO] 원본 모델 평가 시작...
[2025-06-03 21:16:32,468] [DEBUG] 원본 모델 평가 진행: 0/3125 배치
[2025-06-03 21:16:52,861] [DEBUG] 원본 모델 평가 진행: 100/3125 배치
[2025-06-03 21:17:28,857] [DEBUG] 원본 모델 평가 진행: 200/3125 배치
[2025-06-03 21:18:13,359] [DEBUG] 원본 모델 평가 진행: 300/3125 배치
[2025-06-03 21:18:41,339] [DEBUG] 원본 모델 평가 진행: 400/3125 배치
[2025-06-03 21:19:18,487] [DEBUG] 원본 모델 평가 진행: 500/3125 배치
[2025-06-03 21:19:51,015] [DEBUG] 원본 모델 평가 진행: 600/3125 배치
[2025-06-03 21:20:16,013] [DEBUG] 원본 모델 평가 진행: 700/3125 배치
[2025-06-03 21:20:57,668] [DEBUG] 원본 모델 평가 진행: 800/3125 배치
[2025-06-03 21:21:40,579] [DEBUG] 원본 모델 평가 진행: 900/3125 배치
[2025-06-03 21:22:20,857] [DEBUG] 원본 모델 평가 진행: 1000/3125 배치
[2025-06-03 21:22:58,211] [DEBUG] 원본 모델 평가 진행: 1100/3125 배치
[2025-06-03 21:24:00,926] [DEBUG] 원본 모델 평가 진행: 1200/3125 배치
[2025-06-03 21:24:28,419] [DEBUG] 원본 모델 평가 진행: 1300/3125 배치
[2025-06-03 21:25:31,983] [DEBUG] 원본 모델 평가 진행: 1400/3125 배치
[2025-06-03 21:26:06,513] [DEBUG] 원본 모델 평가 진행: 1500/3125 배치
[2025-06-03 21:27:17,524] [DEBUG] 원본 모델 평가 진행: 1600/3125 배치
[2025-06-03 21:28:43,215] [DEBUG] 원본 모델 평가 진행: 1700/3125 배치
[2025-06-03 21:29:26,739] [DEBUG] 원본 모델 평가 진행: 1800/3125 배치
[2025-06-03 21:30:08,695] [DEBUG] 원본 모델 평가 진행: 1900/3125 배치
[2025-06-03 21:31:11,006] [DEBUG] 원본 모델 평가 진행: 2000/3125 배치
[2025-06-03 21:32:38,800] [DEBUG] 원본 모델 평가 진행: 2100/3125 배치
[2025-06-03 21:33:42,619] [DEBUG] 원본 모델 평가 진행: 2200/3125 배치
[2025-06-03 21:34:21,996] [DEBUG] 원본 모델 평가 진행: 2300/3125 배치
[2025-06-03 21:35:14,975] [DEBUG] 원본 모델 평가 진행: 2400/3125 배치
[2025-06-03 21:36:02,444] [DEBUG] 원본 모델 평가 진행: 2500/3125 배치
[2025-06-03 21:37:04,297] [DEBUG] 원본 모델 평가 진행: 2600/3125 배치
[2025-06-03 21:37:59,206] [DEBUG] 원본 모델 평가 진행: 2700/3125 배치
[2025-06-03 21:38:33,182] [DEBUG] 원본 모델 평가 진행: 2800/3125 배치
[2025-06-03 21:39:54,687] [DEBUG] 원본 모델 평가 진행: 2900/3125 배치
[2025-06-03 21:40:32,089] [DEBUG] 원본 모델 평가 진행: 3000/3125 배치
[2025-06-03 21:41:44,752] [DEBUG] 원본 모델 평가 진행: 3100/3125 배치
[2025-06-03 21:41:53,198] [INFO] 원본 모델 평가 완료 - 정확도: 67.67%
[2025-06-03 21:41:53,214] [INFO] 체크포인트 저장: quantization_results/mobilenet_v3_small_20250603_211630/evaluation_원본_모델_평가.json
[2025-06-03 21:41:53,237] [INFO] 모델 크기: 9.75 MB
[2025-06-03 21:41:53,239] [INFO] 추론 시간 측정 시작...
[2025-06-03 21:41:53,262] [DEBUG] 모델 워밍업 중...
[2025-06-03 21:41:54,523] [DEBUG] 100회 추론 시간 측정 중...
[2025-06-03 21:41:54,635] [DEBUG] 추론 진행: 0/100
[2025-06-03 21:41:55,794] [DEBUG] 추론 진행: 20/100
[2025-06-03 21:41:56,561] [DEBUG] 추론 진행: 40/100
[2025-06-03 21:41:57,103] [DEBUG] 추론 진행: 60/100
[2025-06-03 21:41:57,697] [DEBUG] 추론 진행: 80/100
[2025-06-03 21:41:58,178] [INFO] 평균 추론 시간: 36.55 ms
[2025-06-03 21:41:58,225] [INFO] MobileNetV3 모듈 융합 완료
[2025-06-03 21:44:46,550] [INFO] 양자화 모델 평가 시작...
[2025-06-03 21:44:47,051] [WARNING] 배치 0 - 양자화 관련 오류 발생, 스킵
[2025-06-03 21:44:47,055] [WARNING] 배치 1 - 양자화 관련 오류 발생, 스킵
[2025-06-03 21:44:47,058] [WARNING] 배치 2 - 양자화 관련 오류 발생, 스킵
[2025-06-03 21:44:47,061] [WARNING] 배치 3 - 양자화 관련 오류 발생, 스킵
[2025-06-03 21:44:47,287] [WARNING] 배치 4 - 양자화 관련 오류 발생, 스킵
[2025-06-03 21:44:47,290] [WARNING] 배치 5 - 양자화 관련 오류 발생, 스킵
[2025-06-03 21:44:47,340] [WARNING] 배치 6 - 양자화 관련 오류 발생, 스킵
[2025-06-03 21:44:47,343] [WARNING] 배치 7 - 양자화 관련 오류 발생, 스킵
[2025-06-03 21:44:47,682] [WARNING] 배치 8 - 양자화 관련 오류 발생, 스킵
[2025-06-03 21:44:47,860] [WARNING] 배치 9 - 양자화 관련 오류 발생, 스킵
[2025-06-03 21:44:48,029] [WARNING] 배치 10 - 양자화 관련 오류 발생, 스킵
[2025-06-03 21:44:48,032] [WARNING] 배치 11 - 양자화 관련 오류 발생, 스킵
[2025-06-03 21:44:48,037] [WARNING] 배치 12 - 양자화 관련 오류 발생, 스킵
[2025-06-03 21:44:48,199] [WARNING] 배치 13 - 양자화 관련 오류 발생, 스킵
[2025-06-03 21:44:48,388] [WARNING] 배치 14 - 양자화 관련 오류 발생, 스킵
[2025-06-03 21:44:48,391] [WARNING] 배치 15 - 양자화 관련 오류 발생, 스킵
[2025-06-03 21:44:48,394] [WARNING] 배치 16 - 양자화 관련 오류 발생, 스킵
[2025-06-03 21:44:48,525] [WARNING] 배치 17 - 양자화 관련 오류 발생, 스킵
[2025-06-03 21:44:48,870] [WARNING] 배치 18 - 양자화 관련 오류 발생, 스킵
[2025-06-03 21:44:48,873] [WARNING] 배치 19 - 양자화 관련 오류 발생, 스킵
[2025-06-03 21:44:48,877] [WARNING] 배치 20 - 양자화 관련 오류 발생, 스킵
[2025-06-03 21:44:48,881] [WARNING] 배치 21 - 양자화 관련 오류 발생, 스킵
[2025-06-03 21:44:49,279] [WARNING] 배치 22 - 양자화 관련 오류 발생, 스킵
[2025-06-03 21:44:49,283] [WARNING] 배치 23 - 양자화 관련 오류 발생, 스킵
[2025-06-03 21:44:49,287] [WARNING] 배치 24 - 양자화 관련 오류 발생, 스킵
[2025-06-03 21:44:49,291] [WARNING] 배치 25 - 양자화 관련 오류 발생, 스킵
[2025-06-03 21:44:49,636] [WARNING] 배치 26 - 양자화 관련 오류 발생, 스킵
[2025-06-03 21:44:49,639] [WARNING] 배치 27 - 양자화 관련 오류 발생, 스킵
[2025-06-03 21:44:49,641] [WARNING] 배치 28 - 양자화 관련 오류 발생, 스킵
[2025-06-03 21:44:49,643] [WARNING] 배치 29 - 양자화 관련 오류 발생, 스킵
[2025-06-03 21:44:49,956] [WARNING] 배치 30 - 양자화 관련 오류 발생, 스킵
[2025-06-03 21:44:49,958] [WARNING] 배치 31 - 양자화 관련 오류 발생, 스킵
[2025-06-03 21:44:49,961] [WARNING] 배치 32 - 양자화 관련 오류 발생, 스킵
[2025-06-03 21:44:49,963] [WARNING] 배치 33 - 양자화 관련 오류 발생, 스킵
[2025-06-03 21:44:50,312] [WARNING] 배치 34 - 양자화 관련 오류 발생, 스킵
[2025-06-03 21:44:50,318] [WARNING] 배치 35 - 양자화 관련 오류 발생, 스킵
[2025-06-03 21:44:50,322] [WARNING] 배치 36 - 양자화 관련 오류 발생, 스킵
[2025-06-03 21:44:50,326] [WARNING] 배치 37 - 양자화 관련 오류 발생, 스킵
[2025-06-03 21:44:50,665] [WARNING] 배치 38 - 양자화 관련 오류 발생, 스킵
[2025-06-03 21:44:50,668] [WARNING] 배치 39 - 양자화 관련 오류 발생, 스킵
[2025-06-03 21:44:50,671] [WARNING] 배치 40 - 양자화 관련 오류 발생, 스킵
[2025-06-03 21:44:50,675] [WARNING] 배치 41 - 양자화 관련 오류 발생, 스킵
[2025-06-03 21:44:50,975] [WARNING] 배치 42 - 양자화 관련 오류 발생, 스킵
[2025-06-03 21:44:50,979] [WARNING] 배치 43 - 양자화 관련 오류 발생, 스킵
[2025-06-03 21:44:50,981] [WARNING] 배치 44 - 양자화 관련 오류 발생, 스킵
[2025-06-03 21:44:50,986] [WARNING] 배치 45 - 양자화 관련 오류 발생, 스킵
[2025-06-03 21:44:51,282] [WARNING] 배치 46 - 양자화 관련 오류 발생, 스킵
[2025-06-03 21:44:51,287] [WARNING] 배치 47 - 양자화 관련 오류 발생, 스킵
[2025-06-03 21:44:51,289] [WARNING] 배치 48 - 양자화 관련 오류 발생, 스킵
[2025-06-03 21:44:51,294] [WARNING] 배치 49 - 양자화 관련 오류 발생, 스킵
[2025-06-03 21:44:51,597] [WARNING] 배치 50 - 양자화 관련 오류 발생, 스킵
[2025-06-03 21:44:51,603] [WARNING] 배치 51 - 양자화 관련 오류 발생, 스킵
[2025-06-03 21:44:51,606] [WARNING] 배치 52 - 양자화 관련 오류 발생, 스킵
[2025-06-03 21:44:51,610] [WARNING] 배치 53 - 양자화 관련 오류 발생, 스킵
[2025-06-03 21:44:51,889] [WARNING] 배치 54 - 양자화 관련 오류 발생, 스킵
[2025-06-03 21:44:51,891] [WARNING] 배치 55 - 양자화 관련 오류 발생, 스킵
[2025-06-03 21:44:51,894] [WARNING] 배치 56 - 양자화 관련 오류 발생, 스킵
[2025-06-03 21:44:51,906] [WARNING] 배치 57 - 양자화 관련 오류 발생, 스킵
[2025-06-03 21:44:52,213] [WARNING] 배치 58 - 양자화 관련 오류 발생, 스킵
[2025-06-03 21:44:52,215] [WARNING] 배치 59 - 양자화 관련 오류 발생, 스킵
[2025-06-03 21:44:52,219] [WARNING] 배치 60 - 양자화 관련 오류 발생, 스킵
[2025-06-03 21:44:52,228] [WARNING] 배치 61 - 양자화 관련 오류 발생, 스킵
[2025-06-03 21:44:52,569] [WARNING] 배치 62 - 양자화 관련 오류 발생, 스킵
[2025-06-03 21:44:52,572] [WARNING] 배치 63 - 양자화 관련 오류 발생, 스킵
[2025-06-03 21:44:52,575] [WARNING] 배치 64 - 양자화 관련 오류 발생, 스킵
[2025-06-03 21:44:52,587] [WARNING] 배치 65 - 양자화 관련 오류 발생, 스킵
[2025-06-03 21:44:52,891] [WARNING] 배치 66 - 양자화 관련 오류 발생, 스킵
[2025-06-03 21:44:52,896] [WARNING] 배치 67 - 양자화 관련 오류 발생, 스킵
[2025-06-03 21:44:52,898] [WARNING] 배치 68 - 양자화 관련 오류 발생, 스킵
[2025-06-03 21:44:52,909] [WARNING] 배치 69 - 양자화 관련 오류 발생, 스킵
[2025-06-03 21:44:53,211] [WARNING] 배치 70 - 양자화 관련 오류 발생, 스킵
[2025-06-03 21:44:53,215] [WARNING] 배치 71 - 양자화 관련 오류 발생, 스킵
[2025-06-03 21:44:53,219] [WARNING] 배치 72 - 양자화 관련 오류 발생, 스킵
[2025-06-03 21:44:53,226] [WARNING] 배치 73 - 양자화 관련 오류 발생, 스킵
[2025-06-03 21:44:53,524] [WARNING] 배치 74 - 양자화 관련 오류 발생, 스킵
[2025-06-03 21:44:53,529] [WARNING] 배치 75 - 양자화 관련 오류 발생, 스킵
[2025-06-03 21:44:53,533] [WARNING] 배치 76 - 양자화 관련 오류 발생, 스킵
[2025-06-03 21:44:53,591] [WARNING] 배치 77 - 양자화 관련 오류 발생, 스킵
[2025-06-03 21:44:54,163] [WARNING] 배치 78 - 양자화 관련 오류 발생, 스킵
[2025-06-03 21:44:54,166] [WARNING] 배치 79 - 양자화 관련 오류 발생, 스킵
[2025-06-03 21:44:54,168] [WARNING] 배치 80 - 양자화 관련 오류 발생, 스킵
[2025-06-03 21:44:54,170] [WARNING] 배치 81 - 양자화 관련 오류 발생, 스킵
[2025-06-03 21:44:54,602] [WARNING] 배치 82 - 양자화 관련 오류 발생, 스킵
[2025-06-03 21:44:54,610] [WARNING] 배치 83 - 양자화 관련 오류 발생, 스킵
[2025-06-03 21:44:54,708] [WARNING] 배치 84 - 양자화 관련 오류 발생, 스킵
[2025-06-03 21:44:54,713] [WARNING] 배치 85 - 양자화 관련 오류 발생, 스킵
[2025-06-03 21:44:55,045] [WARNING] 배치 86 - 양자화 관련 오류 발생, 스킵
[2025-06-03 21:44:55,049] [WARNING] 배치 87 - 양자화 관련 오류 발생, 스킵
[2025-06-03 21:44:55,128] [WARNING] 배치 88 - 양자화 관련 오류 발생, 스킵
[2025-06-03 21:44:55,130] [WARNING] 배치 89 - 양자화 관련 오류 발생, 스킵
[2025-06-03 21:44:55,361] [WARNING] 배치 90 - 양자화 관련 오류 발생, 스킵
[2025-06-03 21:44:55,364] [WARNING] 배치 91 - 양자화 관련 오류 발생, 스킵
[2025-06-03 21:44:55,432] [WARNING] 배치 92 - 양자화 관련 오류 발생, 스킵
[2025-06-03 21:44:55,434] [WARNING] 배치 93 - 양자화 관련 오류 발생, 스킵
[2025-06-03 21:44:55,666] [WARNING] 배치 94 - 양자화 관련 오류 발생, 스킵
[2025-06-03 21:44:55,671] [WARNING] 배치 95 - 양자화 관련 오류 발생, 스킵
[2025-06-03 21:44:55,719] [WARNING] 배치 96 - 양자화 관련 오류 발생, 스킵
[2025-06-03 21:44:55,722] [WARNING] 배치 97 - 양자화 관련 오류 발생, 스킵
[2025-06-03 21:44:55,923] [WARNING] 배치 98 - 양자화 관련 오류 발생, 스킵
[2025-06-03 21:44:55,926] [WARNING] 배치 99 - 양자화 관련 오류 발생, 스킵
[2025-06-03 21:44:55,968] [WARNING] 배치 100 - 양자화 관련 오류 발생, 스킵
[2025-06-03 21:44:55,970] [WARNING] 배치 101 - 양자화 관련 오류 발생, 스킵
[2025-06-03 21:44:56,340] [WARNING] 배치 102 - 양자화 관련 오류 발생, 스킵
[2025-06-03 21:44:56,343] [WARNING] 배치 103 - 양자화 관련 오류 발생, 스킵
[2025-06-03 21:44:56,345] [WARNING] 배치 104 - 양자화 관련 오류 발생, 스킵
[2025-06-03 21:44:56,347] [WARNING] 배치 105 - 양자화 관련 오류 발생, 스킵
[2025-06-03 21:44:56,660] [WARNING] 배치 106 - 양자화 관련 오류 발생, 스킵
[2025-06-03 21:44:56,663] [WARNING] 배치 107 - 양자화 관련 오류 발생, 스킵
[2025-06-03 21:44:56,665] [WARNING] 배치 108 - 양자화 관련 오류 발생, 스킵
[2025-06-03 21:44:56,669] [WARNING] 배치 109 - 양자화 관련 오류 발생, 스킵
[2025-06-03 21:44:57,013] [WARNING] 배치 110 - 양자화 관련 오류 발생, 스킵
[2025-06-03 21:44:57,015] [WARNING] 배치 111 - 양자화 관련 오류 발생, 스킵
[2025-06-03 21:44:57,017] [WARNING] 배치 112 - 양자화 관련 오류 발생, 스킵
[2025-06-03 21:44:57,020] [WARNING] 배치 113 - 양자화 관련 오류 발생, 스킵
[2025-06-03 21:44:57,394] [WARNING] 배치 114 - 양자화 관련 오류 발생, 스킵
[2025-06-03 21:44:57,396] [WARNING] 배치 115 - 양자화 관련 오류 발생, 스킵
[2025-06-03 21:44:57,398] [WARNING] 배치 116 - 양자화 관련 오류 발생, 스킵
[2025-06-03 21:44:57,401] [WARNING] 배치 117 - 양자화 관련 오류 발생, 스킵
[2025-06-03 21:44:57,680] [WARNING] 배치 118 - 양자화 관련 오류 발생, 스킵
[2025-06-03 21:44:57,683] [WARNING] 배치 119 - 양자화 관련 오류 발생, 스킵
[2025-06-03 21:44:57,685] [WARNING] 배치 120 - 양자화 관련 오류 발생, 스킵
[2025-06-03 21:44:57,686] [WARNING] 배치 121 - 양자화 관련 오류 발생, 스킵
[2025-06-03 21:44:57,951] [WARNING] 배치 122 - 양자화 관련 오류 발생, 스킵
[2025-06-03 21:44:57,954] [WARNING] 배치 123 - 양자화 관련 오류 발생, 스킵
[2025-06-03 21:44:57,957] [WARNING] 배치 124 - 양자화 관련 오류 발생, 스킵
[2025-06-03 21:44:57,960] [WARNING] 배치 125 - 양자화 관련 오류 발생, 스킵
[2025-06-03 21:44:58,202] [WARNING] 배치 126 - 양자화 관련 오류 발생, 스킵
[2025-06-03 21:44:58,205] [WARNING] 배치 127 - 양자화 관련 오류 발생, 스킵
[2025-06-03 21:44:58,207] [WARNING] 배치 128 - 양자화 관련 오류 발생, 스킵
[2025-06-03 21:44:58,210] [WARNING] 배치 129 - 양자화 관련 오류 발생, 스킵
[2025-06-03 21:44:58,533] [WARNING] 배치 130 - 양자화 관련 오류 발생, 스킵
[2025-06-03 21:44:58,535] [WARNING] 배치 131 - 양자화 관련 오류 발생, 스킵
[2025-06-03 21:44:58,538] [WARNING] 배치 132 - 양자화 관련 오류 발생, 스킵
[2025-06-03 21:44:58,588] [WARNING] 배치 133 - 양자화 관련 오류 발생, 스킵
[2025-06-03 21:44:58,834] [WARNING] 배치 134 - 양자화 관련 오류 발생, 스킵
[2025-06-03 21:44:58,839] [WARNING] 배치 135 - 양자화 관련 오류 발생, 스킵
[2025-06-03 21:44:58,843] [WARNING] 배치 136 - 양자화 관련 오류 발생, 스킵
[2025-06-03 21:44:58,920] [WARNING] 배치 137 - 양자화 관련 오류 발생, 스킵
[2025-06-03 21:44:59,233] [WARNING] 배치 138 - 양자화 관련 오류 발생, 스킵
[2025-06-03 21:44:59,236] [WARNING] 배치 139 - 양자화 관련 오류 발생, 스킵
[2025-06-03 21:44:59,240] [WARNING] 배치 140 - 양자화 관련 오류 발생, 스킵
[2025-06-03 21:44:59,334] [WARNING] 배치 141 - 양자화 관련 오류 발생, 스킵
[2025-06-03 21:44:59,581] [WARNING] 배치 142 - 양자화 관련 오류 발생, 스킵
[2025-06-03 21:44:59,584] [WARNING] 배치 143 - 양자화 관련 오류 발생, 스킵
[2025-06-03 21:44:59,586] [WARNING] 배치 144 - 양자화 관련 오류 발생, 스킵
[2025-06-03 21:44:59,780] [WARNING] 배치 145 - 양자화 관련 오류 발생, 스킵
[2025-06-03 21:44:59,911] [WARNING] 배치 146 - 양자화 관련 오류 발생, 스킵
[2025-06-03 21:44:59,914] [WARNING] 배치 147 - 양자화 관련 오류 발생, 스킵
[2025-06-03 21:44:59,918] [WARNING] 배치 148 - 양자화 관련 오류 발생, 스킵
[2025-06-03 21:45:00,064] [WARNING] 배치 149 - 양자화 관련 오류 발생, 스킵
[2025-06-03 21:45:00,244] [WARNING] 배치 150 - 양자화 관련 오류 발생, 스킵
[2025-06-03 21:45:00,246] [WARNING] 배치 151 - 양자화 관련 오류 발생, 스킵
[2025-06-03 21:45:00,250] [WARNING] 배치 152 - 양자화 관련 오류 발생, 스킵
[2025-06-03 21:45:00,450] [WARNING] 배치 153 - 양자화 관련 오류 발생, 스킵
[2025-06-03 21:45:00,623] [WARNING] 배치 154 - 양자화 관련 오류 발생, 스킵
[2025-06-03 21:45:00,626] [WARNING] 배치 155 - 양자화 관련 오류 발생, 스킵
[2025-06-03 21:45:00,628] [WARNING] 배치 156 - 양자화 관련 오류 발생, 스킵
[2025-06-03 21:45:00,800] [WARNING] 배치 157 - 양자화 관련 오류 발생, 스킵
[2025-06-03 21:45:01,004] [WARNING] 배치 158 - 양자화 관련 오류 발생, 스킵
[2025-06-03 21:45:01,006] [WARNING] 배치 159 - 양자화 관련 오류 발생, 스킵
[2025-06-03 21:45:01,010] [WARNING] 배치 160 - 양자화 관련 오류 발생, 스킵
[2025-06-03 21:45:01,206] [WARNING] 배치 161 - 양자화 관련 오류 발생, 스킵
[2025-06-03 21:45:01,389] [WARNING] 배치 162 - 양자화 관련 오류 발생, 스킵
[2025-06-03 21:45:01,391] [WARNING] 배치 163 - 양자화 관련 오류 발생, 스킵
[2025-06-03 21:45:01,394] [WARNING] 배치 164 - 양자화 관련 오류 발생, 스킵
[2025-06-03 21:45:01,545] [WARNING] 배치 165 - 양자화 관련 오류 발생, 스킵
[2025-06-03 21:45:01,729] [WARNING] 배치 166 - 양자화 관련 오류 발생, 스킵
[2025-06-03 21:45:01,732] [WARNING] 배치 167 - 양자화 관련 오류 발생, 스킵
[2025-06-03 21:45:01,735] [WARNING] 배치 168 - 양자화 관련 오류 발생, 스킵
[2025-06-03 21:45:02,038] [WARNING] 배치 169 - 양자화 관련 오류 발생, 스킵
[2025-06-03 21:45:02,185] [WARNING] 배치 170 - 양자화 관련 오류 발생, 스킵
[2025-06-03 21:45:02,187] [WARNING] 배치 171 - 양자화 관련 오류 발생, 스킵
[2025-06-03 21:45:02,189] [WARNING] 배치 172 - 양자화 관련 오류 발생, 스킵
[2025-06-03 21:45:02,387] [WARNING] 배치 173 - 양자화 관련 오류 발생, 스킵
[2025-06-03 21:45:02,514] [WARNING] 배치 174 - 양자화 관련 오류 발생, 스킵
[2025-06-03 21:45:02,517] [WARNING] 배치 175 - 양자화 관련 오류 발생, 스킵
[2025-06-03 21:45:02,527] [WARNING] 배치 176 - 양자화 관련 오류 발생, 스킵
[2025-06-03 21:45:02,719] [WARNING] 배치 177 - 양자화 관련 오류 발생, 스킵
[2025-06-03 21:45:02,852] [WARNING] 배치 178 - 양자화 관련 오류 발생, 스킵
[2025-06-03 21:45:02,854] [WARNING] 배치 179 - 양자화 관련 오류 발생, 스킵
[2025-06-03 21:45:02,867] [WARNING] 배치 180 - 양자화 관련 오류 발생, 스킵
[2025-06-03 21:45:03,119] [WARNING] 배치 181 - 양자화 관련 오류 발생, 스킵
[2025-06-03 21:45:03,243] [WARNING] 배치 182 - 양자화 관련 오류 발생, 스킵
[2025-06-03 21:45:03,246] [WARNING] 배치 183 - 양자화 관련 오류 발생, 스킵
[2025-06-03 21:45:03,249] [WARNING] 배치 184 - 양자화 관련 오류 발생, 스킵
[2025-06-03 21:45:03,483] [WARNING] 배치 185 - 양자화 관련 오류 발생, 스킵
[2025-06-03 21:45:03,706] [WARNING] 배치 186 - 양자화 관련 오류 발생, 스킵
[2025-06-03 21:45:03,709] [WARNING] 배치 187 - 양자화 관련 오류 발생, 스킵
[2025-06-03 21:45:03,712] [WARNING] 배치 188 - 양자화 관련 오류 발생, 스킵
[2025-06-03 21:45:03,960] [WARNING] 배치 189 - 양자화 관련 오류 발생, 스킵
[2025-06-03 21:45:04,125] [WARNING] 배치 190 - 양자화 관련 오류 발생, 스킵
[2025-06-03 21:45:04,128] [WARNING] 배치 191 - 양자화 관련 오류 발생, 스킵
[2025-06-03 21:45:04,133] [WARNING] 배치 192 - 양자화 관련 오류 발생, 스킵
[2025-06-03 21:45:04,441] [WARNING] 배치 193 - 양자화 관련 오류 발생, 스킵
[2025-06-03 21:45:04,627] [WARNING] 배치 194 - 양자화 관련 오류 발생, 스킵
[2025-06-03 21:45:04,631] [WARNING] 배치 195 - 양자화 관련 오류 발생, 스킵
[2025-06-03 21:45:04,634] [WARNING] 배치 196 - 양자화 관련 오류 발생, 스킵
[2025-06-03 21:45:04,906] [WARNING] 배치 197 - 양자화 관련 오류 발생, 스킵
[2025-06-03 21:45:05,119] [WARNING] 배치 198 - 양자화 관련 오류 발생, 스킵
[2025-06-03 21:45:05,122] [WARNING] 배치 199 - 양자화 관련 오류 발생, 스킵
[2025-06-03 21:45:05,125] [WARNING] 배치 200 - 양자화 관련 오류 발생, 스킵
[2025-06-03 21:45:05,238] [WARNING] 배치 201 - 양자화 관련 오류 발생, 스킵
[2025-06-03 21:45:05,413] [WARNING] 배치 202 - 양자화 관련 오류 발생, 스킵
[2025-06-03 21:45:05,415] [WARNING] 배치 203 - 양자화 관련 오류 발생, 스킵
[2025-06-03 21:45:05,420] [WARNING] 배치 204 - 양자화 관련 오류 발생, 스킵
[2025-06-03 21:45:05,616] [WARNING] 배치 205 - 양자화 관련 오류 발생, 스킵
[2025-06-03 21:45:05,740] [WARNING] 배치 206 - 양자화 관련 오류 발생, 스킵
[2025-06-03 21:45:05,743] [WARNING] 배치 207 - 양자화 관련 오류 발생, 스킵
[2025-06-03 21:45:05,745] [WARNING] 배치 208 - 양자화 관련 오류 발생, 스킵
[2025-06-03 21:45:05,974] [WARNING] 배치 209 - 양자화 관련 오류 발생, 스킵
[2025-06-03 21:45:06,093] [WARNING] 배치 210 - 양자화 관련 오류 발생, 스킵
[2025-06-03 21:45:06,097] [WARNING] 배치 211 - 양자화 관련 오류 발생, 스킵
[2025-06-03 21:45:06,100] [WARNING] 배치 212 - 양자화 관련 오류 발생, 스킵
[2025-06-03 21:45:06,345] [WARNING] 배치 213 - 양자화 관련 오류 발생, 스킵
[2025-06-03 21:45:06,492] [WARNING] 배치 214 - 양자화 관련 오류 발생, 스킵
[2025-06-03 21:45:06,495] [WARNING] 배치 215 - 양자화 관련 오류 발생, 스킵
[2025-06-03 21:45:06,501] [WARNING] 배치 216 - 양자화 관련 오류 발생, 스킵
[2025-06-03 21:45:06,694] [WARNING] 배치 217 - 양자화 관련 오류 발생, 스킵
[2025-06-03 21:45:06,818] [WARNING] 배치 218 - 양자화 관련 오류 발생, 스킵
[2025-06-03 21:45:06,821] [WARNING] 배치 219 - 양자화 관련 오류 발생, 스킵
[2025-06-03 21:45:06,824] [WARNING] 배치 220 - 양자화 관련 오류 발생, 스킵
[2025-06-03 21:45:06,999] [WARNING] 배치 221 - 양자화 관련 오류 발생, 스킵
[2025-06-03 21:45:07,120] [WARNING] 배치 222 - 양자화 관련 오류 발생, 스킵
[2025-06-03 21:45:07,122] [WARNING] 배치 223 - 양자화 관련 오류 발생, 스킵
[2025-06-03 21:45:07,127] [WARNING] 배치 224 - 양자화 관련 오류 발생, 스킵
[2025-06-03 21:45:07,375] [WARNING] 배치 225 - 양자화 관련 오류 발생, 스킵
[2025-06-03 21:45:07,520] [WARNING] 배치 226 - 양자화 관련 오류 발생, 스킵
[2025-06-03 21:45:07,523] [WARNING] 배치 227 - 양자화 관련 오류 발생, 스킵
[2025-06-03 21:45:07,525] [WARNING] 배치 228 - 양자화 관련 오류 발생, 스킵
[2025-06-03 21:45:07,860] [WARNING] 배치 229 - 양자화 관련 오류 발생, 스킵
[2025-06-03 21:45:08,019] [WARNING] 배치 230 - 양자화 관련 오류 발생, 스킵
[2025-06-03 21:45:08,021] [WARNING] 배치 231 - 양자화 관련 오류 발생, 스킵
[2025-06-03 21:45:08,024] [WARNING] 배치 232 - 양자화 관련 오류 발생, 스킵
[2025-06-03 21:45:08,225] [WARNING] 배치 233 - 양자화 관련 오류 발생, 스킵
[2025-06-03 21:45:08,351] [WARNING] 배치 234 - 양자화 관련 오류 발생, 스킵
[2025-06-03 21:45:08,353] [WARNING] 배치 235 - 양자화 관련 오류 발생, 스킵
[2025-06-03 21:45:08,358] [WARNING] 배치 236 - 양자화 관련 오류 발생, 스킵
[2025-06-03 21:45:08,622] [WARNING] 배치 237 - 양자화 관련 오류 발생, 스킵
[2025-06-03 21:45:08,760] [WARNING] 배치 238 - 양자화 관련 오류 발생, 스킵
[2025-06-03 21:45:08,764] [WARNING] 배치 239 - 양자화 관련 오류 발생, 스킵
[2025-06-03 21:45:08,768] [WARNING] 배치 240 - 양자화 관련 오류 발생, 스킵
[2025-06-03 21:45:09,139] [WARNING] 배치 241 - 양자화 관련 오류 발생, 스킵
[2025-06-03 21:45:09,204] [WARNING] 배치 242 - 양자화 관련 오류 발생, 스킵
[2025-06-03 21:45:09,208] [WARNING] 배치 243 - 양자화 관련 오류 발생, 스킵
[2025-06-03 21:45:09,212] [WARNING] 배치 244 - 양자화 관련 오류 발생, 스킵
[2025-06-03 21:45:09,470] [WARNING] 배치 245 - 양자화 관련 오류 발생, 스킵
[2025-06-03 21:45:09,489] [WARNING] 배치 246 - 양자화 관련 오류 발생, 스킵
[2025-06-03 21:45:09,493] [WARNING] 배치 247 - 양자화 관련 오류 발생, 스킵
[2025-06-03 21:45:09,498] [WARNING] 배치 248 - 양자화 관련 오류 발생, 스킵
[2025-06-03 21:45:09,913] [WARNING] 배치 249 - 양자화 관련 오류 발생, 스킵
[2025-06-03 21:45:09,931] [WARNING] 배치 250 - 양자화 관련 오류 발생, 스킵
[2025-06-03 21:45:09,934] [WARNING] 배치 251 - 양자화 관련 오류 발생, 스킵
[2025-06-03 21:45:09,937] [WARNING] 배치 252 - 양자화 관련 오류 발생, 스킵
[2025-06-03 21:45:10,271] [WARNING] 배치 253 - 양자화 관련 오류 발생, 스킵
[2025-06-03 21:45:10,316] [WARNING] 배치 254 - 양자화 관련 오류 발생, 스킵
[2025-06-03 21:45:10,319] [WARNING] 배치 255 - 양자화 관련 오류 발생, 스킵
[2025-06-03 21:45:10,323] [WARNING] 배치 256 - 양자화 관련 오류 발생, 스킵
[2025-06-03 21:45:10,726] [WARNING] 배치 257 - 양자화 관련 오류 발생, 스킵
[2025-06-03 21:45:10,738] [WARNING] 배치 258 - 양자화 관련 오류 발생, 스킵
[2025-06-03 21:45:10,741] [WARNING] 배치 259 - 양자화 관련 오류 발생, 스킵
[2025-06-03 21:45:10,746] [WARNING] 배치 260 - 양자화 관련 오류 발생, 스킵
[2025-06-03 21:45:11,095] [WARNING] 배치 261 - 양자화 관련 오류 발생, 스킵
[2025-06-03 21:45:11,161] [WARNING] 배치 262 - 양자화 관련 오류 발생, 스킵
[2025-06-03 21:45:11,187] [WARNING] 배치 263 - 양자화 관련 오류 발생, 스킵
[2025-06-03 21:45:11,191] [WARNING] 배치 264 - 양자화 관련 오류 발생, 스킵
[2025-06-03 21:45:11,556] [WARNING] 배치 265 - 양자화 관련 오류 발생, 스킵
[2025-06-03 21:45:11,586] [WARNING] 배치 266 - 양자화 관련 오류 발생, 스킵
[2025-06-03 21:45:11,648] [WARNING] 배치 267 - 양자화 관련 오류 발생, 스킵
[2025-06-03 21:45:11,651] [WARNING] 배치 268 - 양자화 관련 오류 발생, 스킵
[2025-06-03 21:45:11,990] [WARNING] 배치 269 - 양자화 관련 오류 발생, 스킵
[2025-06-03 21:45:12,016] [WARNING] 배치 270 - 양자화 관련 오류 발생, 스킵
[2025-06-03 21:45:12,066] [WARNING] 배치 271 - 양자화 관련 오류 발생, 스킵
[2025-06-03 21:45:12,070] [WARNING] 배치 272 - 양자화 관련 오류 발생, 스킵
[2025-06-03 21:45:12,381] [WARNING] 배치 273 - 양자화 관련 오류 발생, 스킵
[2025-06-03 21:45:12,396] [WARNING] 배치 274 - 양자화 관련 오류 발생, 스킵
[2025-06-03 21:45:12,509] [WARNING] 배치 275 - 양자화 관련 오류 발생, 스킵
[2025-06-03 21:45:12,514] [WARNING] 배치 276 - 양자화 관련 오류 발생, 스킵
[2025-06-03 21:45:12,862] [WARNING] 배치 277 - 양자화 관련 오류 발생, 스킵
[2025-06-03 21:45:12,865] [WARNING] 배치 278 - 양자화 관련 오류 발생, 스킵
[2025-06-03 21:45:12,917] [WARNING] 배치 279 - 양자화 관련 오류 발생, 스킵
[2025-06-03 21:45:12,920] [WARNING] 배치 280 - 양자화 관련 오류 발생, 스킵
[2025-06-03 21:45:13,290] [WARNING] 배치 281 - 양자화 관련 오류 발생, 스킵
[2025-06-03 21:45:13,298] [WARNING] 배치 282 - 양자화 관련 오류 발생, 스킵
[2025-06-03 21:45:13,310] [WARNING] 배치 283 - 양자화 관련 오류 발생, 스킵
[2025-06-03 21:45:13,314] [WARNING] 배치 284 - 양자화 관련 오류 발생, 스킵
[2025-06-03 21:45:13,836] [WARNING] 배치 285 - 양자화 관련 오류 발생, 스킵
[2025-06-03 21:45:13,841] [WARNING] 배치 286 - 양자화 관련 오류 발생, 스킵
[2025-06-03 21:45:13,845] [WARNING] 배치 287 - 양자화 관련 오류 발생, 스킵
[2025-06-03 21:45:13,851] [WARNING] 배치 288 - 양자화 관련 오류 발생, 스킵
[2025-06-03 21:45:14,238] [WARNING] 배치 289 - 양자화 관련 오류 발생, 스킵
[2025-06-03 21:45:14,243] [WARNING] 배치 290 - 양자화 관련 오류 발생, 스킵
[2025-06-03 21:45:14,258] [WARNING] 배치 291 - 양자화 관련 오류 발생, 스킵
[2025-06-03 21:45:14,268] [WARNING] 배치 292 - 양자화 관련 오류 발생, 스킵
[2025-06-03 21:45:14,700] [WARNING] 배치 293 - 양자화 관련 오류 발생, 스킵
[2025-06-03 21:45:14,704] [WARNING] 배치 294 - 양자화 관련 오류 발생, 스킵
[2025-06-03 21:45:14,708] [WARNING] 배치 295 - 양자화 관련 오류 발생, 스킵
[2025-06-03 21:45:14,712] [WARNING] 배치 296 - 양자화 관련 오류 발생, 스킵
[2025-06-03 21:45:15,176] [WARNING] 배치 297 - 양자화 관련 오류 발생, 스킵
[2025-06-03 21:45:15,182] [WARNING] 배치 298 - 양자화 관련 오류 발생, 스킵
[2025-06-03 21:45:15,189] [WARNING] 배치 299 - 양자화 관련 오류 발생, 스킵
[2025-06-03 21:45:15,195] [WARNING] 배치 300 - 양자화 관련 오류 발생, 스킵
[2025-06-03 21:45:15,716] [WARNING] 배치 301 - 양자화 관련 오류 발생, 스킵
[2025-06-03 21:45:15,719] [WARNING] 배치 302 - 양자화 관련 오류 발생, 스킵
[2025-06-03 21:45:15,722] [WARNING] 배치 303 - 양자화 관련 오류 발생, 스킵
[2025-06-03 21:45:15,725] [WARNING] 배치 304 - 양자화 관련 오류 발생, 스킵
[2025-06-03 21:45:16,140] [WARNING] 배치 305 - 양자화 관련 오류 발생, 스킵
[2025-06-03 21:45:16,143] [WARNING] 배치 306 - 양자화 관련 오류 발생, 스킵
[2025-06-03 21:45:16,146] [WARNING] 배치 307 - 양자화 관련 오류 발생, 스킵
[2025-06-03 21:45:16,148] [WARNING] 배치 308 - 양자화 관련 오류 발생, 스킵
[2025-06-03 21:45:16,601] [WARNING] 배치 309 - 양자화 관련 오류 발생, 스킵
[2025-06-03 21:45:16,605] [WARNING] 배치 310 - 양자화 관련 오류 발생, 스킵
[2025-06-03 21:45:16,608] [WARNING] 배치 311 - 양자화 관련 오류 발생, 스킵
[2025-06-03 21:45:16,610] [WARNING] 배치 312 - 양자화 관련 오류 발생, 스킵
[2025-06-03 21:45:16,990] [WARNING] 배치 313 - 양자화 관련 오류 발생, 스킵
[2025-06-03 21:45:16,995] [WARNING] 배치 314 - 양자화 관련 오류 발생, 스킵
[2025-06-03 21:45:16,999] [WARNING] 배치 315 - 양자화 관련 오류 발생, 스킵
[2025-06-03 21:45:17,002] [WARNING] 배치 316 - 양자화 관련 오류 발생, 스킵
[2025-06-03 21:45:17,377] [WARNING] 배치 317 - 양자화 관련 오류 발생, 스킵
[2025-06-03 21:45:17,382] [WARNING] 배치 318 - 양자화 관련 오류 발생, 스킵
[2025-06-03 21:45:17,384] [WARNING] 배치 319 - 양자화 관련 오류 발생, 스킵
[2025-06-03 21:45:17,387] [WARNING] 배치 320 - 양자화 관련 오류 발생, 스킵
[2025-06-03 21:45:17,765] [WARNING] 배치 321 - 양자화 관련 오류 발생, 스킵
[2025-06-03 21:45:17,769] [WARNING] 배치 322 - 양자화 관련 오류 발생, 스킵
[2025-06-03 21:45:17,771] [WARNING] 배치 323 - 양자화 관련 오류 발생, 스킵
[2025-06-03 21:45:17,775] [WARNING] 배치 324 - 양자화 관련 오류 발생, 스킵
[2025-06-03 21:45:18,132] [WARNING] 배치 325 - 양자화 관련 오류 발생, 스킵
[2025-06-03 21:45:18,135] [WARNING] 배치 326 - 양자화 관련 오류 발생, 스킵
[2025-06-03 21:45:18,138] [WARNING] 배치 327 - 양자화 관련 오류 발생, 스킵
[2025-06-03 21:45:18,140] [WARNING] 배치 328 - 양자화 관련 오류 발생, 스킵
[2025-06-03 21:45:18,590] [WARNING] 배치 329 - 양자화 관련 오류 발생, 스킵
[2025-06-03 21:45:18,594] [WARNING] 배치 330 - 양자화 관련 오류 발생, 스킵
[2025-06-03 21:45:18,596] [WARNING] 배치 331 - 양자화 관련 오류 발생, 스킵
[2025-06-03 21:45:18,600] [WARNING] 배치 332 - 양자화 관련 오류 발생, 스킵
[2025-06-03 21:45:19,020] [WARNING] 배치 333 - 양자화 관련 오류 발생, 스킵
[2025-06-03 21:45:19,023] [WARNING] 배치 334 - 양자화 관련 오류 발생, 스킵
[2025-06-03 21:45:19,028] [WARNING] 배치 335 - 양자화 관련 오류 발생, 스킵
[2025-06-03 21:45:19,033] [WARNING] 배치 336 - 양자화 관련 오류 발생, 스킵
[2025-06-03 21:45:19,528] [WARNING] 배치 337 - 양자화 관련 오류 발생, 스킵
[2025-06-03 21:45:19,533] [WARNING] 배치 338 - 양자화 관련 오류 발생, 스킵
[2025-06-03 21:45:19,538] [WARNING] 배치 339 - 양자화 관련 오류 발생, 스킵
[2025-06-03 21:45:19,542] [WARNING] 배치 340 - 양자화 관련 오류 발생, 스킵
[2025-06-03 21:45:20,118] [WARNING] 배치 341 - 양자화 관련 오류 발생, 스킵
[2025-06-03 21:45:20,125] [WARNING] 배치 342 - 양자화 관련 오류 발생, 스킵
[2025-06-03 21:45:20,133] [WARNING] 배치 343 - 양자화 관련 오류 발생, 스킵
[2025-06-03 21:45:20,144] [WARNING] 배치 344 - 양자화 관련 오류 발생, 스킵
[2025-06-03 21:45:20,877] [WARNING] 배치 345 - 양자화 관련 오류 발생, 스킵
[2025-06-03 21:45:20,885] [WARNING] 배치 346 - 양자화 관련 오류 발생, 스킵
[2025-06-03 21:45:20,893] [WARNING] 배치 347 - 양자화 관련 오류 발생, 스킵
[2025-06-03 21:45:20,902] [WARNING] 배치 348 - 양자화 관련 오류 발생, 스킵
[2025-06-03 21:45:21,440] [WARNING] 배치 349 - 양자화 관련 오류 발생, 스킵
[2025-06-03 21:45:21,448] [WARNING] 배치 350 - 양자화 관련 오류 발생, 스킵
[2025-06-03 21:45:21,456] [WARNING] 배치 351 - 양자화 관련 오류 발생, 스킵
[2025-06-03 21:45:21,463] [WARNING] 배치 352 - 양자화 관련 오류 발생, 스킵
[2025-06-03 21:45:22,082] [WARNING] 배치 353 - 양자화 관련 오류 발생, 스킵
[2025-06-03 21:45:22,090] [WARNING] 배치 354 - 양자화 관련 오류 발생, 스킵
[2025-06-03 21:45:22,097] [WARNING] 배치 355 - 양자화 관련 오류 발생, 스킵
[2025-06-03 21:45:22,106] [WARNING] 배치 356 - 양자화 관련 오류 발생, 스킵
[2025-06-03 21:45:22,627] [WARNING] 배치 357 - 양자화 관련 오류 발생, 스킵
[2025-06-03 21:45:22,634] [WARNING] 배치 358 - 양자화 관련 오류 발생, 스킵
[2025-06-03 21:45:22,641] [WARNING] 배치 359 - 양자화 관련 오류 발생, 스킵
[2025-06-03 21:45:22,653] [WARNING] 배치 360 - 양자화 관련 오류 발생, 스킵
[2025-06-03 21:45:24,247] [WARNING] 배치 361 - 양자화 관련 오류 발생, 스킵
[2025-06-03 21:45:24,264] [WARNING] 배치 362 - 양자화 관련 오류 발생, 스킵
[2025-06-03 21:45:24,281] [WARNING] 배치 363 - 양자화 관련 오류 발생, 스킵
[2025-06-03 21:45:24,299] [WARNING] 배치 364 - 양자화 관련 오류 발생, 스킵
[2025-06-03 21:45:25,671] [WARNING] 배치 365 - 양자화 관련 오류 발생, 스킵
[2025-06-03 21:45:25,690] [WARNING] 배치 366 - 양자화 관련 오류 발생, 스킵
[2025-06-03 21:45:25,697] [WARNING] 배치 367 - 양자화 관련 오류 발생, 스킵
[2025-06-03 21:45:25,714] [WARNING] 배치 368 - 양자화 관련 오류 발생, 스킵
[2025-06-03 21:45:27,115] [WARNING] 배치 369 - 양자화 관련 오류 발생, 스킵
[2025-06-03 21:45:27,122] [WARNING] 배치 370 - 양자화 관련 오류 발생, 스킵
[2025-06-03 21:45:27,138] [WARNING] 배치 371 - 양자화 관련 오류 발생, 스킵
[2025-06-03 21:45:27,154] [WARNING] 배치 372 - 양자화 관련 오류 발생, 스킵
[2025-06-03 21:45:29,035] [WARNING] 배치 373 - 양자화 관련 오류 발생, 스킵
[2025-06-03 21:45:29,042] [WARNING] 배치 374 - 양자화 관련 오류 발생, 스킵
[2025-06-03 21:45:30,086] [WARNING] 배치 375 - 양자화 관련 오류 발생, 스킵
[2025-06-03 21:45:30,106] [WARNING] 배치 376 - 양자화 관련 오류 발생, 스킵
[2025-06-03 21:45:30,651] [WARNING] 배치 377 - 양자화 관련 오류 발생, 스킵
[2025-06-03 21:45:30,655] [WARNING] 배치 378 - 양자화 관련 오류 발생, 스킵
[2025-06-03 21:45:32,553] [WARNING] 배치 379 - 양자화 관련 오류 발생, 스킵
[2025-06-03 21:45:32,556] [WARNING] 배치 380 - 양자화 관련 오류 발생, 스킵
[2025-06-03 21:45:32,559] [WARNING] 배치 381 - 양자화 관련 오류 발생, 스킵
[2025-06-03 21:45:33,349] [WARNING] 배치 382 - 양자화 관련 오류 발생, 스킵
[2025-06-03 21:45:37,336] [WARNING] 배치 383 - 양자화 관련 오류 발생, 스킵
[2025-06-03 21:45:37,348] [WARNING] 배치 384 - 양자화 관련 오류 발생, 스킵
[2025-06-03 21:45:37,365] [WARNING] 배치 385 - 양자화 관련 오류 발생, 스킵
[2025-06-03 21:45:37,373] [WARNING] 배치 386 - 양자화 관련 오류 발생, 스킵
[2025-06-03 21:45:39,108] [WARNING] 배치 387 - 양자화 관련 오류 발생, 스킵
[2025-06-03 21:45:39,118] [WARNING] 배치 388 - 양자화 관련 오류 발생, 스킵
[2025-06-03 21:45:39,133] [WARNING] 배치 389 - 양자화 관련 오류 발생, 스킵
[2025-06-03 21:45:39,145] [WARNING] 배치 390 - 양자화 관련 오류 발생, 스킵
[2025-06-03 21:45:40,624] [WARNING] 배치 391 - 양자화 관련 오류 발생, 스킵
[2025-06-03 21:45:40,633] [WARNING] 배치 392 - 양자화 관련 오류 발생, 스킵
[2025-06-03 21:45:40,638] [WARNING] 배치 393 - 양자화 관련 오류 발생, 스킵
[2025-06-03 21:45:40,650] [WARNING] 배치 394 - 양자화 관련 오류 발생, 스킵
[2025-06-03 21:45:42,365] [WARNING] 배치 395 - 양자화 관련 오류 발생, 스킵
[2025-06-03 21:45:42,383] [WARNING] 배치 396 - 양자화 관련 오류 발생, 스킵
[2025-06-03 21:45:42,400] [WARNING] 배치 397 - 양자화 관련 오류 발생, 스킵
[2025-06-03 21:45:42,407] [WARNING] 배치 398 - 양자화 관련 오류 발생, 스킵
[2025-06-03 21:45:44,266] [WARNING] 배치 399 - 양자화 관련 오류 발생, 스킵
[2025-06-03 21:45:44,274] [WARNING] 배치 400 - 양자화 관련 오류 발생, 스킵
[2025-06-03 21:45:44,291] [WARNING] 배치 401 - 양자화 관련 오류 발생, 스킵
[2025-06-03 21:45:44,309] [WARNING] 배치 402 - 양자화 관련 오류 발생, 스킵
[2025-06-03 21:45:45,753] [WARNING] 배치 403 - 양자화 관련 오류 발생, 스킵
[2025-06-03 21:45:45,757] [WARNING] 배치 404 - 양자화 관련 오류 발생, 스킵
[2025-06-03 21:45:45,763] [WARNING] 배치 405 - 양자화 관련 오류 발생, 스킵
[2025-06-03 21:45:45,771] [WARNING] 배치 406 - 양자화 관련 오류 발생, 스킵
[2025-06-03 21:45:47,242] [WARNING] 배치 407 - 양자화 관련 오류 발생, 스킵
[2025-06-03 21:45:47,247] [WARNING] 배치 408 - 양자화 관련 오류 발생, 스킵
[2025-06-03 21:45:47,260] [WARNING] 배치 409 - 양자화 관련 오류 발생, 스킵
[2025-06-03 21:45:47,264] [WARNING] 배치 410 - 양자화 관련 오류 발생, 스킵
[2025-06-03 21:45:47,982] [WARNING] 배치 411 - 양자화 관련 오류 발생, 스킵
[2025-06-03 21:45:47,990] [WARNING] 배치 412 - 양자화 관련 오류 발생, 스킵
[2025-06-03 21:45:48,005] [WARNING] 배치 413 - 양자화 관련 오류 발생, 스킵
[2025-06-03 21:45:48,013] [WARNING] 배치 414 - 양자화 관련 오류 발생, 스킵
[2025-06-03 21:45:49,479] [WARNING] 배치 415 - 양자화 관련 오류 발생, 스킵
[2025-06-03 21:45:49,489] [WARNING] 배치 416 - 양자화 관련 오류 발생, 스킵
[2025-06-03 21:45:49,497] [WARNING] 배치 417 - 양자화 관련 오류 발생, 스킵
[2025-06-03 21:45:49,502] [WARNING] 배치 418 - 양자화 관련 오류 발생, 스킵
[2025-06-03 21:45:50,533] [WARNING] 배치 419 - 양자화 관련 오류 발생, 스킵
[2025-06-03 21:45:50,549] [WARNING] 배치 420 - 양자화 관련 오류 발생, 스킵
[2025-06-03 21:45:50,557] [WARNING] 배치 421 - 양자화 관련 오류 발생, 스킵
[2025-06-03 21:45:50,577] [WARNING] 배치 422 - 양자화 관련 오류 발생, 스킵
[2025-06-03 21:45:52,535] [WARNING] 배치 423 - 양자화 관련 오류 발생, 스킵
[2025-06-03 21:45:52,552] [WARNING] 배치 424 - 양자화 관련 오류 발생, 스킵
[2025-06-03 21:45:52,559] [WARNING] 배치 425 - 양자화 관련 오류 발생, 스킵
[2025-06-03 21:45:52,577] [WARNING] 배치 426 - 양자화 관련 오류 발생, 스킵
[2025-06-03 21:45:56,382] [WARNING] 배치 427 - 양자화 관련 오류 발생, 스킵
[2025-06-03 21:45:56,387] [WARNING] 배치 428 - 양자화 관련 오류 발생, 스킵
[2025-06-03 21:45:56,392] [WARNING] 배치 429 - 양자화 관련 오류 발생, 스킵
[2025-06-03 21:45:56,396] [WARNING] 배치 430 - 양자화 관련 오류 발생, 스킵
[2025-06-03 21:46:00,067] [WARNING] 배치 431 - 양자화 관련 오류 발생, 스킵
[2025-06-03 21:46:00,096] [WARNING] 배치 432 - 양자화 관련 오류 발생, 스킵
[2025-06-03 21:46:00,103] [WARNING] 배치 433 - 양자화 관련 오류 발생, 스킵
[2025-06-03 21:46:00,116] [WARNING] 배치 434 - 양자화 관련 오류 발생, 스킵
[2025-06-03 21:46:03,015] [WARNING] 배치 435 - 양자화 관련 오류 발생, 스킵
[2025-06-03 21:46:03,069] [WARNING] 배치 436 - 양자화 관련 오류 발생, 스킵
[2025-06-03 21:46:03,077] [WARNING] 배치 437 - 양자화 관련 오류 발생, 스킵
[2025-06-03 21:46:03,082] [WARNING] 배치 438 - 양자화 관련 오류 발생, 스킵
[2025-06-03 21:46:08,352] [WARNING] 배치 439 - 양자화 관련 오류 발생, 스킵
[2025-06-03 21:46:08,357] [WARNING] 배치 440 - 양자화 관련 오류 발생, 스킵
[2025-06-03 21:46:08,360] [WARNING] 배치 441 - 양자화 관련 오류 발생, 스킵
[2025-06-03 21:46:08,363] [WARNING] 배치 442 - 양자화 관련 오류 발생, 스킵
[2025-06-03 21:46:09,465] [WARNING] 배치 443 - 양자화 관련 오류 발생, 스킵
[2025-06-03 21:46:09,484] [WARNING] 배치 444 - 양자화 관련 오류 발생, 스킵
[2025-06-03 21:46:09,488] [WARNING] 배치 445 - 양자화 관련 오류 발생, 스킵
[2025-06-03 21:46:09,494] [WARNING] 배치 446 - 양자화 관련 오류 발생, 스킵
[2025-06-03 21:46:11,120] [WARNING] 배치 447 - 양자화 관련 오류 발생, 스킵
[2025-06-03 21:46:11,129] [WARNING] 배치 448 - 양자화 관련 오류 발생, 스킵
[2025-06-03 21:46:11,145] [WARNING] 배치 449 - 양자화 관련 오류 발생, 스킵
[2025-06-03 21:46:11,161] [WARNING] 배치 450 - 양자화 관련 오류 발생, 스킵
[2025-06-03 21:46:12,914] [WARNING] 배치 451 - 양자화 관련 오류 발생, 스킵
[2025-06-03 21:46:12,926] [WARNING] 배치 452 - 양자화 관련 오류 발생, 스킵
[2025-06-03 21:46:12,944] [WARNING] 배치 453 - 양자화 관련 오류 발생, 스킵
[2025-06-03 21:46:12,973] [WARNING] 배치 454 - 양자화 관련 오류 발생, 스킵
[2025-06-03 21:46:14,884] [WARNING] 배치 455 - 양자화 관련 오류 발생, 스킵
[2025-06-03 21:46:14,890] [WARNING] 배치 456 - 양자화 관련 오류 발생, 스킵
[2025-06-03 21:46:14,894] [WARNING] 배치 457 - 양자화 관련 오류 발생, 스킵
[2025-06-03 21:46:14,909] [WARNING] 배치 458 - 양자화 관련 오류 발생, 스킵
[2025-06-03 21:46:16,330] [WARNING] 배치 459 - 양자화 관련 오류 발생, 스킵
[2025-06-03 21:46:16,340] [WARNING] 배치 460 - 양자화 관련 오류 발생, 스킵
[2025-06-03 21:46:16,346] [WARNING] 배치 461 - 양자화 관련 오류 발생, 스킵
[2025-06-03 21:46:16,351] [WARNING] 배치 462 - 양자화 관련 오류 발생, 스킵
[2025-06-03 21:46:17,715] [WARNING] 배치 463 - 양자화 관련 오류 발생, 스킵
[2025-06-03 21:46:17,732] [WARNING] 배치 464 - 양자화 관련 오류 발생, 스킵
[2025-06-03 21:46:17,751] [WARNING] 배치 465 - 양자화 관련 오류 발생, 스킵
[2025-06-03 21:46:17,758] [WARNING] 배치 466 - 양자화 관련 오류 발생, 스킵
[2025-06-03 21:46:19,373] [WARNING] 배치 467 - 양자화 관련 오류 발생, 스킵
[2025-06-03 21:46:19,387] [WARNING] 배치 468 - 양자화 관련 오류 발생, 스킵
[2025-06-03 21:46:19,394] [WARNING] 배치 469 - 양자화 관련 오류 발생, 스킵
[2025-06-03 21:46:19,409] [WARNING] 배치 470 - 양자화 관련 오류 발생, 스킵
[2025-06-03 21:46:20,674] [WARNING] 배치 471 - 양자화 관련 오류 발생, 스킵
[2025-06-03 21:46:20,684] [WARNING] 배치 472 - 양자화 관련 오류 발생, 스킵
[2025-06-03 21:46:20,692] [WARNING] 배치 473 - 양자화 관련 오류 발생, 스킵
[2025-06-03 21:46:20,700] [WARNING] 배치 474 - 양자화 관련 오류 발생, 스킵
[2025-06-03 21:46:23,904] [WARNING] 배치 475 - 양자화 관련 오류 발생, 스킵
[2025-06-03 21:46:23,923] [WARNING] 배치 476 - 양자화 관련 오류 발생, 스킵
[2025-06-03 21:46:23,931] [WARNING] 배치 477 - 양자화 관련 오류 발생, 스킵
[2025-06-03 21:46:23,936] [WARNING] 배치 478 - 양자화 관련 오류 발생, 스킵
[2025-06-03 21:46:25,742] [WARNING] 배치 479 - 양자화 관련 오류 발생, 스킵
[2025-06-03 21:46:25,755] [WARNING] 배치 480 - 양자화 관련 오류 발생, 스킵
[2025-06-03 21:46:25,772] [WARNING] 배치 481 - 양자화 관련 오류 발생, 스킵
[2025-06-03 21:46:25,781] [WARNING] 배치 482 - 양자화 관련 오류 발생, 스킵
[2025-06-03 21:46:27,153] [WARNING] 배치 483 - 양자화 관련 오류 발생, 스킵
[2025-06-03 21:46:27,162] [WARNING] 배치 484 - 양자화 관련 오류 발생, 스킵
[2025-06-03 21:46:27,180] [WARNING] 배치 485 - 양자화 관련 오류 발생, 스킵
[2025-06-03 21:46:27,197] [WARNING] 배치 486 - 양자화 관련 오류 발생, 스킵
[2025-06-03 21:46:28,809] [WARNING] 배치 487 - 양자화 관련 오류 발생, 스킵
[2025-06-03 21:46:28,824] [WARNING] 배치 488 - 양자화 관련 오류 발생, 스킵
[2025-06-03 21:46:28,842] [WARNING] 배치 489 - 양자화 관련 오류 발생, 스킵
[2025-06-03 21:46:28,877] [WARNING] 배치 490 - 양자화 관련 오류 발생, 스킵
[2025-06-03 21:46:29,939] [WARNING] 배치 491 - 양자화 관련 오류 발생, 스킵
[2025-06-03 21:46:29,951] [WARNING] 배치 492 - 양자화 관련 오류 발생, 스킵
[2025-06-03 21:46:29,964] [WARNING] 배치 493 - 양자화 관련 오류 발생, 스킵
[2025-06-03 21:46:29,980] [WARNING] 배치 494 - 양자화 관련 오류 발생, 스킵
[2025-06-03 21:46:31,391] [WARNING] 배치 495 - 양자화 관련 오류 발생, 스킵
[2025-06-03 21:46:31,400] [WARNING] 배치 496 - 양자화 관련 오류 발생, 스킵
[2025-06-03 21:46:31,416] [WARNING] 배치 497 - 양자화 관련 오류 발생, 스킵
[2025-06-03 21:46:31,424] [WARNING] 배치 498 - 양자화 관련 오류 발생, 스킵
[2025-06-03 21:46:33,107] [WARNING] 배치 499 - 양자화 관련 오류 발생, 스킵
[2025-06-03 21:46:33,115] [WARNING] 배치 500 - 양자화 관련 오류 발생, 스킵
[2025-06-03 21:46:33,121] [WARNING] 배치 501 - 양자화 관련 오류 발생, 스킵
[2025-06-03 21:46:33,126] [WARNING] 배치 502 - 양자화 관련 오류 발생, 스킵
[2025-06-03 21:46:35,399] [WARNING] 배치 503 - 양자화 관련 오류 발생, 스킵
[2025-06-03 21:46:35,407] [WARNING] 배치 504 - 양자화 관련 오류 발생, 스킵
[2025-06-03 21:46:35,421] [WARNING] 배치 505 - 양자화 관련 오류 발생, 스킵
[2025-06-03 21:46:35,426] [WARNING] 배치 506 - 양자화 관련 오류 발생, 스킵
[2025-06-03 21:46:36,345] [WARNING] 배치 507 - 양자화 관련 오류 발생, 스킵
[2025-06-03 21:46:36,373] [WARNING] 배치 508 - 양자화 관련 오류 발생, 스킵
[2025-06-03 21:46:36,390] [WARNING] 배치 509 - 양자화 관련 오류 발생, 스킵
[2025-06-03 21:46:37,365] [WARNING] 배치 510 - 양자화 관련 오류 발생, 스킵
[2025-06-03 21:46:37,993] [WARNING] 배치 511 - 양자화 관련 오류 발생, 스킵
[2025-06-03 21:46:38,006] [WARNING] 배치 512 - 양자화 관련 오류 발생, 스킵
[2025-06-03 21:46:38,023] [WARNING] 배치 513 - 양자화 관련 오류 발생, 스킵
[2025-06-03 21:46:38,565] [WARNING] 배치 514 - 양자화 관련 오류 발생, 스킵
[2025-06-03 21:46:39,466] [WARNING] 배치 515 - 양자화 관련 오류 발생, 스킵
[2025-06-03 21:46:39,474] [WARNING] 배치 516 - 양자화 관련 오류 발생, 스킵
[2025-06-03 21:46:39,485] [WARNING] 배치 517 - 양자화 관련 오류 발생, 스킵
[2025-06-03 21:46:39,579] [WARNING] 배치 518 - 양자화 관련 오류 발생, 스킵
[2025-06-03 21:46:40,610] [WARNING] 배치 519 - 양자화 관련 오류 발생, 스킵
[2025-06-03 21:46:40,620] [WARNING] 배치 520 - 양자화 관련 오류 발생, 스킵
[2025-06-03 21:46:40,626] [WARNING] 배치 521 - 양자화 관련 오류 발생, 스킵
[2025-06-03 21:46:40,803] [WARNING] 배치 522 - 양자화 관련 오류 발생, 스킵
[2025-06-03 21:46:41,357] [WARNING] 배치 523 - 양자화 관련 오류 발생, 스킵
[2025-06-03 21:46:41,364] [WARNING] 배치 524 - 양자화 관련 오류 발생, 스킵
[2025-06-03 21:46:41,373] [WARNING] 배치 525 - 양자화 관련 오류 발생, 스킵
[2025-06-03 21:46:41,696] [WARNING] 배치 526 - 양자화 관련 오류 발생, 스킵
[2025-06-03 21:46:42,252] [WARNING] 배치 527 - 양자화 관련 오류 발생, 스킵
[2025-06-03 21:46:42,282] [WARNING] 배치 528 - 양자화 관련 오류 발생, 스킵
[2025-06-03 21:46:42,300] [WARNING] 배치 529 - 양자화 관련 오류 발생, 스킵
[2025-06-03 21:46:42,719] [WARNING] 배치 530 - 양자화 관련 오류 발생, 스킵
[2025-06-03 21:46:43,337] [WARNING] 배치 531 - 양자화 관련 오류 발생, 스킵
[2025-06-03 21:46:43,348] [WARNING] 배치 532 - 양자화 관련 오류 발생, 스킵
[2025-06-03 21:46:43,353] [WARNING] 배치 533 - 양자화 관련 오류 발생, 스킵
[2025-06-03 21:46:43,551] [WARNING] 배치 534 - 양자화 관련 오류 발생, 스킵
[2025-06-03 21:46:43,913] [WARNING] 배치 535 - 양자화 관련 오류 발생, 스킵
[2025-06-03 21:46:43,920] [WARNING] 배치 536 - 양자화 관련 오류 발생, 스킵
[2025-06-03 21:46:43,928] [WARNING] 배치 537 - 양자화 관련 오류 발생, 스킵
[2025-06-03 21:46:44,216] [WARNING] 배치 538 - 양자화 관련 오류 발생, 스킵
[2025-06-03 21:46:44,660] [WARNING] 배치 539 - 양자화 관련 오류 발생, 스킵
[2025-06-03 21:46:44,670] [WARNING] 배치 540 - 양자화 관련 오류 발생, 스킵
[2025-06-03 21:46:44,679] [WARNING] 배치 541 - 양자화 관련 오류 발생, 스킵
[2025-06-03 21:46:45,012] [WARNING] 배치 542 - 양자화 관련 오류 발생, 스킵
[2025-06-03 21:46:45,384] [WARNING] 배치 543 - 양자화 관련 오류 발생, 스킵
[2025-06-03 21:46:45,392] [WARNING] 배치 544 - 양자화 관련 오류 발생, 스킵
[2025-06-03 21:46:45,399] [WARNING] 배치 545 - 양자화 관련 오류 발생, 스킵
[2025-06-03 21:46:45,819] [WARNING] 배치 546 - 양자화 관련 오류 발생, 스킵
[2025-06-03 21:46:46,923] [WARNING] 배치 547 - 양자화 관련 오류 발생, 스킵
[2025-06-03 21:46:46,928] [WARNING] 배치 548 - 양자화 관련 오류 발생, 스킵
[2025-06-03 21:46:46,931] [WARNING] 배치 549 - 양자화 관련 오류 발생, 스킵
[2025-06-03 21:46:46,934] [WARNING] 배치 550 - 양자화 관련 오류 발생, 스킵
[2025-06-03 21:46:47,365] [WARNING] 배치 551 - 양자화 관련 오류 발생, 스킵
[2025-06-03 21:46:47,374] [WARNING] 배치 552 - 양자화 관련 오류 발생, 스킵
[2025-06-03 21:46:47,380] [WARNING] 배치 553 - 양자화 관련 오류 발생, 스킵
[2025-06-03 21:46:47,386] [WARNING] 배치 554 - 양자화 관련 오류 발생, 스킵
[2025-06-03 21:46:48,065] [WARNING] 배치 555 - 양자화 관련 오류 발생, 스킵
[2025-06-03 21:46:48,070] [WARNING] 배치 556 - 양자화 관련 오류 발생, 스킵
[2025-06-03 21:46:48,073] [WARNING] 배치 557 - 양자화 관련 오류 발생, 스킵
[2025-06-03 21:46:48,078] [WARNING] 배치 558 - 양자화 관련 오류 발생, 스킵
[2025-06-03 21:46:48,714] [WARNING] 배치 559 - 양자화 관련 오류 발생, 스킵
[2025-06-03 21:46:48,718] [WARNING] 배치 560 - 양자화 관련 오류 발생, 스킵
[2025-06-03 21:46:48,724] [WARNING] 배치 561 - 양자화 관련 오류 발생, 스킵
[2025-06-03 21:46:48,729] [WARNING] 배치 562 - 양자화 관련 오류 발생, 스킵
[2025-06-03 21:46:49,344] [WARNING] 배치 563 - 양자화 관련 오류 발생, 스킵
[2025-06-03 21:46:49,352] [WARNING] 배치 564 - 양자화 관련 오류 발생, 스킵
[2025-06-03 21:46:49,358] [WARNING] 배치 565 - 양자화 관련 오류 발생, 스킵
[2025-06-03 21:46:49,364] [WARNING] 배치 566 - 양자화 관련 오류 발생, 스킵
[2025-06-03 21:46:50,143] [WARNING] 배치 567 - 양자화 관련 오류 발생, 스킵
[2025-06-03 21:46:50,148] [WARNING] 배치 568 - 양자화 관련 오류 발생, 스킵
[2025-06-03 21:46:50,154] [WARNING] 배치 569 - 양자화 관련 오류 발생, 스킵
[2025-06-03 21:46:50,159] [WARNING] 배치 570 - 양자화 관련 오류 발생, 스킵
[2025-06-03 21:46:50,717] [WARNING] 배치 571 - 양자화 관련 오류 발생, 스킵
[2025-06-03 21:46:50,721] [WARNING] 배치 572 - 양자화 관련 오류 발생, 스킵
[2025-06-03 21:46:50,724] [WARNING] 배치 573 - 양자화 관련 오류 발생, 스킵
[2025-06-03 21:46:50,729] [WARNING] 배치 574 - 양자화 관련 오류 발생, 스킵
[2025-06-03 21:46:51,180] [WARNING] 배치 575 - 양자화 관련 오류 발생, 스킵
[2025-06-03 21:46:51,185] [WARNING] 배치 576 - 양자화 관련 오류 발생, 스킵
[2025-06-03 21:46:51,189] [WARNING] 배치 577 - 양자화 관련 오류 발생, 스킵
[2025-06-03 21:46:51,192] [WARNING] 배치 578 - 양자화 관련 오류 발생, 스킵
[2025-06-03 21:46:51,726] [WARNING] 배치 579 - 양자화 관련 오류 발생, 스킵
[2025-06-03 21:46:51,731] [WARNING] 배치 580 - 양자화 관련 오류 발생, 스킵
[2025-06-03 21:46:51,735] [WARNING] 배치 581 - 양자화 관련 오류 발생, 스킵
[2025-06-03 21:46:51,738] [WARNING] 배치 582 - 양자화 관련 오류 발생, 스킵
[2025-06-03 21:46:52,217] [WARNING] 배치 583 - 양자화 관련 오류 발생, 스킵
[2025-06-03 21:46:52,222] [WARNING] 배치 584 - 양자화 관련 오류 발생, 스킵
[2025-06-03 21:46:52,228] [WARNING] 배치 585 - 양자화 관련 오류 발생, 스킵
[2025-06-03 21:46:52,233] [WARNING] 배치 586 - 양자화 관련 오류 발생, 스킵
[2025-06-03 21:46:52,725] [WARNING] 배치 587 - 양자화 관련 오류 발생, 스킵
[2025-06-03 21:46:52,731] [WARNING] 배치 588 - 양자화 관련 오류 발생, 스킵
[2025-06-03 21:46:52,736] [WARNING] 배치 589 - 양자화 관련 오류 발생, 스킵
[2025-06-03 21:46:52,743] [WARNING] 배치 590 - 양자화 관련 오류 발생, 스킵
[2025-06-03 21:46:53,367] [WARNING] 배치 591 - 양자화 관련 오류 발생, 스킵
[2025-06-03 21:46:53,371] [WARNING] 배치 592 - 양자화 관련 오류 발생, 스킵
[2025-06-03 21:46:53,377] [WARNING] 배치 593 - 양자화 관련 오류 발생, 스킵
[2025-06-03 21:46:53,383] [WARNING] 배치 594 - 양자화 관련 오류 발생, 스킵
[2025-06-03 21:46:54,449] [WARNING] 배치 595 - 양자화 관련 오류 발생, 스킵
[2025-06-03 21:46:54,457] [WARNING] 배치 596 - 양자화 관련 오류 발생, 스킵
[2025-06-03 21:46:54,461] [WARNING] 배치 597 - 양자화 관련 오류 발생, 스킵
[2025-06-03 21:46:54,472] [WARNING] 배치 598 - 양자화 관련 오류 발생, 스킵
[2025-06-03 21:46:55,133] [WARNING] 배치 599 - 양자화 관련 오류 발생, 스킵
[2025-06-03 21:46:55,138] [WARNING] 배치 600 - 양자화 관련 오류 발생, 스킵
[2025-06-03 21:46:55,147] [WARNING] 배치 601 - 양자화 관련 오류 발생, 스킵
[2025-06-03 21:46:55,155] [WARNING] 배치 602 - 양자화 관련 오류 발생, 스킵
[2025-06-03 21:46:55,985] [WARNING] 배치 603 - 양자화 관련 오류 발생, 스킵
[2025-06-03 21:46:55,991] [WARNING] 배치 604 - 양자화 관련 오류 발생, 스킵
[2025-06-03 21:46:55,997] [WARNING] 배치 605 - 양자화 관련 오류 발생, 스킵
[2025-06-03 21:46:56,003] [WARNING] 배치 606 - 양자화 관련 오류 발생, 스킵
[2025-06-03 21:46:56,559] [WARNING] 배치 607 - 양자화 관련 오류 발생, 스킵
[2025-06-03 21:46:56,566] [WARNING] 배치 608 - 양자화 관련 오류 발생, 스킵
[2025-06-03 21:46:56,573] [WARNING] 배치 609 - 양자화 관련 오류 발생, 스킵
[2025-06-03 21:46:56,581] [WARNING] 배치 610 - 양자화 관련 오류 발생, 스킵
[2025-06-03 21:46:57,105] [WARNING] 배치 611 - 양자화 관련 오류 발생, 스킵
[2025-06-03 21:46:57,113] [WARNING] 배치 612 - 양자화 관련 오류 발생, 스킵
[2025-06-03 21:46:57,119] [WARNING] 배치 613 - 양자화 관련 오류 발생, 스킵
[2025-06-03 21:46:57,126] [WARNING] 배치 614 - 양자화 관련 오류 발생, 스킵
[2025-06-03 21:46:57,651] [WARNING] 배치 615 - 양자화 관련 오류 발생, 스킵
[2025-06-03 21:46:57,657] [WARNING] 배치 616 - 양자화 관련 오류 발생, 스킵
[2025-06-03 21:46:57,662] [WARNING] 배치 617 - 양자화 관련 오류 발생, 스킵
[2025-06-03 21:46:57,668] [WARNING] 배치 618 - 양자화 관련 오류 발생, 스킵
[2025-06-03 21:46:58,399] [WARNING] 배치 619 - 양자화 관련 오류 발생, 스킵
[2025-06-03 21:46:58,404] [WARNING] 배치 620 - 양자화 관련 오류 발생, 스킵
[2025-06-03 21:46:58,409] [WARNING] 배치 621 - 양자화 관련 오류 발생, 스킵
[2025-06-03 21:46:58,417] [WARNING] 배치 622 - 양자화 관련 오류 발생, 스킵
[2025-06-03 21:46:59,148] [WARNING] 배치 623 - 양자화 관련 오류 발생, 스킵
[2025-06-03 21:46:59,155] [WARNING] 배치 624 - 양자화 관련 오류 발생, 스킵
[2025-06-03 21:46:59,162] [WARNING] 배치 625 - 양자화 관련 오류 발생, 스킵
[2025-06-03 21:46:59,169] [WARNING] 배치 626 - 양자화 관련 오류 발생, 스킵
[2025-06-03 21:47:00,093] [WARNING] 배치 627 - 양자화 관련 오류 발생, 스킵
[2025-06-03 21:47:00,102] [WARNING] 배치 628 - 양자화 관련 오류 발생, 스킵
[2025-06-03 21:47:00,110] [WARNING] 배치 629 - 양자화 관련 오류 발생, 스킵
[2025-06-03 21:47:00,122] [WARNING] 배치 630 - 양자화 관련 오류 발생, 스킵
[2025-06-03 21:47:00,929] [WARNING] 배치 631 - 양자화 관련 오류 발생, 스킵
[2025-06-03 21:47:00,938] [WARNING] 배치 632 - 양자화 관련 오류 발생, 스킵
[2025-06-03 21:47:00,944] [WARNING] 배치 633 - 양자화 관련 오류 발생, 스킵
[2025-06-03 21:47:00,952] [WARNING] 배치 634 - 양자화 관련 오류 발생, 스킵
[2025-06-03 21:47:01,868] [WARNING] 배치 635 - 양자화 관련 오류 발생, 스킵
[2025-06-03 21:47:01,875] [WARNING] 배치 636 - 양자화 관련 오류 발생, 스킵
[2025-06-03 21:47:01,883] [WARNING] 배치 637 - 양자화 관련 오류 발생, 스킵
[2025-06-03 21:47:01,891] [WARNING] 배치 638 - 양자화 관련 오류 발생, 스킵
[2025-06-03 21:47:02,492] [WARNING] 배치 639 - 양자화 관련 오류 발생, 스킵
[2025-06-03 21:47:02,500] [WARNING] 배치 640 - 양자화 관련 오류 발생, 스킵
[2025-06-03 21:47:02,508] [WARNING] 배치 641 - 양자화 관련 오류 발생, 스킵
[2025-06-03 21:47:02,516] [WARNING] 배치 642 - 양자화 관련 오류 발생, 스킵
[2025-06-03 21:47:03,425] [WARNING] 배치 643 - 양자화 관련 오류 발생, 스킵
[2025-06-03 21:47:03,433] [WARNING] 배치 644 - 양자화 관련 오류 발생, 스킵
[2025-06-03 21:47:03,441] [WARNING] 배치 645 - 양자화 관련 오류 발생, 스킵
[2025-06-03 21:47:03,454] [WARNING] 배치 646 - 양자화 관련 오류 발생, 스킵
[2025-06-03 21:47:04,324] [WARNING] 배치 647 - 양자화 관련 오류 발생, 스킵
[2025-06-03 21:47:04,335] [WARNING] 배치 648 - 양자화 관련 오류 발생, 스킵
[2025-06-03 21:47:04,341] [WARNING] 배치 649 - 양자화 관련 오류 발생, 스킵
[2025-06-03 21:47:04,356] [WARNING] 배치 650 - 양자화 관련 오류 발생, 스킵
[2025-06-03 21:47:04,997] [WARNING] 배치 651 - 양자화 관련 오류 발생, 스킵
[2025-06-03 21:47:05,007] [WARNING] 배치 652 - 양자화 관련 오류 발생, 스킵
[2025-06-03 21:47:05,010] [WARNING] 배치 653 - 양자화 관련 오류 발생, 스킵
[2025-06-03 21:47:05,015] [WARNING] 배치 654 - 양자화 관련 오류 발생, 스킵
[2025-06-03 21:47:05,774] [WARNING] 배치 655 - 양자화 관련 오류 발생, 스킵
[2025-06-03 21:47:05,779] [WARNING] 배치 656 - 양자화 관련 오류 발생, 스킵
[2025-06-03 21:47:05,786] [WARNING] 배치 657 - 양자화 관련 오류 발생, 스킵
[2025-06-03 21:47:05,801] [WARNING] 배치 658 - 양자화 관련 오류 발생, 스킵
[2025-06-03 21:47:07,566] [WARNING] 배치 659 - 양자화 관련 오류 발생, 스킵
[2025-06-03 21:47:07,577] [WARNING] 배치 660 - 양자화 관련 오류 발생, 스킵
[2025-06-03 21:47:07,587] [WARNING] 배치 661 - 양자화 관련 오류 발생, 스킵
[2025-06-03 21:47:07,604] [WARNING] 배치 662 - 양자화 관련 오류 발생, 스킵
[2025-06-03 21:47:08,862] [WARNING] 배치 663 - 양자화 관련 오류 발생, 스킵
[2025-06-03 21:47:08,879] [WARNING] 배치 664 - 양자화 관련 오류 발생, 스킵
[2025-06-03 21:47:08,887] [WARNING] 배치 665 - 양자화 관련 오류 발생, 스킵
[2025-06-03 21:47:08,902] [WARNING] 배치 666 - 양자화 관련 오류 발생, 스킵
[2025-06-03 21:47:09,746] [WARNING] 배치 667 - 양자화 관련 오류 발생, 스킵
[2025-06-03 21:47:09,755] [WARNING] 배치 668 - 양자화 관련 오류 발생, 스킵
[2025-06-03 21:47:09,767] [WARNING] 배치 669 - 양자화 관련 오류 발생, 스킵
[2025-06-03 21:47:09,774] [WARNING] 배치 670 - 양자화 관련 오류 발생, 스킵
[2025-06-03 21:47:10,784] [WARNING] 배치 671 - 양자화 관련 오류 발생, 스킵
[2025-06-03 21:47:10,793] [WARNING] 배치 672 - 양자화 관련 오류 발생, 스킵
[2025-06-03 21:47:10,802] [WARNING] 배치 673 - 양자화 관련 오류 발생, 스킵
[2025-06-03 21:47:10,820] [WARNING] 배치 674 - 양자화 관련 오류 발생, 스킵
[2025-06-03 21:47:11,593] [WARNING] 배치 675 - 양자화 관련 오류 발생, 스킵
[2025-06-03 21:47:11,603] [WARNING] 배치 676 - 양자화 관련 오류 발생, 스킵
[2025-06-03 21:47:11,617] [WARNING] 배치 677 - 양자화 관련 오류 발생, 스킵
[2025-06-03 21:47:11,635] [WARNING] 배치 678 - 양자화 관련 오류 발생, 스킵
[2025-06-03 21:47:12,533] [WARNING] 배치 679 - 양자화 관련 오류 발생, 스킵
[2025-06-03 21:47:12,550] [WARNING] 배치 680 - 양자화 관련 오류 발생, 스킵
[2025-06-03 21:47:12,570] [WARNING] 배치 681 - 양자화 관련 오류 발생, 스킵
[2025-06-03 21:47:12,578] [WARNING] 배치 682 - 양자화 관련 오류 발생, 스킵
[2025-06-03 21:47:14,591] [WARNING] 배치 683 - 양자화 관련 오류 발생, 스킵
[2025-06-03 21:47:14,598] [WARNING] 배치 684 - 양자화 관련 오류 발생, 스킵
[2025-06-03 21:47:14,612] [WARNING] 배치 685 - 양자화 관련 오류 발생, 스킵
[2025-06-03 21:47:14,619] [WARNING] 배치 686 - 양자화 관련 오류 발생, 스킵
[2025-06-03 21:47:15,921] [WARNING] 배치 687 - 양자화 관련 오류 발생, 스킵
[2025-06-03 21:47:15,939] [WARNING] 배치 688 - 양자화 관련 오류 발생, 스킵
[2025-06-03 21:47:15,957] [WARNING] 배치 689 - 양자화 관련 오류 발생, 스킵
[2025-06-03 21:47:15,974] [WARNING] 배치 690 - 양자화 관련 오류 발생, 스킵
[2025-06-03 21:47:18,608] [WARNING] 배치 691 - 양자화 관련 오류 발생, 스킵
[2025-06-03 21:47:18,615] [WARNING] 배치 692 - 양자화 관련 오류 발생, 스킵
[2025-06-03 21:47:18,630] [WARNING] 배치 693 - 양자화 관련 오류 발생, 스킵
[2025-06-03 21:47:18,637] [WARNING] 배치 694 - 양자화 관련 오류 발생, 스킵
[2025-06-03 21:47:20,073] [WARNING] 배치 695 - 양자화 관련 오류 발생, 스킵
[2025-06-03 21:47:20,089] [WARNING] 배치 696 - 양자화 관련 오류 발생, 스킵
[2025-06-03 21:47:20,106] [WARNING] 배치 697 - 양자화 관련 오류 발생, 스킵
[2025-06-03 21:47:20,113] [WARNING] 배치 698 - 양자화 관련 오류 발생, 스킵
[2025-06-03 21:47:21,029] [WARNING] 배치 699 - 양자화 관련 오류 발생, 스킵
[2025-06-03 21:47:21,044] [WARNING] 배치 700 - 양자화 관련 오류 발생, 스킵
[2025-06-03 21:47:21,060] [WARNING] 배치 701 - 양자화 관련 오류 발생, 스킵
[2025-06-03 21:47:21,068] [WARNING] 배치 702 - 양자화 관련 오류 발생, 스킵
[2025-06-03 21:47:22,243] [WARNING] 배치 703 - 양자화 관련 오류 발생, 스킵
[2025-06-03 21:47:22,251] [WARNING] 배치 704 - 양자화 관련 오류 발생, 스킵
[2025-06-03 21:47:22,269] [WARNING] 배치 705 - 양자화 관련 오류 발생, 스킵
[2025-06-03 21:47:22,283] [WARNING] 배치 706 - 양자화 관련 오류 발생, 스킵
[2025-06-03 21:47:23,006] [WARNING] 배치 707 - 양자화 관련 오류 발생, 스킵
[2025-06-03 21:47:23,011] [WARNING] 배치 708 - 양자화 관련 오류 발생, 스킵
[2025-06-03 21:47:23,021] [WARNING] 배치 709 - 양자화 관련 오류 발생, 스킵
[2025-06-03 21:47:23,038] [WARNING] 배치 710 - 양자화 관련 오류 발생, 스킵
[2025-06-03 21:47:24,838] [WARNING] 배치 711 - 양자화 관련 오류 발생, 스킵
[2025-06-03 21:47:24,843] [WARNING] 배치 712 - 양자화 관련 오류 발생, 스킵
[2025-06-03 21:47:24,847] [WARNING] 배치 713 - 양자화 관련 오류 발생, 스킵
[2025-06-03 21:47:24,850] [WARNING] 배치 714 - 양자화 관련 오류 발생, 스킵
[2025-06-03 21:47:26,297] [WARNING] 배치 715 - 양자화 관련 오류 발생, 스킵
[2025-06-03 21:47:26,302] [WARNING] 배치 716 - 양자화 관련 오류 발생, 스킵
[2025-06-03 21:47:26,307] [WARNING] 배치 717 - 양자화 관련 오류 발생, 스킵
[2025-06-03 21:47:26,311] [WARNING] 배치 718 - 양자화 관련 오류 발생, 스킵
[2025-06-03 21:47:28,690] [WARNING] 배치 719 - 양자화 관련 오류 발생, 스킵
[2025-06-03 21:47:28,705] [WARNING] 배치 720 - 양자화 관련 오류 발생, 스킵
[2025-06-03 21:47:28,722] [WARNING] 배치 721 - 양자화 관련 오류 발생, 스킵
[2025-06-03 21:47:28,751] [WARNING] 배치 722 - 양자화 관련 오류 발생, 스킵
[2025-06-03 21:47:30,325] [WARNING] 배치 723 - 양자화 관련 오류 발생, 스킵
[2025-06-03 21:47:30,333] [WARNING] 배치 724 - 양자화 관련 오류 발생, 스킵
[2025-06-03 21:47:30,347] [WARNING] 배치 725 - 양자화 관련 오류 발생, 스킵
[2025-06-03 21:47:30,360] [WARNING] 배치 726 - 양자화 관련 오류 발생, 스킵
[2025-06-03 21:47:31,838] [WARNING] 배치 727 - 양자화 관련 오류 발생, 스킵
[2025-06-03 21:47:31,848] [WARNING] 배치 728 - 양자화 관련 오류 발생, 스킵
[2025-06-03 21:47:31,856] [WARNING] 배치 729 - 양자화 관련 오류 발생, 스킵
[2025-06-03 21:47:31,870] [WARNING] 배치 730 - 양자화 관련 오류 발생, 스킵
[2025-06-03 21:47:33,046] [WARNING] 배치 731 - 양자화 관련 오류 발생, 스킵
[2025-06-03 21:47:33,061] [WARNING] 배치 732 - 양자화 관련 오류 발생, 스킵
[2025-06-03 21:47:33,078] [WARNING] 배치 733 - 양자화 관련 오류 발생, 스킵
[2025-06-03 21:47:33,097] [WARNING] 배치 734 - 양자화 관련 오류 발생, 스킵
[2025-06-03 21:47:35,177] [WARNING] 배치 735 - 양자화 관련 오류 발생, 스킵
[2025-06-03 21:47:35,188] [WARNING] 배치 736 - 양자화 관련 오류 발생, 스킵
[2025-06-03 21:47:35,196] [WARNING] 배치 737 - 양자화 관련 오류 발생, 스킵
[2025-06-03 21:47:35,208] [WARNING] 배치 738 - 양자화 관련 오류 발생, 스킵
[2025-06-03 21:47:36,460] [WARNING] 배치 739 - 양자화 관련 오류 발생, 스킵
[2025-06-03 21:47:36,468] [WARNING] 배치 740 - 양자화 관련 오류 발생, 스킵
[2025-06-03 21:47:36,474] [WARNING] 배치 741 - 양자화 관련 오류 발생, 스킵
[2025-06-03 21:47:36,480] [WARNING] 배치 742 - 양자화 관련 오류 발생, 스킵
[2025-06-03 21:47:38,109] [WARNING] 배치 743 - 양자화 관련 오류 발생, 스킵
[2025-06-03 21:47:38,124] [WARNING] 배치 744 - 양자화 관련 오류 발생, 스킵
[2025-06-03 21:47:38,139] [WARNING] 배치 745 - 양자화 관련 오류 발생, 스킵
[2025-06-03 21:47:38,172] [WARNING] 배치 746 - 양자화 관련 오류 발생, 스킵
[2025-06-03 21:47:40,306] [WARNING] 배치 747 - 양자화 관련 오류 발생, 스킵
[2025-06-03 21:47:40,314] [WARNING] 배치 748 - 양자화 관련 오류 발생, 스킵
[2025-06-03 21:47:40,321] [WARNING] 배치 749 - 양자화 관련 오류 발생, 스킵
[2025-06-03 21:47:40,325] [WARNING] 배치 750 - 양자화 관련 오류 발생, 스킵
[2025-06-03 21:47:41,832] [WARNING] 배치 751 - 양자화 관련 오류 발생, 스킵
[2025-06-03 21:47:41,839] [WARNING] 배치 752 - 양자화 관련 오류 발생, 스킵
[2025-06-03 21:47:41,855] [WARNING] 배치 753 - 양자화 관련 오류 발생, 스킵
[2025-06-03 21:47:41,861] [WARNING] 배치 754 - 양자화 관련 오류 발생, 스킵
[2025-06-03 21:47:44,209] [WARNING] 배치 755 - 양자화 관련 오류 발생, 스킵
[2025-06-03 21:47:44,219] [WARNING] 배치 756 - 양자화 관련 오류 발생, 스킵
[2025-06-03 21:47:44,234] [WARNING] 배치 757 - 양자화 관련 오류 발생, 스킵
[2025-06-03 21:47:44,249] [WARNING] 배치 758 - 양자화 관련 오류 발생, 스킵
[2025-06-03 21:47:45,418] [WARNING] 배치 759 - 양자화 관련 오류 발생, 스킵
[2025-06-03 21:47:45,427] [WARNING] 배치 760 - 양자화 관련 오류 발생, 스킵
[2025-06-03 21:47:45,436] [WARNING] 배치 761 - 양자화 관련 오류 발생, 스킵
[2025-06-03 21:47:45,443] [WARNING] 배치 762 - 양자화 관련 오류 발생, 스킵
[2025-06-03 21:47:46,995] [WARNING] 배치 763 - 양자화 관련 오류 발생, 스킵
[2025-06-03 21:47:46,999] [WARNING] 배치 764 - 양자화 관련 오류 발생, 스킵
[2025-06-03 21:47:47,004] [WARNING] 배치 765 - 양자화 관련 오류 발생, 스킵
[2025-06-03 21:47:47,011] [WARNING] 배치 766 - 양자화 관련 오류 발생, 스킵
[2025-06-03 21:47:47,616] [WARNING] 배치 767 - 양자화 관련 오류 발생, 스킵
[2025-06-03 21:47:47,627] [WARNING] 배치 768 - 양자화 관련 오류 발생, 스킵
[2025-06-03 21:47:47,640] [WARNING] 배치 769 - 양자화 관련 오류 발생, 스킵
[2025-06-03 21:47:47,648] [WARNING] 배치 770 - 양자화 관련 오류 발생, 스킵
[2025-06-03 21:47:48,716] [WARNING] 배치 771 - 양자화 관련 오류 발생, 스킵
[2025-06-03 21:47:48,724] [WARNING] 배치 772 - 양자화 관련 오류 발생, 스킵
[2025-06-03 21:47:48,738] [WARNING] 배치 773 - 양자화 관련 오류 발생, 스킵
[2025-06-03 21:47:48,752] [WARNING] 배치 774 - 양자화 관련 오류 발생, 스킵
[2025-06-03 21:47:49,421] [WARNING] 배치 775 - 양자화 관련 오류 발생, 스킵
[2025-06-03 21:47:49,426] [WARNING] 배치 776 - 양자화 관련 오류 발생, 스킵
[2025-06-03 21:47:49,433] [WARNING] 배치 777 - 양자화 관련 오류 발생, 스킵
[2025-06-03 21:47:49,450] [WARNING] 배치 778 - 양자화 관련 오류 발생, 스킵
[2025-06-03 21:47:50,641] [WARNING] 배치 779 - 양자화 관련 오류 발생, 스킵
[2025-06-03 21:47:50,648] [WARNING] 배치 780 - 양자화 관련 오류 발생, 스킵
[2025-06-03 21:47:50,651] [WARNING] 배치 781 - 양자화 관련 오류 발생, 스킵
[2025-06-03 21:47:50,663] [WARNING] 배치 782 - 양자화 관련 오류 발생, 스킵
[2025-06-03 21:47:51,462] [WARNING] 배치 783 - 양자화 관련 오류 발생, 스킵
[2025-06-03 21:47:51,475] [WARNING] 배치 784 - 양자화 관련 오류 발생, 스킵
[2025-06-03 21:47:51,491] [WARNING] 배치 785 - 양자화 관련 오류 발생, 스킵
[2025-06-03 21:47:51,499] [WARNING] 배치 786 - 양자화 관련 오류 발생, 스킵
[2025-06-03 21:47:52,225] [WARNING] 배치 787 - 양자화 관련 오류 발생, 스킵
[2025-06-03 21:47:52,235] [WARNING] 배치 788 - 양자화 관련 오류 발생, 스킵
[2025-06-03 21:47:52,247] [WARNING] 배치 789 - 양자화 관련 오류 발생, 스킵
[2025-06-03 21:47:52,254] [WARNING] 배치 790 - 양자화 관련 오류 발생, 스킵
[2025-06-03 21:47:52,916] [WARNING] 배치 791 - 양자화 관련 오류 발생, 스킵
[2025-06-03 21:47:52,925] [WARNING] 배치 792 - 양자화 관련 오류 발생, 스킵
[2025-06-03 21:47:52,932] [WARNING] 배치 793 - 양자화 관련 오류 발생, 스킵
[2025-06-03 21:47:52,940] [WARNING] 배치 794 - 양자화 관련 오류 발생, 스킵
[2025-06-03 21:47:53,609] [WARNING] 배치 795 - 양자화 관련 오류 발생, 스킵
[2025-06-03 21:47:53,619] [WARNING] 배치 796 - 양자화 관련 오류 발생, 스킵
[2025-06-03 21:47:53,629] [WARNING] 배치 797 - 양자화 관련 오류 발생, 스킵
[2025-06-03 21:47:53,644] [WARNING] 배치 798 - 양자화 관련 오류 발생, 스킵
[2025-06-03 21:47:54,709] [WARNING] 배치 799 - 양자화 관련 오류 발생, 스킵
[2025-06-03 21:47:54,714] [WARNING] 배치 800 - 양자화 관련 오류 발생, 스킵
[2025-06-03 21:47:54,721] [WARNING] 배치 801 - 양자화 관련 오류 발생, 스킵
[2025-06-03 21:47:54,725] [WARNING] 배치 802 - 양자화 관련 오류 발생, 스킵
[2025-06-03 21:47:55,212] [WARNING] 배치 803 - 양자화 관련 오류 발생, 스킵
[2025-06-03 21:47:55,217] [WARNING] 배치 804 - 양자화 관련 오류 발생, 스킵
[2025-06-03 21:47:55,222] [WARNING] 배치 805 - 양자화 관련 오류 발생, 스킵
[2025-06-03 21:47:55,226] [WARNING] 배치 806 - 양자화 관련 오류 발생, 스킵
[2025-06-03 21:47:55,731] [WARNING] 배치 807 - 양자화 관련 오류 발생, 스킵
[2025-06-03 21:47:55,736] [WARNING] 배치 808 - 양자화 관련 오류 발생, 스킵
[2025-06-03 21:47:55,740] [WARNING] 배치 809 - 양자화 관련 오류 발생, 스킵
[2025-06-03 21:47:55,746] [WARNING] 배치 810 - 양자화 관련 오류 발생, 스킵
[2025-06-03 21:47:56,204] [WARNING] 배치 811 - 양자화 관련 오류 발생, 스킵
[2025-06-03 21:47:56,208] [WARNING] 배치 812 - 양자화 관련 오류 발생, 스킵
[2025-06-03 21:47:56,212] [WARNING] 배치 813 - 양자화 관련 오류 발생, 스킵
[2025-06-03 21:47:56,215] [WARNING] 배치 814 - 양자화 관련 오류 발생, 스킵
[2025-06-03 21:47:56,680] [WARNING] 배치 815 - 양자화 관련 오류 발생, 스킵
[2025-06-03 21:47:56,688] [WARNING] 배치 816 - 양자화 관련 오류 발생, 스킵
[2025-06-03 21:47:56,695] [WARNING] 배치 817 - 양자화 관련 오류 발생, 스킵
[2025-06-03 21:47:56,702] [WARNING] 배치 818 - 양자화 관련 오류 발생, 스킵
[2025-06-03 21:47:57,509] [WARNING] 배치 819 - 양자화 관련 오류 발생, 스킵
[2025-06-03 21:47:57,514] [WARNING] 배치 820 - 양자화 관련 오류 발생, 스킵
[2025-06-03 21:47:57,519] [WARNING] 배치 821 - 양자화 관련 오류 발생, 스킵
[2025-06-03 21:47:57,524] [WARNING] 배치 822 - 양자화 관련 오류 발생, 스킵
[2025-06-03 21:47:58,020] [WARNING] 배치 823 - 양자화 관련 오류 발생, 스킵
[2025-06-03 21:47:58,028] [WARNING] 배치 824 - 양자화 관련 오류 발생, 스킵
[2025-06-03 21:47:58,034] [WARNING] 배치 825 - 양자화 관련 오류 발생, 스킵
[2025-06-03 21:47:58,040] [WARNING] 배치 826 - 양자화 관련 오류 발생, 스킵
[2025-06-03 21:47:58,534] [WARNING] 배치 827 - 양자화 관련 오류 발생, 스킵
[2025-06-03 21:47:58,539] [WARNING] 배치 828 - 양자화 관련 오류 발생, 스킵
[2025-06-03 21:47:58,543] [WARNING] 배치 829 - 양자화 관련 오류 발생, 스킵
[2025-06-03 21:47:58,549] [WARNING] 배치 830 - 양자화 관련 오류 발생, 스킵
[2025-06-03 21:47:59,117] [WARNING] 배치 831 - 양자화 관련 오류 발생, 스킵
[2025-06-03 21:47:59,124] [WARNING] 배치 832 - 양자화 관련 오류 발생, 스킵
[2025-06-03 21:47:59,132] [WARNING] 배치 833 - 양자화 관련 오류 발생, 스킵
[2025-06-03 21:47:59,139] [WARNING] 배치 834 - 양자화 관련 오류 발생, 스킵
[2025-06-03 21:47:59,637] [WARNING] 배치 835 - 양자화 관련 오류 발생, 스킵
[2025-06-03 21:47:59,643] [WARNING] 배치 836 - 양자화 관련 오류 발생, 스킵
[2025-06-03 21:47:59,648] [WARNING] 배치 837 - 양자화 관련 오류 발생, 스킵
[2025-06-03 21:47:59,813] [WARNING] 배치 838 - 양자화 관련 오류 발생, 스킵
[2025-06-03 21:48:00,220] [WARNING] 배치 839 - 양자화 관련 오류 발생, 스킵
[2025-06-03 21:48:00,226] [WARNING] 배치 840 - 양자화 관련 오류 발생, 스킵
[2025-06-03 21:48:00,233] [WARNING] 배치 841 - 양자화 관련 오류 발생, 스킵
[2025-06-03 21:48:00,386] [WARNING] 배치 842 - 양자화 관련 오류 발생, 스킵
[2025-06-03 21:48:00,731] [WARNING] 배치 843 - 양자화 관련 오류 발생, 스킵
[2025-06-03 21:48:00,735] [WARNING] 배치 844 - 양자화 관련 오류 발생, 스킵
[2025-06-03 21:48:00,739] [WARNING] 배치 845 - 양자화 관련 오류 발생, 스킵
[2025-06-03 21:48:00,803] [WARNING] 배치 846 - 양자화 관련 오류 발생, 스킵
[2025-06-03 21:48:01,434] [WARNING] 배치 847 - 양자화 관련 오류 발생, 스킵
[2025-06-03 21:48:01,499] [WARNING] 배치 848 - 양자화 관련 오류 발생, 스킵
[2025-06-03 21:48:01,502] [WARNING] 배치 849 - 양자화 관련 오류 발생, 스킵
[2025-06-03 21:48:01,505] [WARNING] 배치 850 - 양자화 관련 오류 발생, 스킵
[2025-06-03 21:48:01,760] [WARNING] 배치 851 - 양자화 관련 오류 발생, 스킵
[2025-06-03 21:48:01,915] [WARNING] 배치 852 - 양자화 관련 오류 발생, 스킵
[2025-06-03 21:48:01,923] [WARNING] 배치 853 - 양자화 관련 오류 발생, 스킵
[2025-06-03 21:48:01,928] [WARNING] 배치 854 - 양자화 관련 오류 발생, 스킵
[2025-06-03 21:48:02,237] [WARNING] 배치 855 - 양자화 관련 오류 발생, 스킵
[2025-06-03 21:48:02,384] [WARNING] 배치 856 - 양자화 관련 오류 발생, 스킵
[2025-06-03 21:48:02,391] [WARNING] 배치 857 - 양자화 관련 오류 발생, 스킵
[2025-06-03 21:48:02,395] [WARNING] 배치 858 - 양자화 관련 오류 발생, 스킵
[2025-06-03 21:48:02,642] [WARNING] 배치 859 - 양자화 관련 오류 발생, 스킵
[2025-06-03 21:48:02,851] [WARNING] 배치 860 - 양자화 관련 오류 발생, 스킵
[2025-06-03 21:48:02,857] [WARNING] 배치 861 - 양자화 관련 오류 발생, 스킵
[2025-06-03 21:48:02,863] [WARNING] 배치 862 - 양자화 관련 오류 발생, 스킵
[2025-06-03 21:48:03,001] [WARNING] 배치 863 - 양자화 관련 오류 발생, 스킵
[2025-06-03 21:48:03,489] [WARNING] 배치 864 - 양자화 관련 오류 발생, 스킵
[2025-06-03 21:48:03,495] [WARNING] 배치 865 - 양자화 관련 오류 발생, 스킵
[2025-06-03 21:48:03,501] [WARNING] 배치 866 - 양자화 관련 오류 발생, 스킵
[2025-06-03 21:48:03,565] [WARNING] 배치 867 - 양자화 관련 오류 발생, 스킵
[2025-06-03 21:48:03,941] [WARNING] 배치 868 - 양자화 관련 오류 발생, 스킵
[2025-06-03 21:48:03,946] [WARNING] 배치 869 - 양자화 관련 오류 발생, 스킵
[2025-06-03 21:48:03,953] [WARNING] 배치 870 - 양자화 관련 오류 발생, 스킵
[2025-06-03 21:48:04,008] [WARNING] 배치 871 - 양자화 관련 오류 발생, 스킵
[2025-06-03 21:48:04,500] [WARNING] 배치 872 - 양자화 관련 오류 발생, 스킵
[2025-06-03 21:48:04,504] [WARNING] 배치 873 - 양자화 관련 오류 발생, 스킵
[2025-06-03 21:48:04,509] [WARNING] 배치 874 - 양자화 관련 오류 발생, 스킵
[2025-06-03 21:48:04,641] [WARNING] 배치 875 - 양자화 관련 오류 발생, 스킵
[2025-06-03 21:48:04,769] [WARNING] 배치 876 - 양자화 관련 오류 발생, 스킵
[2025-06-03 21:48:04,774] [WARNING] 배치 877 - 양자화 관련 오류 발생, 스킵
[2025-06-03 21:48:04,781] [WARNING] 배치 878 - 양자화 관련 오류 발생, 스킵
[2025-06-03 21:48:05,159] [WARNING] 배치 879 - 양자화 관련 오류 발생, 스킵
[2025-06-03 21:48:05,375] [WARNING] 배치 880 - 양자화 관련 오류 발생, 스킵
[2025-06-03 21:48:05,379] [WARNING] 배치 881 - 양자화 관련 오류 발생, 스킵
[2025-06-03 21:48:05,384] [WARNING] 배치 882 - 양자화 관련 오류 발생, 스킵
[2025-06-03 21:48:05,615] [WARNING] 배치 883 - 양자화 관련 오류 발생, 스킵
[2025-06-03 21:48:05,710] [WARNING] 배치 884 - 양자화 관련 오류 발생, 스킵
[2025-06-03 21:48:05,716] [WARNING] 배치 885 - 양자화 관련 오류 발생, 스킵
[2025-06-03 21:48:05,724] [WARNING] 배치 886 - 양자화 관련 오류 발생, 스킵
[2025-06-03 21:48:05,943] [WARNING] 배치 887 - 양자화 관련 오류 발생, 스킵
[2025-06-03 21:48:06,041] [WARNING] 배치 888 - 양자화 관련 오류 발생, 스킵
[2025-06-03 21:48:06,301] [WARNING] 배치 889 - 양자화 관련 오류 발생, 스킵
[2025-06-03 21:48:06,305] [WARNING] 배치 890 - 양자화 관련 오류 발생, 스킵
[2025-06-03 21:48:06,319] [WARNING] 배치 891 - 양자화 관련 오류 발생, 스킵
[2025-06-03 21:48:06,405] [WARNING] 배치 892 - 양자화 관련 오류 발생, 스킵
[2025-06-03 21:48:06,733] [WARNING] 배치 893 - 양자화 관련 오류 발생, 스킵
[2025-06-03 21:48:06,738] [WARNING] 배치 894 - 양자화 관련 오류 발생, 스킵
[2025-06-03 21:48:06,754] [WARNING] 배치 895 - 양자화 관련 오류 발생, 스킵
[2025-06-03 21:48:06,877] [WARNING] 배치 896 - 양자화 관련 오류 발생, 스킵
[2025-06-03 21:48:07,090] [WARNING] 배치 897 - 양자화 관련 오류 발생, 스킵
[2025-06-03 21:48:07,095] [WARNING] 배치 898 - 양자화 관련 오류 발생, 스킵
[2025-06-03 21:48:07,108] [WARNING] 배치 899 - 양자화 관련 오류 발생, 스킵
[2025-06-03 21:48:07,301] [WARNING] 배치 900 - 양자화 관련 오류 발생, 스킵
[2025-06-03 21:48:07,490] [WARNING] 배치 901 - 양자화 관련 오류 발생, 스킵
[2025-06-03 21:48:07,496] [WARNING] 배치 902 - 양자화 관련 오류 발생, 스킵
[2025-06-03 21:48:07,509] [WARNING] 배치 903 - 양자화 관련 오류 발생, 스킵
[2025-06-03 21:48:07,805] [WARNING] 배치 904 - 양자화 관련 오류 발생, 스킵
[2025-06-03 21:48:07,823] [WARNING] 배치 905 - 양자화 관련 오류 발생, 스킵
[2025-06-03 21:48:07,828] [WARNING] 배치 906 - 양자화 관련 오류 발생, 스킵
[2025-06-03 21:48:07,844] [WARNING] 배치 907 - 양자화 관련 오류 발생, 스킵
[2025-06-03 21:48:08,336] [WARNING] 배치 908 - 양자화 관련 오류 발생, 스킵
[2025-06-03 21:48:08,341] [WARNING] 배치 909 - 양자화 관련 오류 발생, 스킵
[2025-06-03 21:48:08,346] [WARNING] 배치 910 - 양자화 관련 오류 발생, 스킵
[2025-06-03 21:48:08,351] [WARNING] 배치 911 - 양자화 관련 오류 발생, 스킵
[2025-06-03 21:48:09,078] [WARNING] 배치 912 - 양자화 관련 오류 발생, 스킵
[2025-06-03 21:48:09,082] [WARNING] 배치 913 - 양자화 관련 오류 발생, 스킵
[2025-06-03 21:48:09,086] [WARNING] 배치 914 - 양자화 관련 오류 발생, 스킵
[2025-06-03 21:48:09,090] [WARNING] 배치 915 - 양자화 관련 오류 발생, 스킵
[2025-06-03 21:48:09,577] [WARNING] 배치 916 - 양자화 관련 오류 발생, 스킵
[2025-06-03 21:48:09,734] [WARNING] 배치 917 - 양자화 관련 오류 발생, 스킵
[2025-06-03 21:48:09,738] [WARNING] 배치 918 - 양자화 관련 오류 발생, 스킵
[2025-06-03 21:48:09,741] [WARNING] 배치 919 - 양자화 관련 오류 발생, 스킵
[2025-06-03 21:48:09,854] [WARNING] 배치 920 - 양자화 관련 오류 발생, 스킵
[2025-06-03 21:48:10,122] [WARNING] 배치 921 - 양자화 관련 오류 발생, 스킵
[2025-06-03 21:48:10,127] [WARNING] 배치 922 - 양자화 관련 오류 발생, 스킵
[2025-06-03 21:48:10,133] [WARNING] 배치 923 - 양자화 관련 오류 발생, 스킵
[2025-06-03 21:48:10,411] [WARNING] 배치 924 - 양자화 관련 오류 발생, 스킵
[2025-06-03 21:48:10,416] [WARNING] 배치 925 - 양자화 관련 오류 발생, 스킵
[2025-06-03 21:48:10,842] [WARNING] 배치 926 - 양자화 관련 오류 발생, 스킵
[2025-06-03 21:48:10,850] [WARNING] 배치 927 - 양자화 관련 오류 발생, 스킵
[2025-06-03 21:48:10,855] [WARNING] 배치 928 - 양자화 관련 오류 발생, 스킵
[2025-06-03 21:48:10,859] [WARNING] 배치 929 - 양자화 관련 오류 발생, 스킵
[2025-06-03 21:48:11,108] [WARNING] 배치 930 - 양자화 관련 오류 발생, 스킵
[2025-06-03 21:48:11,112] [WARNING] 배치 931 - 양자화 관련 오류 발생, 스킵
[2025-06-03 21:48:11,294] [WARNING] 배치 932 - 양자화 관련 오류 발생, 스킵
[2025-06-03 21:48:11,300] [WARNING] 배치 933 - 양자화 관련 오류 발생, 스킵
[2025-06-03 21:48:12,425] [WARNING] 배치 934 - 양자화 관련 오류 발생, 스킵
[2025-06-03 21:48:12,428] [WARNING] 배치 935 - 양자화 관련 오류 발생, 스킵
[2025-06-03 21:48:12,430] [WARNING] 배치 936 - 양자화 관련 오류 발생, 스킵
[2025-06-03 21:48:12,432] [WARNING] 배치 937 - 양자화 관련 오류 발생, 스킵
[2025-06-03 21:48:12,759] [WARNING] 배치 938 - 양자화 관련 오류 발생, 스킵
[2025-06-03 21:48:12,763] [WARNING] 배치 939 - 양자화 관련 오류 발생, 스킵
[2025-06-03 21:48:12,767] [WARNING] 배치 940 - 양자화 관련 오류 발생, 스킵
[2025-06-03 21:48:12,770] [WARNING] 배치 941 - 양자화 관련 오류 발생, 스킵
[2025-06-03 21:48:13,313] [WARNING] 배치 942 - 양자화 관련 오류 발생, 스킵
[2025-06-03 21:48:13,321] [WARNING] 배치 943 - 양자화 관련 오류 발생, 스킵
[2025-06-03 21:48:13,328] [WARNING] 배치 944 - 양자화 관련 오류 발생, 스킵
[2025-06-03 21:48:13,336] [WARNING] 배치 945 - 양자화 관련 오류 발생, 스킵
[2025-06-03 21:48:13,860] [WARNING] 배치 946 - 양자화 관련 오류 발생, 스킵
[2025-06-03 21:48:13,864] [WARNING] 배치 947 - 양자화 관련 오류 발생, 스킵
[2025-06-03 21:48:13,869] [WARNING] 배치 948 - 양자화 관련 오류 발생, 스킵
[2025-06-03 21:48:13,874] [WARNING] 배치 949 - 양자화 관련 오류 발생, 스킵
[2025-06-03 21:48:14,387] [WARNING] 배치 950 - 양자화 관련 오류 발생, 스킵
[2025-06-03 21:48:14,391] [WARNING] 배치 951 - 양자화 관련 오류 발생, 스킵
[2025-06-03 21:48:14,394] [WARNING] 배치 952 - 양자화 관련 오류 발생, 스킵
[2025-06-03 21:48:14,399] [WARNING] 배치 953 - 양자화 관련 오류 발생, 스킵
[2025-06-03 21:48:14,884] [WARNING] 배치 954 - 양자화 관련 오류 발생, 스킵
[2025-06-03 21:48:14,890] [WARNING] 배치 955 - 양자화 관련 오류 발생, 스킵
[2025-06-03 21:48:14,894] [WARNING] 배치 956 - 양자화 관련 오류 발생, 스킵
[2025-06-03 21:48:14,899] [WARNING] 배치 957 - 양자화 관련 오류 발생, 스킵
[2025-06-03 21:48:15,365] [WARNING] 배치 958 - 양자화 관련 오류 발생, 스킵
[2025-06-03 21:48:15,370] [WARNING] 배치 959 - 양자화 관련 오류 발생, 스킵
[2025-06-03 21:48:15,378] [WARNING] 배치 960 - 양자화 관련 오류 발생, 스킵
[2025-06-03 21:48:15,387] [WARNING] 배치 961 - 양자화 관련 오류 발생, 스킵
[2025-06-03 21:48:15,839] [WARNING] 배치 962 - 양자화 관련 오류 발생, 스킵
[2025-06-03 21:48:15,848] [WARNING] 배치 963 - 양자화 관련 오류 발생, 스킵
[2025-06-03 21:48:15,857] [WARNING] 배치 964 - 양자화 관련 오류 발생, 스킵
[2025-06-03 21:48:15,862] [WARNING] 배치 965 - 양자화 관련 오류 발생, 스킵
[2025-06-03 21:48:16,557] [WARNING] 배치 966 - 양자화 관련 오류 발생, 스킵
[2025-06-03 21:48:16,563] [WARNING] 배치 967 - 양자화 관련 오류 발생, 스킵
[2025-06-03 21:48:16,568] [WARNING] 배치 968 - 양자화 관련 오류 발생, 스킵
[2025-06-03 21:48:16,575] [WARNING] 배치 969 - 양자화 관련 오류 발생, 스킵
[2025-06-03 21:48:17,097] [WARNING] 배치 970 - 양자화 관련 오류 발생, 스킵
[2025-06-03 21:48:17,103] [WARNING] 배치 971 - 양자화 관련 오류 발생, 스킵
[2025-06-03 21:48:17,110] [WARNING] 배치 972 - 양자화 관련 오류 발생, 스킵
[2025-06-03 21:48:17,117] [WARNING] 배치 973 - 양자화 관련 오류 발생, 스킵
[2025-06-03 21:48:17,807] [WARNING] 배치 974 - 양자화 관련 오류 발생, 스킵
[2025-06-03 21:48:17,817] [WARNING] 배치 975 - 양자화 관련 오류 발생, 스킵
[2025-06-03 21:48:17,826] [WARNING] 배치 976 - 양자화 관련 오류 발생, 스킵
[2025-06-03 21:48:17,833] [WARNING] 배치 977 - 양자화 관련 오류 발생, 스킵
[2025-06-03 21:48:18,802] [WARNING] 배치 978 - 양자화 관련 오류 발생, 스킵
[2025-06-03 21:48:18,807] [WARNING] 배치 979 - 양자화 관련 오류 발생, 스킵
[2025-06-03 21:48:18,811] [WARNING] 배치 980 - 양자화 관련 오류 발생, 스킵
[2025-06-03 21:48:18,817] [WARNING] 배치 981 - 양자화 관련 오류 발생, 스킵
[2025-06-03 21:48:19,305] [WARNING] 배치 982 - 양자화 관련 오류 발생, 스킵
[2025-06-03 21:48:19,312] [WARNING] 배치 983 - 양자화 관련 오류 발생, 스킵
[2025-06-03 21:48:19,319] [WARNING] 배치 984 - 양자화 관련 오류 발생, 스킵
[2025-06-03 21:48:19,328] [WARNING] 배치 985 - 양자화 관련 오류 발생, 스킵
[2025-06-03 21:48:19,793] [WARNING] 배치 986 - 양자화 관련 오류 발생, 스킵
[2025-06-03 21:48:19,798] [WARNING] 배치 987 - 양자화 관련 오류 발생, 스킵
[2025-06-03 21:48:19,803] [WARNING] 배치 988 - 양자화 관련 오류 발생, 스킵
[2025-06-03 21:48:19,808] [WARNING] 배치 989 - 양자화 관련 오류 발생, 스킵
[2025-06-03 21:48:20,272] [WARNING] 배치 990 - 양자화 관련 오류 발생, 스킵
[2025-06-03 21:48:20,277] [WARNING] 배치 991 - 양자화 관련 오류 발생, 스킵
[2025-06-03 21:48:20,283] [WARNING] 배치 992 - 양자화 관련 오류 발생, 스킵
[2025-06-03 21:48:20,289] [WARNING] 배치 993 - 양자화 관련 오류 발생, 스킵
[2025-06-03 21:48:20,840] [WARNING] 배치 994 - 양자화 관련 오류 발생, 스킵
[2025-06-03 21:48:20,845] [WARNING] 배치 995 - 양자화 관련 오류 발생, 스킵
[2025-06-03 21:48:20,853] [WARNING] 배치 996 - 양자화 관련 오류 발생, 스킵
[2025-06-03 21:48:20,856] [WARNING] 배치 997 - 양자화 관련 오류 발생, 스킵
[2025-06-03 21:48:21,351] [WARNING] 배치 998 - 양자화 관련 오류 발생, 스킵
[2025-06-03 21:48:21,356] [WARNING] 배치 999 - 양자화 관련 오류 발생, 스킵
[2025-06-03 21:48:21,361] [WARNING] 배치 1000 - 양자화 관련 오류 발생, 스킵
[2025-06-03 21:48:21,365] [WARNING] 배치 1001 - 양자화 관련 오류 발생, 스킵
[2025-06-03 21:48:21,810] [WARNING] 배치 1002 - 양자화 관련 오류 발생, 스킵
[2025-06-03 21:48:21,814] [WARNING] 배치 1003 - 양자화 관련 오류 발생, 스킵
[2025-06-03 21:48:21,820] [WARNING] 배치 1004 - 양자화 관련 오류 발생, 스킵
[2025-06-03 21:48:21,826] [WARNING] 배치 1005 - 양자화 관련 오류 발생, 스킵
[2025-06-03 21:48:22,318] [WARNING] 배치 1006 - 양자화 관련 오류 발생, 스킵
[2025-06-03 21:48:22,327] [WARNING] 배치 1007 - 양자화 관련 오류 발생, 스킵
[2025-06-03 21:48:22,335] [WARNING] 배치 1008 - 양자화 관련 오류 발생, 스킵
[2025-06-03 21:48:22,343] [WARNING] 배치 1009 - 양자화 관련 오류 발생, 스킵
[2025-06-03 21:48:23,064] [WARNING] 배치 1010 - 양자화 관련 오류 발생, 스킵
[2025-06-03 21:48:23,072] [WARNING] 배치 1011 - 양자화 관련 오류 발생, 스킵
[2025-06-03 21:48:23,080] [WARNING] 배치 1012 - 양자화 관련 오류 발생, 스킵
[2025-06-03 21:48:23,087] [WARNING] 배치 1013 - 양자화 관련 오류 발생, 스킵
[2025-06-03 21:48:23,790] [WARNING] 배치 1014 - 양자화 관련 오류 발생, 스킵
[2025-06-03 21:48:23,801] [WARNING] 배치 1015 - 양자화 관련 오류 발생, 스킵
[2025-06-03 21:48:23,809] [WARNING] 배치 1016 - 양자화 관련 오류 발생, 스킵
[2025-06-03 21:48:23,819] [WARNING] 배치 1017 - 양자화 관련 오류 발생, 스킵
[2025-06-03 21:48:24,483] [WARNING] 배치 1018 - 양자화 관련 오류 발생, 스킵
[2025-06-03 21:48:24,492] [WARNING] 배치 1019 - 양자화 관련 오류 발생, 스킵
[2025-06-03 21:48:24,500] [WARNING] 배치 1020 - 양자화 관련 오류 발생, 스킵
[2025-06-03 21:48:24,512] [WARNING] 배치 1021 - 양자화 관련 오류 발생, 스킵
[2025-06-03 21:48:25,266] [WARNING] 배치 1022 - 양자화 관련 오류 발생, 스킵
[2025-06-03 21:48:25,275] [WARNING] 배치 1023 - 양자화 관련 오류 발생, 스킵
[2025-06-03 21:48:25,281] [WARNING] 배치 1024 - 양자화 관련 오류 발생, 스킵
[2025-06-03 21:48:25,291] [WARNING] 배치 1025 - 양자화 관련 오류 발생, 스킵
[2025-06-03 21:48:26,231] [WARNING] 배치 1026 - 양자화 관련 오류 발생, 스킵
[2025-06-03 21:48:27,326] [WARNING] 배치 1027 - 양자화 관련 오류 발생, 스킵
[2025-06-03 21:48:27,330] [WARNING] 배치 1028 - 양자화 관련 오류 발생, 스킵
[2025-06-03 21:48:27,335] [WARNING] 배치 1029 - 양자화 관련 오류 발생, 스킵
[2025-06-03 21:48:27,341] [WARNING] 배치 1030 - 양자화 관련 오류 발생, 스킵
[2025-06-03 21:48:27,846] [WARNING] 배치 1031 - 양자화 관련 오류 발생, 스킵
[2025-06-03 21:48:27,853] [WARNING] 배치 1032 - 양자화 관련 오류 발생, 스킵
[2025-06-03 21:48:27,859] [WARNING] 배치 1033 - 양자화 관련 오류 발생, 스킵
[2025-06-03 21:48:27,867] [WARNING] 배치 1034 - 양자화 관련 오류 발생, 스킵
[2025-06-03 21:48:29,634] [WARNING] 배치 1035 - 양자화 관련 오류 발생, 스킵
[2025-06-03 21:48:29,642] [WARNING] 배치 1036 - 양자화 관련 오류 발생, 스킵
[2025-06-03 21:48:29,648] [WARNING] 배치 1037 - 양자화 관련 오류 발생, 스킵
[2025-06-03 21:48:29,653] [WARNING] 배치 1038 - 양자화 관련 오류 발생, 스킵
[2025-06-03 21:48:30,297] [WARNING] 배치 1039 - 양자화 관련 오류 발생, 스킵
[2025-06-03 21:48:30,308] [WARNING] 배치 1040 - 양자화 관련 오류 발생, 스킵
[2025-06-03 21:48:30,319] [WARNING] 배치 1041 - 양자화 관련 오류 발생, 스킵
[2025-06-03 21:48:30,329] [WARNING] 배치 1042 - 양자화 관련 오류 발생, 스킵
[2025-06-03 21:48:31,044] [WARNING] 배치 1043 - 양자화 관련 오류 발생, 스킵
[2025-06-03 21:48:31,055] [WARNING] 배치 1044 - 양자화 관련 오류 발생, 스킵
[2025-06-03 21:48:31,071] [WARNING] 배치 1045 - 양자화 관련 오류 발생, 스킵
[2025-06-03 21:48:31,085] [WARNING] 배치 1046 - 양자화 관련 오류 발생, 스킵
[2025-06-03 21:48:31,798] [WARNING] 배치 1047 - 양자화 관련 오류 발생, 스킵
[2025-06-03 21:48:31,814] [WARNING] 배치 1048 - 양자화 관련 오류 발생, 스킵
[2025-06-03 21:48:31,835] [WARNING] 배치 1049 - 양자화 관련 오류 발생, 스킵
[2025-06-03 21:48:31,863] [WARNING] 배치 1050 - 양자화 관련 오류 발생, 스킵
[2025-06-03 21:48:33,077] [WARNING] 배치 1051 - 양자화 관련 오류 발생, 스킵
[2025-06-03 21:48:33,107] [WARNING] 배치 1052 - 양자화 관련 오류 발생, 스킵
[2025-06-03 21:48:33,114] [WARNING] 배치 1053 - 양자화 관련 오류 발생, 스킵
[2025-06-03 21:48:33,119] [WARNING] 배치 1054 - 양자화 관련 오류 발생, 스킵
[2025-06-03 21:48:34,274] [WARNING] 배치 1055 - 양자화 관련 오류 발생, 스킵
[2025-06-03 21:48:34,291] [WARNING] 배치 1056 - 양자화 관련 오류 발생, 스킵
[2025-06-03 21:48:34,297] [WARNING] 배치 1057 - 양자화 관련 오류 발생, 스킵
[2025-06-03 21:48:34,313] [WARNING] 배치 1058 - 양자화 관련 오류 발생, 스킵
[2025-06-03 21:48:35,271] [WARNING] 배치 1059 - 양자화 관련 오류 발생, 스킵
[2025-06-03 21:48:35,286] [WARNING] 배치 1060 - 양자화 관련 오류 발생, 스킵
[2025-06-03 21:48:35,291] [WARNING] 배치 1061 - 양자화 관련 오류 발생, 스킵
[2025-06-03 21:48:35,306] [WARNING] 배치 1062 - 양자화 관련 오류 발생, 스킵
[2025-06-03 21:48:36,183] [WARNING] 배치 1063 - 양자화 관련 오류 발생, 스킵
[2025-06-03 21:48:36,195] [WARNING] 배치 1064 - 양자화 관련 오류 발생, 스킵
[2025-06-03 21:48:36,204] [WARNING] 배치 1065 - 양자화 관련 오류 발생, 스킵
[2025-06-03 21:48:36,219] [WARNING] 배치 1066 - 양자화 관련 오류 발생, 스킵
[2025-06-03 21:48:36,970] [WARNING] 배치 1067 - 양자화 관련 오류 발생, 스킵
[2025-06-03 21:48:36,975] [WARNING] 배치 1068 - 양자화 관련 오류 발생, 스킵
[2025-06-03 21:48:36,984] [WARNING] 배치 1069 - 양자화 관련 오류 발생, 스킵
[2025-06-03 21:48:36,992] [WARNING] 배치 1070 - 양자화 관련 오류 발생, 스킵
[2025-06-03 21:48:37,684] [WARNING] 배치 1071 - 양자화 관련 오류 발생, 스킵
[2025-06-03 21:48:37,695] [WARNING] 배치 1072 - 양자화 관련 오류 발생, 스킵
[2025-06-03 21:48:37,716] [WARNING] 배치 1073 - 양자화 관련 오류 발생, 스킵
[2025-06-03 21:48:37,742] [WARNING] 배치 1074 - 양자화 관련 오류 발생, 스킵
[2025-06-03 21:48:38,942] [WARNING] 배치 1075 - 양자화 관련 오류 발생, 스킵
[2025-06-03 21:48:38,955] [WARNING] 배치 1076 - 양자화 관련 오류 발생, 스킵
[2025-06-03 21:48:38,970] [WARNING] 배치 1077 - 양자화 관련 오류 발생, 스킵
[2025-06-03 21:48:38,977] [WARNING] 배치 1078 - 양자화 관련 오류 발생, 스킵
[2025-06-03 21:48:39,941] [WARNING] 배치 1079 - 양자화 관련 오류 발생, 스킵
[2025-06-03 21:48:39,954] [WARNING] 배치 1080 - 양자화 관련 오류 발생, 스킵
[2025-06-03 21:48:39,970] [WARNING] 배치 1081 - 양자화 관련 오류 발생, 스킵
[2025-06-03 21:48:39,978] [WARNING] 배치 1082 - 양자화 관련 오류 발생, 스킵
[2025-06-03 21:48:41,277] [WARNING] 배치 1083 - 양자화 관련 오류 발생, 스킵
[2025-06-03 21:48:41,288] [WARNING] 배치 1084 - 양자화 관련 오류 발생, 스킵
[2025-06-03 21:48:41,300] [WARNING] 배치 1085 - 양자화 관련 오류 발생, 스킵
[2025-06-03 21:48:41,319] [WARNING] 배치 1086 - 양자화 관련 오류 발생, 스킵
[2025-06-03 21:48:42,403] [WARNING] 배치 1087 - 양자화 관련 오류 발생, 스킵
[2025-06-03 21:48:42,413] [WARNING] 배치 1088 - 양자화 관련 오류 발생, 스킵
[2025-06-03 21:48:42,422] [WARNING] 배치 1089 - 양자화 관련 오류 발생, 스킵
[2025-06-03 21:48:42,435] [WARNING] 배치 1090 - 양자화 관련 오류 발생, 스킵
[2025-06-03 21:48:43,366] [WARNING] 배치 1091 - 양자화 관련 오류 발생, 스킵
[2025-06-03 21:48:43,383] [WARNING] 배치 1092 - 양자화 관련 오류 발생, 스킵
[2025-06-03 21:48:43,397] [WARNING] 배치 1093 - 양자화 관련 오류 발생, 스킵
[2025-06-03 21:48:43,412] [WARNING] 배치 1094 - 양자화 관련 오류 발생, 스킵
[2025-06-03 21:48:44,194] [WARNING] 배치 1095 - 양자화 관련 오류 발생, 스킵
[2025-06-03 21:48:44,217] [WARNING] 배치 1096 - 양자화 관련 오류 발생, 스킵
[2025-06-03 21:48:44,227] [WARNING] 배치 1097 - 양자화 관련 오류 발생, 스킵
[2025-06-03 21:48:44,260] [WARNING] 배치 1098 - 양자화 관련 오류 발생, 스킵
[2025-06-03 21:48:45,610] [WARNING] 배치 1099 - 양자화 관련 오류 발생, 스킵
[2025-06-03 21:48:45,616] [WARNING] 배치 1100 - 양자화 관련 오류 발생, 스킵
[2025-06-03 21:48:45,619] [WARNING] 배치 1101 - 양자화 관련 오류 발생, 스킵
[2025-06-03 21:48:45,622] [WARNING] 배치 1102 - 양자화 관련 오류 발생, 스킵
[2025-06-03 21:48:46,337] [WARNING] 배치 1103 - 양자화 관련 오류 발생, 스킵
[2025-06-03 21:48:46,347] [WARNING] 배치 1104 - 양자화 관련 오류 발생, 스킵
[2025-06-03 21:48:46,362] [WARNING] 배치 1105 - 양자화 관련 오류 발생, 스킵
[2025-06-03 21:48:46,372] [WARNING] 배치 1106 - 양자화 관련 오류 발생, 스킵
[2025-06-03 21:48:47,392] [WARNING] 배치 1107 - 양자화 관련 오류 발생, 스킵
[2025-06-03 21:48:47,400] [WARNING] 배치 1108 - 양자화 관련 오류 발생, 스킵
[2025-06-03 21:48:47,415] [WARNING] 배치 1109 - 양자화 관련 오류 발생, 스킵
[2025-06-03 21:48:47,433] [WARNING] 배치 1110 - 양자화 관련 오류 발생, 스킵
[2025-06-03 21:48:48,819] [WARNING] 배치 1111 - 양자화 관련 오류 발생, 스킵
[2025-06-03 21:48:48,828] [WARNING] 배치 1112 - 양자화 관련 오류 발생, 스킵
[2025-06-03 21:48:48,846] [WARNING] 배치 1113 - 양자화 관련 오류 발생, 스킵
[2025-06-03 21:48:48,863] [WARNING] 배치 1114 - 양자화 관련 오류 발생, 스킵
[2025-06-03 21:48:49,959] [WARNING] 배치 1115 - 양자화 관련 오류 발생, 스킵
[2025-06-03 21:48:49,968] [WARNING] 배치 1116 - 양자화 관련 오류 발생, 스킵
[2025-06-03 21:48:49,973] [WARNING] 배치 1117 - 양자화 관련 오류 발생, 스킵
[2025-06-03 21:48:49,986] [WARNING] 배치 1118 - 양자화 관련 오류 발생, 스킵
[2025-06-03 21:48:52,717] [WARNING] 배치 1119 - 양자화 관련 오류 발생, 스킵
