[2025-06-03 19:47:19,440] [ERROR] 추론 시간 측정 중 오류
Traceback (most recent call last):
  File "/home/minha/raspberrypi/quantization/quantization_mobilenet.py", line 255, in measure_inference_time
    _ = model(dummy_input)
  File "/home/minha/miniconda3/envs/project/lib/python3.10/site-packages/torch/nn/modules/module.py", line 1736, in _wrapped_call_impl
    return self._call_impl(*args, **kwargs)
  File "/home/minha/miniconda3/envs/project/lib/python3.10/site-packages/torch/nn/modules/module.py", line 1747, in _call_impl
    return forward_call(*args, **kwargs)
  File "/home/minha/miniconda3/envs/project/lib/python3.10/site-packages/torchvision/models/mobilenetv3.py", line 220, in forward
    return self._forward_impl(x)
  File "/home/minha/miniconda3/envs/project/lib/python3.10/site-packages/torchvision/models/mobilenetv3.py", line 210, in _forward_impl
    x = self.features(x)
  File "/home/minha/miniconda3/envs/project/lib/python3.10/site-packages/torch/nn/modules/module.py", line 1736, in _wrapped_call_impl
    return self._call_impl(*args, **kwargs)
  File "/home/minha/miniconda3/envs/project/lib/python3.10/site-packages/torch/nn/modules/module.py", line 1747, in _call_impl
    return forward_call(*args, **kwargs)
  File "/home/minha/miniconda3/envs/project/lib/python3.10/site-packages/torch/nn/modules/container.py", line 250, in forward
    input = module(input)
  File "/home/minha/miniconda3/envs/project/lib/python3.10/site-packages/torch/nn/modules/module.py", line 1736, in _wrapped_call_impl
    return self._call_impl(*args, **kwargs)
  File "/home/minha/miniconda3/envs/project/lib/python3.10/site-packages/torch/nn/modules/module.py", line 1747, in _call_impl
    return forward_call(*args, **kwargs)
  File "/home/minha/miniconda3/envs/project/lib/python3.10/site-packages/torch/nn/modules/container.py", line 250, in forward
    input = module(input)
  File "/home/minha/miniconda3/envs/project/lib/python3.10/site-packages/torch/nn/modules/module.py", line 1736, in _wrapped_call_impl
    return self._call_impl(*args, **kwargs)
  File "/home/minha/miniconda3/envs/project/lib/python3.10/site-packages/torch/nn/modules/module.py", line 1747, in _call_impl
    return forward_call(*args, **kwargs)
  File "/home/minha/miniconda3/envs/project/lib/python3.10/site-packages/torch/ao/nn/quantized/modules/conv.py", line 595, in forward
    return ops.quantized.conv2d(
  File "/home/minha/miniconda3/envs/project/lib/python3.10/site-packages/torch/_ops.py", line 1116, in __call__
    return self._op(*args, **(kwargs or {}))
NotImplementedError: Could not run 'quantized::conv2d.new' with arguments from the 'CPU' backend. This could be because the operator doesn't exist for this backend, or was omitted during the selective/custom build process (if using custom build). If you are a Facebook employee using PyTorch on mobile, please visit https://fburl.com/ptmfixes for possible resolutions. 'quantized::conv2d.new' is only available for these backends: [Meta, QuantizedCPU, BackendSelect, Python, FuncTorchDynamicLayerBackMode, Functionalize, Named, Conjugate, Negative, ZeroTensor, ADInplaceOrView, AutogradOther, AutogradCPU, AutogradCUDA, AutogradXLA, AutogradMPS, AutogradXPU, AutogradHPU, AutogradLazy, AutogradMeta, Tracer, AutocastCPU, AutocastXPU, AutocastMPS, AutocastCUDA, FuncTorchBatched, BatchedNestedTensor, FuncTorchVmapMode, Batched, VmapMode, FuncTorchGradWrapper, PythonTLSSnapshot, FuncTorchDynamicLayerFrontMode, PreDispatch, PythonDispatcher].

Meta: registered at /croot/libtorch_1738269269729/work/aten/src/ATen/core/MetaFallbackKernel.cpp:23 [backend fallback]
QuantizedCPU: registered at /croot/libtorch_1738269269729/work/aten/src/ATen/native/quantized/cpu/qconv.cpp:1972 [kernel]
BackendSelect: fallthrough registered at /croot/libtorch_1738269269729/work/aten/src/ATen/core/BackendSelectFallbackKernel.cpp:3 [backend fallback]
Python: registered at /croot/libtorch_1738269269729/work/aten/src/ATen/core/PythonFallbackKernel.cpp:153 [backend fallback]
FuncTorchDynamicLayerBackMode: registered at /croot/libtorch_1738269269729/work/aten/src/ATen/functorch/DynamicLayer.cpp:497 [backend fallback]
Functionalize: registered at /croot/libtorch_1738269269729/work/aten/src/ATen/FunctionalizeFallbackKernel.cpp:349 [backend fallback]
Named: registered at /croot/libtorch_1738269269729/work/aten/src/ATen/core/NamedRegistrations.cpp:7 [backend fallback]
Conjugate: registered at /croot/libtorch_1738269269729/work/aten/src/ATen/ConjugateFallback.cpp:17 [backend fallback]
Negative: registered at /croot/libtorch_1738269269729/work/aten/src/ATen/native/NegateFallback.cpp:18 [backend fallback]
ZeroTensor: registered at /croot/libtorch_1738269269729/work/aten/src/ATen/ZeroTensorFallback.cpp:86 [backend fallback]
ADInplaceOrView: fallthrough registered at /croot/libtorch_1738269269729/work/aten/src/ATen/core/VariableFallbackKernel.cpp:96 [backend fallback]
AutogradOther: registered at /croot/libtorch_1738269269729/work/aten/src/ATen/core/VariableFallbackKernel.cpp:63 [backend fallback]
AutogradCPU: registered at /croot/libtorch_1738269269729/work/aten/src/ATen/core/VariableFallbackKernel.cpp:67 [backend fallback]
AutogradCUDA: registered at /croot/libtorch_1738269269729/work/aten/src/ATen/core/VariableFallbackKernel.cpp:75 [backend fallback]
AutogradXLA: registered at /croot/libtorch_1738269269729/work/aten/src/ATen/core/VariableFallbackKernel.cpp:79 [backend fallback]
AutogradMPS: registered at /croot/libtorch_1738269269729/work/aten/src/ATen/core/VariableFallbackKernel.cpp:87 [backend fallback]
AutogradXPU: registered at /croot/libtorch_1738269269729/work/aten/src/ATen/core/VariableFallbackKernel.cpp:71 [backend fallback]
AutogradHPU: registered at /croot/libtorch_1738269269729/work/aten/src/ATen/core/VariableFallbackKernel.cpp:100 [backend fallback]
AutogradLazy: registered at /croot/libtorch_1738269269729/work/aten/src/ATen/core/VariableFallbackKernel.cpp:83 [backend fallback]
AutogradMeta: registered at /croot/libtorch_1738269269729/work/aten/src/ATen/core/VariableFallbackKernel.cpp:91 [backend fallback]
Tracer: registered at /croot/libtorch_1738269269729/work/torch/csrc/autograd/TraceTypeManual.cpp:294 [backend fallback]
AutocastCPU: fallthrough registered at /croot/libtorch_1738269269729/work/aten/src/ATen/autocast_mode.cpp:321 [backend fallback]
AutocastXPU: fallthrough registered at /croot/libtorch_1738269269729/work/aten/src/ATen/autocast_mode.cpp:463 [backend fallback]
AutocastMPS: fallthrough registered at /croot/libtorch_1738269269729/work/aten/src/ATen/autocast_mode.cpp:209 [backend fallback]
AutocastCUDA: fallthrough registered at /croot/libtorch_1738269269729/work/aten/src/ATen/autocast_mode.cpp:165 [backend fallback]
FuncTorchBatched: registered at /croot/libtorch_1738269269729/work/aten/src/ATen/functorch/LegacyBatchingRegistrations.cpp:731 [backend fallback]
BatchedNestedTensor: registered at /croot/libtorch_1738269269729/work/aten/src/ATen/functorch/LegacyBatchingRegistrations.cpp:758 [backend fallback]
FuncTorchVmapMode: fallthrough registered at /croot/libtorch_1738269269729/work/aten/src/ATen/functorch/VmapModeRegistrations.cpp:27 [backend fallback]
Batched: registered at /croot/libtorch_1738269269729/work/aten/src/ATen/LegacyBatchingRegistrations.cpp:1075 [backend fallback]
VmapMode: fallthrough registered at /croot/libtorch_1738269269729/work/aten/src/ATen/VmapModeRegistrations.cpp:33 [backend fallback]
FuncTorchGradWrapper: registered at /croot/libtorch_1738269269729/work/aten/src/ATen/functorch/TensorWrapper.cpp:207 [backend fallback]
PythonTLSSnapshot: registered at /croot/libtorch_1738269269729/work/aten/src/ATen/core/PythonFallbackKernel.cpp:161 [backend fallback]
FuncTorchDynamicLayerFrontMode: registered at /croot/libtorch_1738269269729/work/aten/src/ATen/functorch/DynamicLayer.cpp:493 [backend fallback]
PreDispatch: registered at /croot/libtorch_1738269269729/work/aten/src/ATen/core/PythonFallbackKernel.cpp:165 [backend fallback]
PythonDispatcher: registered at /croot/libtorch_1738269269729/work/aten/src/ATen/core/PythonFallbackKernel.cpp:157 [backend fallback]

