[2025-06-03 22:13:18,014] [INFO] ============================================================
[2025-06-03 22:13:18,014] [INFO] 양자화 로거 초기화
[2025-06-03 22:13:18,014] [INFO] 로그 디렉토리: quantization_results/mobilenet_v3_large_20250603_221318
[2025-06-03 22:13:18,014] [INFO] ============================================================
[2025-06-03 22:13:18,014] [INFO] MobileNetQuantization 초기화: mobilenet_v3_large
[2025-06-03 22:13:18,014] [INFO] PyTorch 버전: 2.4.0
[2025-06-03 22:13:18,014] [INFO] 모델 로드 중: mobilenet_v3_large
[2025-06-03 22:13:18,277] [INFO] 모델 아키텍처: mobilenet_v3_large
[2025-06-03 22:13:18,278] [INFO] 파라미터 수: 5,483,032
[2025-06-03 22:13:18,279] [INFO] 모델 로드 성공
[2025-06-03 22:13:18,279] [INFO] ============================================================
[2025-06-03 22:13:18,279] [INFO] 데이터 로더 준비 시작
[2025-06-03 22:13:18,879] [INFO] 학습 데이터: 100000 샘플
[2025-06-03 22:13:18,879] [INFO] 검증 데이터: 50000 샘플
[2025-06-03 22:13:18,879] [INFO] 클래스 수: 1000
[2025-06-03 22:13:18,880] [INFO] 원본 모델 평가 시작...
[2025-06-03 22:14:24,803] [INFO] 원본 모델 평가 완료 - 정확도: 88.62%
[2025-06-03 22:14:24,804] [INFO] 성공한 배치: 100, 실패한 배치: 0
[2025-06-03 22:14:24,913] [INFO] 모델 크기: 21.11 MB
[2025-06-03 22:14:24,913] [INFO] 추론 시간 측정 시작...
[2025-06-03 22:14:26,178] [INFO] 평균 추론 시간: 106.51 ms
[2025-06-03 22:14:26,895] [INFO] 양자화 모델 평가 시작...
[2025-06-03 22:16:08,476] [INFO] 양자화 모델 평가 완료 - 정확도: 88.56%
[2025-06-03 22:16:08,477] [INFO] 성공한 배치: 100, 실패한 배치: 0
[2025-06-03 22:16:08,625] [INFO] 모델 크기: 13.93 MB
[2025-06-03 22:16:08,627] [INFO] 추론 시간 측정 시작...
[2025-06-03 22:16:11,199] [INFO] 평균 추론 시간: 178.95 ms
[2025-06-03 22:16:11,203] [INFO] 
=== 결과 저장 중 ===
[2025-06-03 22:16:11,499] [INFO] 양자화 모델 저장: quantization_results/mobilenet_v3_large_20250603_221318/mobilenet_v3_large_quantized_dynamic.pth
[2025-06-03 22:16:11,503] [INFO] 결과 데이터 저장: quantization_results/mobilenet_v3_large_20250603_221318/quantization_results.json
[2025-06-03 22:16:11,504] [INFO] 요약 저장: quantization_results/mobilenet_v3_large_20250603_221318/summary.txt
[2025-06-03 22:16:12,439] [INFO] 결과 그래프 저장 완료
